[0.052s] Invoking command in '/home/simpson/Projects/ROS2/test1/build/my_interfaces': CMAKE_PREFIX_PATH=${CMAKE_PREFIX_PATH}:/opt/ros/foxy /usr/bin/cmake --build /home/simpson/Projects/ROS2/test1/build/my_interfaces -- -j8 -l8
[0.145s] -- Found ament_cmake: 0.9.11 (/opt/ros/foxy/share/ament_cmake/cmake)
[0.184s] -- Found PythonInterp: /usr/bin/python3 (found suitable version "3.8.10", minimum required is "3") 
[0.185s] -- Using PYTHON_EXECUTABLE: /usr/bin/python3
[0.488s] -- Found geometry_msgs: 2.0.5 (/opt/ros/foxy/share/geometry_msgs/cmake)
[0.533s] -- Using all available rosidl_typesupport_c: rosidl_typesupport_fastrtps_c;rosidl_typesupport_introspection_c
[0.539s] -- Found rosidl_adapter: 1.3.0 (/opt/ros/foxy/share/rosidl_adapter/cmake)
[0.984s] -- Using all available rosidl_typesupport_cpp: rosidl_typesupport_fastrtps_cpp;rosidl_typesupport_introspection_cpp
[1.064s] -- Found rosidl_default_generators: 1.0.1 (/opt/ros/foxy/share/rosidl_default_generators/cmake)
[1.123s] -- Found PythonInterp: /usr/bin/python3 (found version "3.8.10") 
[2.642s] CMake Error at /opt/ros/foxy/share/rosidl_adapter/cmake/rosidl_adapt_interfaces.cmake:60 (message):
[2.642s]   execute_process(/usr/bin/python3 -m rosidl_adapter --package-name
[2.642s]   my_interfaces --arguments-file
[2.642s]   /home/simpson/Projects/ROS2/test1/build/my_interfaces/rosidl_adapter__arguments__my_interfaces.json
[2.642s]   --output-dir
[2.642s]   /home/simpson/Projects/ROS2/test1/build/my_interfaces/rosidl_adapter/my_interfaces
[2.642s]   --output-file
[2.642s]   /home/simpson/Projects/ROS2/test1/build/my_interfaces/rosidl_adapter/my_interfaces.idls)
[2.642s]   returned error code 1:
[2.643s] 
[2.643s]   Error processing 'geometry_msgs/msg/Point center' of
[2.643s]   'my_interfaces/Sphere': 'geometry_msgs/msg/Point'
[2.643s] 
[2.643s]   Traceback (most recent call last):
[2.643s] 
[2.643s]     File "/usr/lib/python3.8/runpy.py", line 194, in _run_module_as_main
[2.643s]       return _run_code(code, main_globals, None,
[2.644s]     File "/usr/lib/python3.8/runpy.py", line 87, in _run_code
[2.644s]       exec(code, run_globals)
[2.644s]     File "/opt/ros/foxy/lib/python3.8/site-packages/rosidl_adapter/__main__.py", line 19, in <module>
[2.644s]       sys.exit(main())
[2.644s]     File "/opt/ros/foxy/lib/python3.8/site-packages/rosidl_adapter/main.py", line 53, in main
[2.644s]       abs_idl_file = convert_to_idl(
[2.644s]     File "/opt/ros/foxy/lib/python3.8/site-packages/rosidl_adapter/__init__.py", line 19, in convert_to_idl
[2.644s]       return convert_msg_to_idl(
[2.645s]     File "/opt/ros/foxy/lib/python3.8/site-packages/rosidl_adapter/msg/__init__.py", line 28, in convert_msg_to_idl
[2.645s]       msg = parse_message_string(package_name, input_file.stem, content)
[2.645s]     File "/opt/ros/foxy/lib/python3.8/site-packages/rosidl_adapter/parser.py", line 516, in parse_message_string
[2.645s]       Type(type_string, context_package_name=pkg_name),
[2.645s]     File "/opt/ros/foxy/lib/python3.8/site-packages/rosidl_adapter/parser.py", line 276, in __init__
[2.645s]       super(Type, self).__init__(
[2.645s]     File "/opt/ros/foxy/lib/python3.8/site-packages/rosidl_adapter/parser.py", line 189, in __init__
[2.645s]       raise InvalidResourceName(type_string)
[2.645s] 
[2.646s]   rosidl_adapter.parser.InvalidResourceName: geometry_msgs/msg/Point
[2.646s] 
[2.646s] Call Stack (most recent call first):
[2.646s]   /opt/ros/foxy/share/rosidl_cmake/cmake/rosidl_generate_interfaces.cmake:130 (rosidl_adapt_interfaces)
[2.646s]   CMakeLists.txt:25 (rosidl_generate_interfaces)
[2.647s] 
[2.647s] 
[2.648s] -- Configuring incomplete, errors occurred!
[2.648s] See also "/home/simpson/Projects/ROS2/test1/build/my_interfaces/CMakeFiles/CMakeOutput.log".
[2.657s] make: *** [Makefile:1228: cmake_check_build_system] Error 1
[2.661s] Invoked command in '/home/simpson/Projects/ROS2/test1/build/my_interfaces' returned '2': CMAKE_PREFIX_PATH=${CMAKE_PREFIX_PATH}:/opt/ros/foxy /usr/bin/cmake --build /home/simpson/Projects/ROS2/test1/build/my_interfaces -- -j8 -l8
