[0.078s] Invoking command in '/home/simpson/Projects/ROS2/test1/build/cpp_srvcli': CMAKE_PREFIX_PATH=/home/simpson/Projects/ROS2/test1/install/my_interfaces:/home/simpson/Projects/ROS2/test1/install/cpp_pubsub:/opt/ros/foxy /usr/bin/cmake /home/simpson/Projects/ROS2/test1/src/cpp_srvcli -DCMAKE_INSTALL_PREFIX=/home/simpson/Projects/ROS2/test1/install/cpp_srvcli
[0.301s] -- The C compiler identification is GNU 9.4.0
[0.492s] -- The CXX compiler identification is GNU 9.4.0
[0.512s] -- Check for working C compiler: /usr/bin/cc
[0.851s] -- Check for working C compiler: /usr/bin/cc -- works
[0.853s] -- Detecting C compiler ABI info
[1.186s] -- Detecting C compiler ABI info - done
[1.201s] -- Detecting C compile features
[1.201s] -- Detecting C compile features - done
[1.213s] -- Check for working CXX compiler: /usr/bin/c++
[1.569s] -- Check for working CXX compiler: /usr/bin/c++ -- works
[1.572s] -- Detecting CXX compiler ABI info
[1.921s] -- Detecting CXX compiler ABI info - done
[1.934s] -- Detecting CXX compile features
[1.935s] -- Detecting CXX compile features - done
[1.950s] -- Found ament_cmake: 0.9.11 (/opt/ros/foxy/share/ament_cmake/cmake)
[1.995s] -- Found PythonInterp: /usr/bin/python3 (found suitable version "3.8.10", minimum required is "3") 
[1.996s] -- Using PYTHON_EXECUTABLE: /usr/bin/python3
[2.377s] -- Found rclcpp: 2.4.2 (/opt/ros/foxy/share/rclcpp/cmake)
[2.492s] -- Using all available rosidl_typesupport_c: rosidl_typesupport_fastrtps_c;rosidl_typesupport_introspection_c
[2.505s] -- Found rosidl_adapter: 1.3.0 (/opt/ros/foxy/share/rosidl_adapter/cmake)
[2.955s] -- Found OpenSSL: /usr/lib/x86_64-linux-gnu/libcrypto.so (found version "1.1.1f")  
[3.077s] -- Found FastRTPS: /opt/ros/foxy/include  
[3.544s] -- Using all available rosidl_typesupport_cpp: rosidl_typesupport_fastrtps_cpp;rosidl_typesupport_introspection_cpp
[3.692s] -- Found rmw_implementation_cmake: 1.0.3 (/opt/ros/foxy/share/rmw_implementation_cmake/cmake)
[3.696s] -- Using RMW implementation 'rmw_fastrtps_cpp' as default
[3.706s] -- Looking for pthread.h
[4.058s] -- Looking for pthread.h - found
[4.060s] -- Performing Test CMAKE_HAVE_LIBC_PTHREAD
[4.418s] -- Performing Test CMAKE_HAVE_LIBC_PTHREAD - Failed
[4.419s] -- Looking for pthread_create in pthreads
[4.785s] -- Looking for pthread_create in pthreads - not found
[4.786s] -- Looking for pthread_create in pthread
[5.121s] -- Looking for pthread_create in pthread - found
[5.123s] -- Found Threads: TRUE  
[5.393s] -- Found my_interfaces: 0.0.0 (/home/simpson/Projects/ROS2/test1/install/my_interfaces/share/my_interfaces/cmake)
[5.571s] -- Found ament_lint_auto: 0.9.7 (/opt/ros/foxy/share/ament_lint_auto/cmake)
[5.751s] CMake Error at /opt/ros/foxy/share/ament_cmake_target_dependencies/cmake/ament_target_dependencies.cmake:77 (message):
[5.751s]   ament_target_dependencies() the passed package name 'example_interfaces'
[5.751s]   was not found before
[5.752s] Call Stack (most recent call first):
[5.752s]   CMakeLists.txt:35 (ament_target_dependencies)
[5.752s] 
[5.752s] 
[5.755s] -- Configuring incomplete, errors occurred!
[5.756s] See also "/home/simpson/Projects/ROS2/test1/build/cpp_srvcli/CMakeFiles/CMakeOutput.log".
[5.756s] See also "/home/simpson/Projects/ROS2/test1/build/cpp_srvcli/CMakeFiles/CMakeError.log".
[5.772s] Invoked command in '/home/simpson/Projects/ROS2/test1/build/cpp_srvcli' returned '1': CMAKE_PREFIX_PATH=/home/simpson/Projects/ROS2/test1/install/my_interfaces:/home/simpson/Projects/ROS2/test1/install/cpp_pubsub:/opt/ros/foxy /usr/bin/cmake /home/simpson/Projects/ROS2/test1/src/cpp_srvcli -DCMAKE_INSTALL_PREFIX=/home/simpson/Projects/ROS2/test1/install/cpp_srvcli
