[0.194s] DEBUG:colcon:Command line arguments: ['/usr/bin/colcon', 'build', '--packages-select', 'cpp_srvcli']
[0.195s] DEBUG:colcon:Parsed command line arguments: Namespace(allow_overriding=[], ament_cmake_args=None, base_paths=['.'], build_base='build', catkin_cmake_args=None, catkin_skip_building_tests=False, cmake_args=None, cmake_clean_cache=False, cmake_clean_first=False, cmake_force_configure=False, cmake_target=None, cmake_target_skip_unavailable=False, continue_on_error=False, event_handlers=None, executor='parallel', ignore_user_meta=False, install_base='install', log_base=None, log_level=None, main=<bound method BuildVerb.main of <colcon_core.verb.build.BuildVerb object at 0x7f36c10647c0>>, merge_install=False, metas=['./colcon.meta'], packages_above=None, packages_above_and_dependencies=None, packages_above_depth=None, packages_end=None, packages_ignore=None, packages_ignore_regex=None, packages_select=['cpp_srvcli'], packages_select_build_failed=False, packages_select_by_dep=None, packages_select_regex=None, packages_select_test_failures=False, packages_skip=None, packages_skip_build_finished=False, packages_skip_by_dep=None, packages_skip_regex=None, packages_skip_test_passed=False, packages_skip_up_to=None, packages_start=None, packages_up_to=None, packages_up_to_regex=None, parallel_workers=8, paths=None, symlink_install=False, test_result_base=None, verb_extension=<colcon_core.verb.build.BuildVerb object at 0x7f36c10647c0>, verb_name='build', verb_parser=<colcon_defaults.argument_parser.defaults.DefaultArgumentsDecorator object at 0x7f36c1064d30>)
[0.227s] Level 1:colcon.colcon_core.package_discovery:discover_packages(colcon_meta) check parameters
[0.227s] Level 1:colcon.colcon_core.package_discovery:discover_packages(recursive) check parameters
[0.227s] Level 1:colcon.colcon_core.package_discovery:discover_packages(ignore) check parameters
[0.227s] Level 1:colcon.colcon_core.package_discovery:discover_packages(path) check parameters
[0.227s] Level 1:colcon.colcon_core.package_discovery:discover_packages(colcon_meta) discover
[0.227s] Level 1:colcon.colcon_core.package_discovery:discover_packages(recursive) discover
[0.227s] INFO:colcon.colcon_core.package_discovery:Crawling recursively for packages in '/home/simpson/Projects/ROS2/test1'
[0.227s] Level 1:colcon.colcon_core.package_identification:_identify(.) by extensions ['ignore', 'ignore_ament_install']
[0.227s] Level 1:colcon.colcon_core.package_identification:_identify(.) by extension 'ignore'
[0.228s] Level 1:colcon.colcon_core.package_identification:_identify(.) by extension 'ignore_ament_install'
[0.228s] Level 1:colcon.colcon_core.package_identification:_identify(.) by extensions ['colcon_pkg']
[0.228s] Level 1:colcon.colcon_core.package_identification:_identify(.) by extension 'colcon_pkg'
[0.228s] Level 1:colcon.colcon_core.package_identification:_identify(.) by extensions ['colcon_meta']
[0.228s] Level 1:colcon.colcon_core.package_identification:_identify(.) by extension 'colcon_meta'
[0.228s] Level 1:colcon.colcon_core.package_identification:_identify(.) by extensions ['ros']
[0.228s] Level 1:colcon.colcon_core.package_identification:_identify(.) by extension 'ros'
[0.239s] Level 1:colcon.colcon_core.package_identification:_identify(.) by extensions ['cmake', 'python']
[0.239s] Level 1:colcon.colcon_core.package_identification:_identify(.) by extension 'cmake'
[0.239s] Level 1:colcon.colcon_core.package_identification:_identify(.) by extension 'python'
[0.239s] Level 1:colcon.colcon_core.package_identification:_identify(.) by extensions ['python_setup_py']
[0.240s] Level 1:colcon.colcon_core.package_identification:_identify(.) by extension 'python_setup_py'
[0.240s] Level 1:colcon.colcon_core.package_identification:_identify(build) by extensions ['ignore', 'ignore_ament_install']
[0.240s] Level 1:colcon.colcon_core.package_identification:_identify(build) by extension 'ignore'
[0.240s] Level 1:colcon.colcon_core.package_identification:_identify(build) ignored
[0.240s] Level 1:colcon.colcon_core.package_identification:_identify(install) by extensions ['ignore', 'ignore_ament_install']
[0.240s] Level 1:colcon.colcon_core.package_identification:_identify(install) by extension 'ignore'
[0.240s] Level 1:colcon.colcon_core.package_identification:_identify(install) ignored
[0.241s] Level 1:colcon.colcon_core.package_identification:_identify(log) by extensions ['ignore', 'ignore_ament_install']
[0.241s] Level 1:colcon.colcon_core.package_identification:_identify(log) by extension 'ignore'
[0.241s] Level 1:colcon.colcon_core.package_identification:_identify(log) ignored
[0.241s] Level 1:colcon.colcon_core.package_identification:_identify(src) by extensions ['ignore', 'ignore_ament_install']
[0.241s] Level 1:colcon.colcon_core.package_identification:_identify(src) by extension 'ignore'
[0.241s] Level 1:colcon.colcon_core.package_identification:_identify(src) by extension 'ignore_ament_install'
[0.241s] Level 1:colcon.colcon_core.package_identification:_identify(src) by extensions ['colcon_pkg']
[0.241s] Level 1:colcon.colcon_core.package_identification:_identify(src) by extension 'colcon_pkg'
[0.241s] Level 1:colcon.colcon_core.package_identification:_identify(src) by extensions ['colcon_meta']
[0.241s] Level 1:colcon.colcon_core.package_identification:_identify(src) by extension 'colcon_meta'
[0.241s] Level 1:colcon.colcon_core.package_identification:_identify(src) by extensions ['ros']
[0.241s] Level 1:colcon.colcon_core.package_identification:_identify(src) by extension 'ros'
[0.242s] Level 1:colcon.colcon_core.package_identification:_identify(src) by extensions ['cmake', 'python']
[0.242s] Level 1:colcon.colcon_core.package_identification:_identify(src) by extension 'cmake'
[0.242s] Level 1:colcon.colcon_core.package_identification:_identify(src) by extension 'python'
[0.242s] Level 1:colcon.colcon_core.package_identification:_identify(src) by extensions ['python_setup_py']
[0.242s] Level 1:colcon.colcon_core.package_identification:_identify(src) by extension 'python_setup_py'
[0.242s] Level 1:colcon.colcon_core.package_identification:_identify(src/cpp_pubsub) by extensions ['ignore', 'ignore_ament_install']
[0.242s] Level 1:colcon.colcon_core.package_identification:_identify(src/cpp_pubsub) by extension 'ignore'
[0.242s] Level 1:colcon.colcon_core.package_identification:_identify(src/cpp_pubsub) by extension 'ignore_ament_install'
[0.242s] Level 1:colcon.colcon_core.package_identification:_identify(src/cpp_pubsub) by extensions ['colcon_pkg']
[0.242s] Level 1:colcon.colcon_core.package_identification:_identify(src/cpp_pubsub) by extension 'colcon_pkg'
[0.242s] Level 1:colcon.colcon_core.package_identification:_identify(src/cpp_pubsub) by extensions ['colcon_meta']
[0.242s] Level 1:colcon.colcon_core.package_identification:_identify(src/cpp_pubsub) by extension 'colcon_meta'
[0.243s] Level 1:colcon.colcon_core.package_identification:_identify(src/cpp_pubsub) by extensions ['ros']
[0.243s] Level 1:colcon.colcon_core.package_identification:_identify(src/cpp_pubsub) by extension 'ros'
[0.245s] DEBUG:colcon.colcon_core.package_identification:Package 'src/cpp_pubsub' with type 'ros.ament_cmake' and name 'cpp_pubsub'
[0.246s] Level 1:colcon.colcon_core.package_identification:_identify(src/cpp_srvcli) by extensions ['ignore', 'ignore_ament_install']
[0.246s] Level 1:colcon.colcon_core.package_identification:_identify(src/cpp_srvcli) by extension 'ignore'
[0.246s] Level 1:colcon.colcon_core.package_identification:_identify(src/cpp_srvcli) by extension 'ignore_ament_install'
[0.246s] Level 1:colcon.colcon_core.package_identification:_identify(src/cpp_srvcli) by extensions ['colcon_pkg']
[0.246s] Level 1:colcon.colcon_core.package_identification:_identify(src/cpp_srvcli) by extension 'colcon_pkg'
[0.246s] Level 1:colcon.colcon_core.package_identification:_identify(src/cpp_srvcli) by extensions ['colcon_meta']
[0.246s] Level 1:colcon.colcon_core.package_identification:_identify(src/cpp_srvcli) by extension 'colcon_meta'
[0.246s] Level 1:colcon.colcon_core.package_identification:_identify(src/cpp_srvcli) by extensions ['ros']
[0.246s] Level 1:colcon.colcon_core.package_identification:_identify(src/cpp_srvcli) by extension 'ros'
[0.247s] DEBUG:colcon.colcon_core.package_identification:Package 'src/cpp_srvcli' with type 'ros.ament_cmake' and name 'cpp_srvcli'
[0.247s] Level 1:colcon.colcon_core.package_identification:_identify(src/my_interfaces) by extensions ['ignore', 'ignore_ament_install']
[0.247s] Level 1:colcon.colcon_core.package_identification:_identify(src/my_interfaces) by extension 'ignore'
[0.248s] Level 1:colcon.colcon_core.package_identification:_identify(src/my_interfaces) by extension 'ignore_ament_install'
[0.248s] Level 1:colcon.colcon_core.package_identification:_identify(src/my_interfaces) by extensions ['colcon_pkg']
[0.248s] Level 1:colcon.colcon_core.package_identification:_identify(src/my_interfaces) by extension 'colcon_pkg'
[0.248s] Level 1:colcon.colcon_core.package_identification:_identify(src/my_interfaces) by extensions ['colcon_meta']
[0.248s] Level 1:colcon.colcon_core.package_identification:_identify(src/my_interfaces) by extension 'colcon_meta'
[0.248s] Level 1:colcon.colcon_core.package_identification:_identify(src/my_interfaces) by extensions ['ros']
[0.248s] Level 1:colcon.colcon_core.package_identification:_identify(src/my_interfaces) by extension 'ros'
[0.249s] DEBUG:colcon.colcon_core.package_identification:Package 'src/my_interfaces' with type 'ros.ament_cmake' and name 'my_interfaces'
[0.249s] Level 1:colcon.colcon_core.package_discovery:discover_packages(recursive) using defaults
[0.249s] Level 1:colcon.colcon_core.package_discovery:discover_packages(ignore) discover
[0.249s] Level 1:colcon.colcon_core.package_discovery:discover_packages(ignore) using defaults
[0.249s] Level 1:colcon.colcon_core.package_discovery:discover_packages(path) discover
[0.249s] Level 1:colcon.colcon_core.package_discovery:discover_packages(path) using defaults
[0.278s] INFO:colcon.colcon_core.package_selection:Skipping not selected package 'my_interfaces' in 'src/my_interfaces'
[0.279s] INFO:colcon.colcon_core.package_selection:Skipping not selected package 'cpp_pubsub' in 'src/cpp_pubsub'
[0.279s] Level 1:colcon.colcon_core.package_discovery:discover_packages(prefix_path) check parameters
[0.279s] Level 1:colcon.colcon_core.package_discovery:discover_packages(prefix_path) discover
[0.281s] WARNING:colcon.colcon_ros.prefix_path.ament:The path '/home/simpson/Projects/ROS2/test1/install/cpp_pubsub' in the environment variable AMENT_PREFIX_PATH doesn't exist
[0.282s] WARNING:colcon.colcon_ros.prefix_path.catkin:The path '/home/simpson/Projects/ROS2/test1/install/cpp_pubsub' in the environment variable CMAKE_PREFIX_PATH doesn't exist
[0.284s] DEBUG:colcon.colcon_installed_package_information.package_discovery:Found 1 installed packages in /home/simpson/Projects/ROS2/test1/install
[0.286s] DEBUG:colcon.colcon_installed_package_information.package_discovery:Found 257 installed packages in /opt/ros/foxy
[0.287s] Level 1:colcon.colcon_core.package_discovery:discover_packages(prefix_path) using defaults
[0.387s] Level 5:colcon.colcon_core.verb:set package 'cpp_srvcli' build argument 'cmake_args' from command line to 'None'
[0.387s] Level 5:colcon.colcon_core.verb:set package 'cpp_srvcli' build argument 'cmake_target' from command line to 'None'
[0.387s] Level 5:colcon.colcon_core.verb:set package 'cpp_srvcli' build argument 'cmake_target_skip_unavailable' from command line to 'False'
[0.387s] Level 5:colcon.colcon_core.verb:set package 'cpp_srvcli' build argument 'cmake_clean_cache' from command line to 'False'
[0.387s] Level 5:colcon.colcon_core.verb:set package 'cpp_srvcli' build argument 'cmake_clean_first' from command line to 'False'
[0.387s] Level 5:colcon.colcon_core.verb:set package 'cpp_srvcli' build argument 'cmake_force_configure' from command line to 'False'
[0.387s] Level 5:colcon.colcon_core.verb:set package 'cpp_srvcli' build argument 'ament_cmake_args' from command line to 'None'
[0.387s] Level 5:colcon.colcon_core.verb:set package 'cpp_srvcli' build argument 'catkin_cmake_args' from command line to 'None'
[0.388s] Level 5:colcon.colcon_core.verb:set package 'cpp_srvcli' build argument 'catkin_skip_building_tests' from command line to 'False'
[0.388s] DEBUG:colcon.colcon_core.verb:Building package 'cpp_srvcli' with the following arguments: {'ament_cmake_args': None, 'build_base': '/home/simpson/Projects/ROS2/test1/build/cpp_srvcli', 'catkin_cmake_args': None, 'catkin_skip_building_tests': False, 'cmake_args': None, 'cmake_clean_cache': False, 'cmake_clean_first': False, 'cmake_force_configure': False, 'cmake_target': None, 'cmake_target_skip_unavailable': False, 'install_base': '/home/simpson/Projects/ROS2/test1/install/cpp_srvcli', 'merge_install': False, 'path': '/home/simpson/Projects/ROS2/test1/src/cpp_srvcli', 'symlink_install': False, 'test_result_base': None}
[0.388s] INFO:colcon.colcon_core.executor:Executing jobs using 'parallel' executor
[0.391s] DEBUG:colcon.colcon_parallel_executor.executor.parallel:run_until_complete
[0.392s] INFO:colcon.colcon_ros.task.ament_cmake.build:Building ROS package in '/home/simpson/Projects/ROS2/test1/src/cpp_srvcli' with build type 'ament_cmake'
[0.392s] INFO:colcon.colcon_cmake.task.cmake.build:Building CMake package in '/home/simpson/Projects/ROS2/test1/src/cpp_srvcli'
[0.399s] INFO:colcon.colcon_core.plugin_system:Skipping extension 'colcon_core.shell.bat': Not used on non-Windows systems
[0.399s] INFO:colcon.colcon_core.shell:Skip shell extension 'powershell' for command environment: Not usable outside of PowerShell
[0.399s] DEBUG:colcon.colcon_core.shell:Skip shell extension 'dsv' for command environment
[0.472s] DEBUG:colcon.colcon_core.event_handler.log_command:Invoking command in '/home/simpson/Projects/ROS2/test1/build/cpp_srvcli': CMAKE_PREFIX_PATH=/home/simpson/Projects/ROS2/test1/install/my_interfaces:/home/simpson/Projects/ROS2/test1/install/cpp_pubsub:/opt/ros/foxy /usr/bin/cmake /home/simpson/Projects/ROS2/test1/src/cpp_srvcli -DCMAKE_INSTALL_PREFIX=/home/simpson/Projects/ROS2/test1/install/cpp_srvcli
[6.185s] DEBUG:colcon.colcon_core.event_handler.log_command:Invoked command in '/home/simpson/Projects/ROS2/test1/build/cpp_srvcli' returned '0': CMAKE_PREFIX_PATH=/home/simpson/Projects/ROS2/test1/install/my_interfaces:/home/simpson/Projects/ROS2/test1/install/cpp_pubsub:/opt/ros/foxy /usr/bin/cmake /home/simpson/Projects/ROS2/test1/src/cpp_srvcli -DCMAKE_INSTALL_PREFIX=/home/simpson/Projects/ROS2/test1/install/cpp_srvcli
[6.194s] DEBUG:colcon.colcon_core.event_handler.log_command:Invoking command in '/home/simpson/Projects/ROS2/test1/build/cpp_srvcli': CMAKE_PREFIX_PATH=/home/simpson/Projects/ROS2/test1/install/my_interfaces:/home/simpson/Projects/ROS2/test1/install/cpp_pubsub:/opt/ros/foxy /usr/bin/cmake --build /home/simpson/Projects/ROS2/test1/build/cpp_srvcli -- -j8 -l8
[9.382s] DEBUG:colcon.colcon_core.event_handler.log_command:Invoked command in '/home/simpson/Projects/ROS2/test1/build/cpp_srvcli' returned '0': CMAKE_PREFIX_PATH=/home/simpson/Projects/ROS2/test1/install/my_interfaces:/home/simpson/Projects/ROS2/test1/install/cpp_pubsub:/opt/ros/foxy /usr/bin/cmake --build /home/simpson/Projects/ROS2/test1/build/cpp_srvcli -- -j8 -l8
[9.631s] DEBUG:colcon.colcon_core.event_handler.log_command:Invoking command in '/home/simpson/Projects/ROS2/test1/build/cpp_srvcli': CMAKE_PREFIX_PATH=/home/simpson/Projects/ROS2/test1/install/my_interfaces:/home/simpson/Projects/ROS2/test1/install/cpp_pubsub:/opt/ros/foxy /usr/bin/cmake --install /home/simpson/Projects/ROS2/test1/build/cpp_srvcli
[9.762s] Level 1:colcon.colcon_core.environment:create_environment_scripts_only(cpp_srvcli)
[9.763s] DEBUG:colcon.colcon_core.event_handler.log_command:Invoked command in '/home/simpson/Projects/ROS2/test1/build/cpp_srvcli' returned '0': CMAKE_PREFIX_PATH=/home/simpson/Projects/ROS2/test1/install/my_interfaces:/home/simpson/Projects/ROS2/test1/install/cpp_pubsub:/opt/ros/foxy /usr/bin/cmake --install /home/simpson/Projects/ROS2/test1/build/cpp_srvcli
[9.772s] Level 1:colcon.colcon_core.environment:checking '/home/simpson/Projects/ROS2/test1/install/cpp_srvcli' for CMake module files
[9.774s] Level 1:colcon.colcon_core.environment:checking '/home/simpson/Projects/ROS2/test1/install/cpp_srvcli' for CMake config files
[9.775s] Level 1:colcon.colcon_core.shell:create_environment_hook('cpp_srvcli', 'cmake_prefix_path')
[9.776s] INFO:colcon.colcon_core.shell:Creating environment hook '/home/simpson/Projects/ROS2/test1/install/cpp_srvcli/share/cpp_srvcli/hook/cmake_prefix_path.ps1'
[9.779s] INFO:colcon.colcon_core.shell:Creating environment descriptor '/home/simpson/Projects/ROS2/test1/install/cpp_srvcli/share/cpp_srvcli/hook/cmake_prefix_path.dsv'
[9.782s] INFO:colcon.colcon_core.shell:Creating environment hook '/home/simpson/Projects/ROS2/test1/install/cpp_srvcli/share/cpp_srvcli/hook/cmake_prefix_path.sh'
[9.785s] Level 1:colcon.colcon_core.environment:checking '/home/simpson/Projects/ROS2/test1/install/cpp_srvcli/lib'
[9.785s] Level 1:colcon.colcon_core.environment:checking '/home/simpson/Projects/ROS2/test1/install/cpp_srvcli/bin'
[9.785s] Level 1:colcon.colcon_core.environment:checking '/home/simpson/Projects/ROS2/test1/install/cpp_srvcli/lib/pkgconfig/cpp_srvcli.pc'
[9.785s] Level 1:colcon.colcon_core.environment:checking '/home/simpson/Projects/ROS2/test1/install/cpp_srvcli/lib/python3.8/site-packages'
[9.786s] Level 1:colcon.colcon_core.environment:checking '/home/simpson/Projects/ROS2/test1/install/cpp_srvcli/bin'
[9.787s] INFO:colcon.colcon_core.shell:Creating package script '/home/simpson/Projects/ROS2/test1/install/cpp_srvcli/share/cpp_srvcli/package.ps1'
[9.790s] INFO:colcon.colcon_core.shell:Creating package descriptor '/home/simpson/Projects/ROS2/test1/install/cpp_srvcli/share/cpp_srvcli/package.dsv'
[9.791s] INFO:colcon.colcon_core.shell:Creating package script '/home/simpson/Projects/ROS2/test1/install/cpp_srvcli/share/cpp_srvcli/package.sh'
[9.794s] INFO:colcon.colcon_core.shell:Creating package script '/home/simpson/Projects/ROS2/test1/install/cpp_srvcli/share/cpp_srvcli/package.bash'
[9.797s] INFO:colcon.colcon_core.shell:Creating package script '/home/simpson/Projects/ROS2/test1/install/cpp_srvcli/share/cpp_srvcli/package.zsh'
[9.798s] Level 1:colcon.colcon_core.environment:create_file_with_runtime_dependencies(/home/simpson/Projects/ROS2/test1/install/cpp_srvcli/share/colcon-core/packages/cpp_srvcli)
[10.007s] Level 1:colcon.colcon_core.environment:create_environment_scripts_only(cpp_srvcli)
[10.008s] Level 1:colcon.colcon_core.environment:checking '/home/simpson/Projects/ROS2/test1/install/cpp_srvcli' for CMake module files
[10.010s] Level 1:colcon.colcon_core.environment:checking '/home/simpson/Projects/ROS2/test1/install/cpp_srvcli' for CMake config files
[10.011s] Level 1:colcon.colcon_core.shell:create_environment_hook('cpp_srvcli', 'cmake_prefix_path')
[10.012s] INFO:colcon.colcon_core.shell:Creating environment hook '/home/simpson/Projects/ROS2/test1/install/cpp_srvcli/share/cpp_srvcli/hook/cmake_prefix_path.ps1'
[10.014s] INFO:colcon.colcon_core.shell:Creating environment descriptor '/home/simpson/Projects/ROS2/test1/install/cpp_srvcli/share/cpp_srvcli/hook/cmake_prefix_path.dsv'
[10.016s] INFO:colcon.colcon_core.shell:Creating environment hook '/home/simpson/Projects/ROS2/test1/install/cpp_srvcli/share/cpp_srvcli/hook/cmake_prefix_path.sh'
[10.017s] Level 1:colcon.colcon_core.environment:checking '/home/simpson/Projects/ROS2/test1/install/cpp_srvcli/lib'
[10.018s] Level 1:colcon.colcon_core.environment:checking '/home/simpson/Projects/ROS2/test1/install/cpp_srvcli/bin'
[10.018s] Level 1:colcon.colcon_core.environment:checking '/home/simpson/Projects/ROS2/test1/install/cpp_srvcli/lib/pkgconfig/cpp_srvcli.pc'
[10.018s] Level 1:colcon.colcon_core.environment:checking '/home/simpson/Projects/ROS2/test1/install/cpp_srvcli/lib/python3.8/site-packages'
[10.018s] Level 1:colcon.colcon_core.environment:checking '/home/simpson/Projects/ROS2/test1/install/cpp_srvcli/bin'
[10.020s] INFO:colcon.colcon_core.shell:Creating package script '/home/simpson/Projects/ROS2/test1/install/cpp_srvcli/share/cpp_srvcli/package.ps1'
[10.022s] INFO:colcon.colcon_core.shell:Creating package descriptor '/home/simpson/Projects/ROS2/test1/install/cpp_srvcli/share/cpp_srvcli/package.dsv'
[10.023s] INFO:colcon.colcon_core.shell:Creating package script '/home/simpson/Projects/ROS2/test1/install/cpp_srvcli/share/cpp_srvcli/package.sh'
[10.024s] INFO:colcon.colcon_core.shell:Creating package script '/home/simpson/Projects/ROS2/test1/install/cpp_srvcli/share/cpp_srvcli/package.bash'
[10.025s] INFO:colcon.colcon_core.shell:Creating package script '/home/simpson/Projects/ROS2/test1/install/cpp_srvcli/share/cpp_srvcli/package.zsh'
[10.026s] Level 1:colcon.colcon_core.environment:create_file_with_runtime_dependencies(/home/simpson/Projects/ROS2/test1/install/cpp_srvcli/share/colcon-core/packages/cpp_srvcli)
[10.028s] DEBUG:colcon.colcon_parallel_executor.executor.parallel:closing loop
[10.029s] DEBUG:colcon.colcon_parallel_executor.executor.parallel:loop closed
[10.030s] DEBUG:colcon.colcon_parallel_executor.executor.parallel:run_until_complete finished with '0'
[10.030s] DEBUG:colcon.colcon_core.event_reactor:joining thread
[10.053s] INFO:colcon.colcon_core.plugin_system:Skipping extension 'colcon_notification.desktop_notification.notify_send': Could not find 'notify-send'
[10.054s] INFO:colcon.colcon_core.plugin_system:Skipping extension 'colcon_notification.desktop_notification.terminal_notifier': Not used on non-Darwin systems
[10.054s] INFO:colcon.colcon_core.plugin_system:Skipping extension 'colcon_notification.desktop_notification.win32': Not used on non-Windows systems
[10.054s] INFO:colcon.colcon_notification.desktop_notification:Sending desktop notification using 'notify2'
[10.084s] DEBUG:colcon.colcon_notification.desktop_notification.notify2:Failed to initialize notify2: org.freedesktop.DBus.Error.ServiceUnknown: The name org.freedesktop.Notifications was not provided by any .service files
[10.084s] DEBUG:colcon.colcon_core.event_reactor:joined thread
[10.087s] INFO:colcon.colcon_core.shell:Creating prefix script '/home/simpson/Projects/ROS2/test1/install/local_setup.ps1'
[10.090s] INFO:colcon.colcon_core.shell:Creating prefix util module '/home/simpson/Projects/ROS2/test1/install/_local_setup_util_ps1.py'
[10.092s] INFO:colcon.colcon_core.shell:Creating prefix chain script '/home/simpson/Projects/ROS2/test1/install/setup.ps1'
[10.096s] INFO:colcon.colcon_core.shell:Creating prefix script '/home/simpson/Projects/ROS2/test1/install/local_setup.sh'
[10.097s] INFO:colcon.colcon_core.shell:Creating prefix util module '/home/simpson/Projects/ROS2/test1/install/_local_setup_util_sh.py'
[10.098s] INFO:colcon.colcon_core.shell:Creating prefix chain script '/home/simpson/Projects/ROS2/test1/install/setup.sh'
[10.101s] INFO:colcon.colcon_core.shell:Creating prefix script '/home/simpson/Projects/ROS2/test1/install/local_setup.bash'
[10.102s] INFO:colcon.colcon_core.shell:Creating prefix chain script '/home/simpson/Projects/ROS2/test1/install/setup.bash'
[10.105s] INFO:colcon.colcon_core.shell:Creating prefix script '/home/simpson/Projects/ROS2/test1/install/local_setup.zsh'
[10.106s] INFO:colcon.colcon_core.shell:Creating prefix chain script '/home/simpson/Projects/ROS2/test1/install/setup.zsh'
