[0.090s] Invoking command in '/home/simpson/Projects/ROS2/test1/build/cpp_pubsub': CMAKE_PREFIX_PATH=/home/simpson/Projects/ROS2/test1/install/my_interfaces:/home/simpson/Projects/ROS2/test1/install/cpp_pubsub:/opt/ros/foxy /usr/bin/cmake --build /home/simpson/Projects/ROS2/test1/build/cpp_pubsub -- -j8 -l8
[0.280s] [35m[1mScanning dependencies of target talker[0m
[0.359s] [ 50%] Built target listener
[0.444s] [ 75%] [32mBuilding CXX object CMakeFiles/talker.dir/src/publisher_member_function.cpp.o[0m
[3.794s] [100%] [32m[1mLinking CXX executable talker[0m
[4.168s] [100%] Built target talker
[4.213s] Invoked command in '/home/simpson/Projects/ROS2/test1/build/cpp_pubsub' returned '0': CMAKE_PREFIX_PATH=/home/simpson/Projects/ROS2/test1/install/my_interfaces:/home/simpson/Projects/ROS2/test1/install/cpp_pubsub:/opt/ros/foxy /usr/bin/cmake --build /home/simpson/Projects/ROS2/test1/build/cpp_pubsub -- -j8 -l8
[4.458s] Invoking command in '/home/simpson/Projects/ROS2/test1/build/cpp_pubsub': CMAKE_PREFIX_PATH=/home/simpson/Projects/ROS2/test1/install/my_interfaces:/home/simpson/Projects/ROS2/test1/install/cpp_pubsub:/opt/ros/foxy /usr/bin/cmake --install /home/simpson/Projects/ROS2/test1/build/cpp_pubsub
[4.486s] -- Install configuration: ""
[4.487s] -- Installing: /home/simpson/Projects/ROS2/test1/install/cpp_pubsub/lib/cpp_pubsub/talker
[4.510s] -- Set runtime path of "/home/simpson/Projects/ROS2/test1/install/cpp_pubsub/lib/cpp_pubsub/talker" to ""
[4.517s] -- Up-to-date: /home/simpson/Projects/ROS2/test1/install/cpp_pubsub/lib/cpp_pubsub/listener
[4.517s] -- Up-to-date: /home/simpson/Projects/ROS2/test1/install/cpp_pubsub/share/ament_index/resource_index/package_run_dependencies/cpp_pubsub
[4.518s] -- Up-to-date: /home/simpson/Projects/ROS2/test1/install/cpp_pubsub/share/ament_index/resource_index/parent_prefix_path/cpp_pubsub
[4.518s] -- Up-to-date: /home/simpson/Projects/ROS2/test1/install/cpp_pubsub/share/cpp_pubsub/environment/ament_prefix_path.sh
[4.518s] -- Up-to-date: /home/simpson/Projects/ROS2/test1/install/cpp_pubsub/share/cpp_pubsub/environment/ament_prefix_path.dsv
[4.518s] -- Up-to-date: /home/simpson/Projects/ROS2/test1/install/cpp_pubsub/share/cpp_pubsub/environment/path.sh
[4.519s] -- Up-to-date: /home/simpson/Projects/ROS2/test1/install/cpp_pubsub/share/cpp_pubsub/environment/path.dsv
[4.519s] -- Up-to-date: /home/simpson/Projects/ROS2/test1/install/cpp_pubsub/share/cpp_pubsub/local_setup.bash
[4.519s] -- Up-to-date: /home/simpson/Projects/ROS2/test1/install/cpp_pubsub/share/cpp_pubsub/local_setup.sh
[4.519s] -- Up-to-date: /home/simpson/Projects/ROS2/test1/install/cpp_pubsub/share/cpp_pubsub/local_setup.zsh
[4.519s] -- Up-to-date: /home/simpson/Projects/ROS2/test1/install/cpp_pubsub/share/cpp_pubsub/local_setup.dsv
[4.519s] -- Installing: /home/simpson/Projects/ROS2/test1/install/cpp_pubsub/share/cpp_pubsub/package.dsv
[4.521s] -- Up-to-date: /home/simpson/Projects/ROS2/test1/install/cpp_pubsub/share/ament_index/resource_index/packages/cpp_pubsub
[4.521s] -- Up-to-date: /home/simpson/Projects/ROS2/test1/install/cpp_pubsub/share/cpp_pubsub/cmake/cpp_pubsubConfig.cmake
[4.521s] -- Up-to-date: /home/simpson/Projects/ROS2/test1/install/cpp_pubsub/share/cpp_pubsub/cmake/cpp_pubsubConfig-version.cmake
[4.521s] -- Up-to-date: /home/simpson/Projects/ROS2/test1/install/cpp_pubsub/share/cpp_pubsub/package.xml
[4.525s] Invoked command in '/home/simpson/Projects/ROS2/test1/build/cpp_pubsub' returned '0': CMAKE_PREFIX_PATH=/home/simpson/Projects/ROS2/test1/install/my_interfaces:/home/simpson/Projects/ROS2/test1/install/cpp_pubsub:/opt/ros/foxy /usr/bin/cmake --install /home/simpson/Projects/ROS2/test1/build/cpp_pubsub
