[  1%] Built target my_interfaces__cpp
[ 12%] Built target my_interfaces__rosidl_generator_c
[ 23%] Built target my_interfaces__rosidl_typesupport_cpp
[ 34%] Built target my_interfaces__rosidl_typesupport_introspection_cpp
[ 50%] Built target my_interfaces__rosidl_typesupport_fastrtps_cpp
[ 61%] Built target my_interfaces__rosidl_typesupport_c
[ 67%] Built target my_interfaces__rosidl_typesupport_introspection_c
[ 78%] Built target my_interfaces__rosidl_typesupport_fastrtps_c
[ 78%] Built target my_interfaces
[ 80%] Built target my_interfaces__py
[ 89%] Built target my_interfaces__python
[ 92%] Built target my_interfaces__rosidl_typesupport_c__pyext
[ 96%] Built target my_interfaces__rosidl_typesupport_introspection_c__pyext
[100%] Built target my_interfaces__rosidl_typesupport_fastrtps_c__pyext
-- Install configuration: ""
-- Up-to-date: /home/simpson/Projects/ROS2/test1/install/my_interfaces/share/ament_index/resource_index/rosidl_interfaces/my_interfaces
-- Up-to-date: /home/simpson/Projects/ROS2/test1/install/my_interfaces/include/my_interfaces
-- Up-to-date: /home/simpson/Projects/ROS2/test1/install/my_interfaces/include/my_interfaces/msg
-- Up-to-date: /home/simpson/Projects/ROS2/test1/install/my_interfaces/include/my_interfaces/msg/detail
-- Up-to-date: /home/simpson/Projects/ROS2/test1/install/my_interfaces/include/my_interfaces/msg/detail/num__functions.c
-- Up-to-date: /home/simpson/Projects/ROS2/test1/install/my_interfaces/include/my_interfaces/msg/detail/num__functions.h
-- Up-to-date: /home/simpson/Projects/ROS2/test1/install/my_interfaces/include/my_interfaces/msg/detail/num__struct.h
-- Up-to-date: /home/simpson/Projects/ROS2/test1/install/my_interfaces/include/my_interfaces/msg/detail/num__type_support.h
-- Up-to-date: /home/simpson/Projects/ROS2/test1/install/my_interfaces/include/my_interfaces/msg/detail/sphere__functions.c
-- Up-to-date: /home/simpson/Projects/ROS2/test1/install/my_interfaces/include/my_interfaces/msg/detail/sphere__functions.h
-- Up-to-date: /home/simpson/Projects/ROS2/test1/install/my_interfaces/include/my_interfaces/msg/detail/sphere__struct.h
-- Up-to-date: /home/simpson/Projects/ROS2/test1/install/my_interfaces/include/my_interfaces/msg/detail/sphere__type_support.h
-- Up-to-date: /home/simpson/Projects/ROS2/test1/install/my_interfaces/include/my_interfaces/msg/detail/target_coordinates__functions.c
-- Up-to-date: /home/simpson/Projects/ROS2/test1/install/my_interfaces/include/my_interfaces/msg/detail/target_coordinates__functions.h
-- Up-to-date: /home/simpson/Projects/ROS2/test1/install/my_interfaces/include/my_interfaces/msg/detail/target_coordinates__struct.h
-- Up-to-date: /home/simpson/Projects/ROS2/test1/install/my_interfaces/include/my_interfaces/msg/detail/target_coordinates__type_support.h
-- Up-to-date: /home/simpson/Projects/ROS2/test1/install/my_interfaces/include/my_interfaces/msg/num.h
-- Up-to-date: /home/simpson/Projects/ROS2/test1/install/my_interfaces/include/my_interfaces/msg/rosidl_generator_c__visibility_control.h
-- Up-to-date: /home/simpson/Projects/ROS2/test1/install/my_interfaces/include/my_interfaces/msg/sphere.h
-- Up-to-date: /home/simpson/Projects/ROS2/test1/install/my_interfaces/include/my_interfaces/msg/target_coordinates.h
-- Up-to-date: /home/simpson/Projects/ROS2/test1/install/my_interfaces/include/my_interfaces/srv
-- Up-to-date: /home/simpson/Projects/ROS2/test1/install/my_interfaces/include/my_interfaces/srv/add_three_ints.h
-- Up-to-date: /home/simpson/Projects/ROS2/test1/install/my_interfaces/include/my_interfaces/srv/add_two_ints.h
-- Up-to-date: /home/simpson/Projects/ROS2/test1/install/my_interfaces/include/my_interfaces/srv/detail
-- Up-to-date: /home/simpson/Projects/ROS2/test1/install/my_interfaces/include/my_interfaces/srv/detail/add_three_ints__functions.c
-- Up-to-date: /home/simpson/Projects/ROS2/test1/install/my_interfaces/include/my_interfaces/srv/detail/add_three_ints__functions.h
-- Up-to-date: /home/simpson/Projects/ROS2/test1/install/my_interfaces/include/my_interfaces/srv/detail/add_three_ints__struct.h
-- Up-to-date: /home/simpson/Projects/ROS2/test1/install/my_interfaces/include/my_interfaces/srv/detail/add_three_ints__type_support.h
-- Up-to-date: /home/simpson/Projects/ROS2/test1/install/my_interfaces/include/my_interfaces/srv/detail/add_two_ints__functions.c
-- Up-to-date: /home/simpson/Projects/ROS2/test1/install/my_interfaces/include/my_interfaces/srv/detail/add_two_ints__functions.h
-- Up-to-date: /home/simpson/Projects/ROS2/test1/install/my_interfaces/include/my_interfaces/srv/detail/add_two_ints__struct.h
-- Up-to-date: /home/simpson/Projects/ROS2/test1/install/my_interfaces/include/my_interfaces/srv/detail/add_two_ints__type_support.h
-- Up-to-date: /home/simpson/Projects/ROS2/test1/install/my_interfaces/share/my_interfaces/environment/library_path.sh
-- Up-to-date: /home/simpson/Projects/ROS2/test1/install/my_interfaces/share/my_interfaces/environment/library_path.dsv
-- Up-to-date: /home/simpson/Projects/ROS2/test1/install/my_interfaces/lib/libmy_interfaces__rosidl_generator_c.so
-- Up-to-date: /home/simpson/Projects/ROS2/test1/install/my_interfaces/include/my_interfaces
-- Up-to-date: /home/simpson/Projects/ROS2/test1/install/my_interfaces/include/my_interfaces/msg
-- Up-to-date: /home/simpson/Projects/ROS2/test1/install/my_interfaces/include/my_interfaces/msg/detail
-- Up-to-date: /home/simpson/Projects/ROS2/test1/install/my_interfaces/include/my_interfaces/msg/detail/num__rosidl_typesupport_fastrtps_c.h
-- Up-to-date: /home/simpson/Projects/ROS2/test1/install/my_interfaces/include/my_interfaces/msg/detail/sphere__rosidl_typesupport_fastrtps_c.h
-- Up-to-date: /home/simpson/Projects/ROS2/test1/install/my_interfaces/include/my_interfaces/msg/detail/target_coordinates__rosidl_typesupport_fastrtps_c.h
-- Up-to-date: /home/simpson/Projects/ROS2/test1/install/my_interfaces/include/my_interfaces/msg/rosidl_typesupport_fastrtps_c__visibility_control.h
-- Up-to-date: /home/simpson/Projects/ROS2/test1/install/my_interfaces/include/my_interfaces/srv
-- Up-to-date: /home/simpson/Projects/ROS2/test1/install/my_interfaces/include/my_interfaces/srv/detail
-- Up-to-date: /home/simpson/Projects/ROS2/test1/install/my_interfaces/include/my_interfaces/srv/detail/add_three_ints__rosidl_typesupport_fastrtps_c.h
-- Up-to-date: /home/simpson/Projects/ROS2/test1/install/my_interfaces/include/my_interfaces/srv/detail/add_two_ints__rosidl_typesupport_fastrtps_c.h
-- Up-to-date: /home/simpson/Projects/ROS2/test1/install/my_interfaces/lib/libmy_interfaces__rosidl_typesupport_fastrtps_c.so
-- Up-to-date: /home/simpson/Projects/ROS2/test1/install/my_interfaces/include/my_interfaces
-- Up-to-date: /home/simpson/Projects/ROS2/test1/install/my_interfaces/include/my_interfaces/msg
-- Up-to-date: /home/simpson/Projects/ROS2/test1/install/my_interfaces/include/my_interfaces/msg/detail
-- Up-to-date: /home/simpson/Projects/ROS2/test1/install/my_interfaces/include/my_interfaces/msg/detail/dds_fastrtps
-- Up-to-date: /home/simpson/Projects/ROS2/test1/install/my_interfaces/include/my_interfaces/msg/detail/num__rosidl_typesupport_fastrtps_cpp.hpp
-- Up-to-date: /home/simpson/Projects/ROS2/test1/install/my_interfaces/include/my_interfaces/msg/detail/sphere__rosidl_typesupport_fastrtps_cpp.hpp
-- Up-to-date: /home/simpson/Projects/ROS2/test1/install/my_interfaces/include/my_interfaces/msg/detail/target_coordinates__rosidl_typesupport_fastrtps_cpp.hpp
-- Up-to-date: /home/simpson/Projects/ROS2/test1/install/my_interfaces/include/my_interfaces/msg/rosidl_typesupport_fastrtps_cpp__visibility_control.h
-- Up-to-date: /home/simpson/Projects/ROS2/test1/install/my_interfaces/include/my_interfaces/srv
-- Up-to-date: /home/simpson/Projects/ROS2/test1/install/my_interfaces/include/my_interfaces/srv/detail
-- Up-to-date: /home/simpson/Projects/ROS2/test1/install/my_interfaces/include/my_interfaces/srv/detail/add_three_ints__rosidl_typesupport_fastrtps_cpp.hpp
-- Up-to-date: /home/simpson/Projects/ROS2/test1/install/my_interfaces/include/my_interfaces/srv/detail/add_two_ints__rosidl_typesupport_fastrtps_cpp.hpp
-- Up-to-date: /home/simpson/Projects/ROS2/test1/install/my_interfaces/include/my_interfaces/srv/detail/dds_fastrtps
-- Up-to-date: /home/simpson/Projects/ROS2/test1/install/my_interfaces/lib/libmy_interfaces__rosidl_typesupport_fastrtps_cpp.so
-- Up-to-date: /home/simpson/Projects/ROS2/test1/install/my_interfaces/include/my_interfaces
-- Up-to-date: /home/simpson/Projects/ROS2/test1/install/my_interfaces/include/my_interfaces/msg
-- Up-to-date: /home/simpson/Projects/ROS2/test1/install/my_interfaces/include/my_interfaces/msg/detail
-- Up-to-date: /home/simpson/Projects/ROS2/test1/install/my_interfaces/include/my_interfaces/msg/detail/num__rosidl_typesupport_introspection_c.h
-- Up-to-date: /home/simpson/Projects/ROS2/test1/install/my_interfaces/include/my_interfaces/msg/detail/num__type_support.c
-- Up-to-date: /home/simpson/Projects/ROS2/test1/install/my_interfaces/include/my_interfaces/msg/detail/sphere__rosidl_typesupport_introspection_c.h
-- Up-to-date: /home/simpson/Projects/ROS2/test1/install/my_interfaces/include/my_interfaces/msg/detail/sphere__type_support.c
-- Up-to-date: /home/simpson/Projects/ROS2/test1/install/my_interfaces/include/my_interfaces/msg/detail/target_coordinates__rosidl_typesupport_introspection_c.h
-- Up-to-date: /home/simpson/Projects/ROS2/test1/install/my_interfaces/include/my_interfaces/msg/detail/target_coordinates__type_support.c
-- Up-to-date: /home/simpson/Projects/ROS2/test1/install/my_interfaces/include/my_interfaces/msg/rosidl_typesupport_introspection_c__visibility_control.h
-- Up-to-date: /home/simpson/Projects/ROS2/test1/install/my_interfaces/include/my_interfaces/srv
-- Up-to-date: /home/simpson/Projects/ROS2/test1/install/my_interfaces/include/my_interfaces/srv/detail
-- Up-to-date: /home/simpson/Projects/ROS2/test1/install/my_interfaces/include/my_interfaces/srv/detail/add_three_ints__rosidl_typesupport_introspection_c.h
-- Up-to-date: /home/simpson/Projects/ROS2/test1/install/my_interfaces/include/my_interfaces/srv/detail/add_three_ints__type_support.c
-- Up-to-date: /home/simpson/Projects/ROS2/test1/install/my_interfaces/include/my_interfaces/srv/detail/add_two_ints__rosidl_typesupport_introspection_c.h
-- Up-to-date: /home/simpson/Projects/ROS2/test1/install/my_interfaces/include/my_interfaces/srv/detail/add_two_ints__type_support.c
-- Up-to-date: /home/simpson/Projects/ROS2/test1/install/my_interfaces/lib/libmy_interfaces__rosidl_typesupport_introspection_c.so
-- Up-to-date: /home/simpson/Projects/ROS2/test1/install/my_interfaces/lib/libmy_interfaces__rosidl_typesupport_c.so
-- Up-to-date: /home/simpson/Projects/ROS2/test1/install/my_interfaces/include/my_interfaces
-- Up-to-date: /home/simpson/Projects/ROS2/test1/install/my_interfaces/include/my_interfaces/msg
-- Up-to-date: /home/simpson/Projects/ROS2/test1/install/my_interfaces/include/my_interfaces/msg/detail
-- Up-to-date: /home/simpson/Projects/ROS2/test1/install/my_interfaces/include/my_interfaces/msg/detail/num__builder.hpp
-- Up-to-date: /home/simpson/Projects/ROS2/test1/install/my_interfaces/include/my_interfaces/msg/detail/num__struct.hpp
-- Up-to-date: /home/simpson/Projects/ROS2/test1/install/my_interfaces/include/my_interfaces/msg/detail/num__traits.hpp
-- Up-to-date: /home/simpson/Projects/ROS2/test1/install/my_interfaces/include/my_interfaces/msg/detail/sphere__builder.hpp
-- Up-to-date: /home/simpson/Projects/ROS2/test1/install/my_interfaces/include/my_interfaces/msg/detail/sphere__struct.hpp
-- Up-to-date: /home/simpson/Projects/ROS2/test1/install/my_interfaces/include/my_interfaces/msg/detail/sphere__traits.hpp
-- Up-to-date: /home/simpson/Projects/ROS2/test1/install/my_interfaces/include/my_interfaces/msg/detail/target_coordinates__builder.hpp
-- Up-to-date: /home/simpson/Projects/ROS2/test1/install/my_interfaces/include/my_interfaces/msg/detail/target_coordinates__struct.hpp
-- Up-to-date: /home/simpson/Projects/ROS2/test1/install/my_interfaces/include/my_interfaces/msg/detail/target_coordinates__traits.hpp
-- Up-to-date: /home/simpson/Projects/ROS2/test1/install/my_interfaces/include/my_interfaces/msg/num.hpp
-- Up-to-date: /home/simpson/Projects/ROS2/test1/install/my_interfaces/include/my_interfaces/msg/sphere.hpp
-- Up-to-date: /home/simpson/Projects/ROS2/test1/install/my_interfaces/include/my_interfaces/msg/target_coordinates.hpp
-- Up-to-date: /home/simpson/Projects/ROS2/test1/install/my_interfaces/include/my_interfaces/srv
-- Up-to-date: /home/simpson/Projects/ROS2/test1/install/my_interfaces/include/my_interfaces/srv/add_three_ints.hpp
-- Up-to-date: /home/simpson/Projects/ROS2/test1/install/my_interfaces/include/my_interfaces/srv/add_two_ints.hpp
-- Up-to-date: /home/simpson/Projects/ROS2/test1/install/my_interfaces/include/my_interfaces/srv/detail
-- Up-to-date: /home/simpson/Projects/ROS2/test1/install/my_interfaces/include/my_interfaces/srv/detail/add_three_ints__builder.hpp
-- Up-to-date: /home/simpson/Projects/ROS2/test1/install/my_interfaces/include/my_interfaces/srv/detail/add_three_ints__struct.hpp
-- Up-to-date: /home/simpson/Projects/ROS2/test1/install/my_interfaces/include/my_interfaces/srv/detail/add_three_ints__traits.hpp
-- Up-to-date: /home/simpson/Projects/ROS2/test1/install/my_interfaces/include/my_interfaces/srv/detail/add_two_ints__builder.hpp
-- Up-to-date: /home/simpson/Projects/ROS2/test1/install/my_interfaces/include/my_interfaces/srv/detail/add_two_ints__struct.hpp
-- Up-to-date: /home/simpson/Projects/ROS2/test1/install/my_interfaces/include/my_interfaces/srv/detail/add_two_ints__traits.hpp
-- Up-to-date: /home/simpson/Projects/ROS2/test1/install/my_interfaces/include/my_interfaces
-- Up-to-date: /home/simpson/Projects/ROS2/test1/install/my_interfaces/include/my_interfaces/msg
-- Up-to-date: /home/simpson/Projects/ROS2/test1/install/my_interfaces/include/my_interfaces/msg/detail
-- Up-to-date: /home/simpson/Projects/ROS2/test1/install/my_interfaces/include/my_interfaces/msg/detail/num__rosidl_typesupport_introspection_cpp.hpp
-- Up-to-date: /home/simpson/Projects/ROS2/test1/install/my_interfaces/include/my_interfaces/msg/detail/num__type_support.cpp
-- Up-to-date: /home/simpson/Projects/ROS2/test1/install/my_interfaces/include/my_interfaces/msg/detail/sphere__rosidl_typesupport_introspection_cpp.hpp
-- Up-to-date: /home/simpson/Projects/ROS2/test1/install/my_interfaces/include/my_interfaces/msg/detail/sphere__type_support.cpp
-- Up-to-date: /home/simpson/Projects/ROS2/test1/install/my_interfaces/include/my_interfaces/msg/detail/target_coordinates__rosidl_typesupport_introspection_cpp.hpp
-- Up-to-date: /home/simpson/Projects/ROS2/test1/install/my_interfaces/include/my_interfaces/msg/detail/target_coordinates__type_support.cpp
-- Up-to-date: /home/simpson/Projects/ROS2/test1/install/my_interfaces/include/my_interfaces/srv
-- Up-to-date: /home/simpson/Projects/ROS2/test1/install/my_interfaces/include/my_interfaces/srv/detail
-- Up-to-date: /home/simpson/Projects/ROS2/test1/install/my_interfaces/include/my_interfaces/srv/detail/add_three_ints__rosidl_typesupport_introspection_cpp.hpp
-- Up-to-date: /home/simpson/Projects/ROS2/test1/install/my_interfaces/include/my_interfaces/srv/detail/add_three_ints__type_support.cpp
-- Up-to-date: /home/simpson/Projects/ROS2/test1/install/my_interfaces/include/my_interfaces/srv/detail/add_two_ints__rosidl_typesupport_introspection_cpp.hpp
-- Up-to-date: /home/simpson/Projects/ROS2/test1/install/my_interfaces/include/my_interfaces/srv/detail/add_two_ints__type_support.cpp
-- Up-to-date: /home/simpson/Projects/ROS2/test1/install/my_interfaces/lib/libmy_interfaces__rosidl_typesupport_introspection_cpp.so
-- Up-to-date: /home/simpson/Projects/ROS2/test1/install/my_interfaces/lib/libmy_interfaces__rosidl_typesupport_cpp.so
-- Up-to-date: /home/simpson/Projects/ROS2/test1/install/my_interfaces/share/my_interfaces/environment/pythonpath.sh
-- Up-to-date: /home/simpson/Projects/ROS2/test1/install/my_interfaces/share/my_interfaces/environment/pythonpath.dsv
-- Up-to-date: /home/simpson/Projects/ROS2/test1/install/my_interfaces/lib/python3.8/site-packages/my_interfaces/__init__.py
-- Up-to-date: /home/simpson/Projects/ROS2/test1/install/my_interfaces/lib/python3.8/site-packages/my_interfaces/msg
-- Up-to-date: /home/simpson/Projects/ROS2/test1/install/my_interfaces/lib/python3.8/site-packages/my_interfaces/msg/_num.py
-- Up-to-date: /home/simpson/Projects/ROS2/test1/install/my_interfaces/lib/python3.8/site-packages/my_interfaces/msg/_num_s.c
-- Up-to-date: /home/simpson/Projects/ROS2/test1/install/my_interfaces/lib/python3.8/site-packages/my_interfaces/msg/_sphere.py
-- Up-to-date: /home/simpson/Projects/ROS2/test1/install/my_interfaces/lib/python3.8/site-packages/my_interfaces/msg/_sphere_s.c
-- Up-to-date: /home/simpson/Projects/ROS2/test1/install/my_interfaces/lib/python3.8/site-packages/my_interfaces/msg/_target_coordinates.py
-- Up-to-date: /home/simpson/Projects/ROS2/test1/install/my_interfaces/lib/python3.8/site-packages/my_interfaces/msg/_target_coordinates_s.c
-- Up-to-date: /home/simpson/Projects/ROS2/test1/install/my_interfaces/lib/python3.8/site-packages/my_interfaces/msg/__init__.py
-- Up-to-date: /home/simpson/Projects/ROS2/test1/install/my_interfaces/lib/python3.8/site-packages/my_interfaces/srv
-- Up-to-date: /home/simpson/Projects/ROS2/test1/install/my_interfaces/lib/python3.8/site-packages/my_interfaces/srv/_add_three_ints.py
-- Up-to-date: /home/simpson/Projects/ROS2/test1/install/my_interfaces/lib/python3.8/site-packages/my_interfaces/srv/_add_three_ints_s.c
-- Up-to-date: /home/simpson/Projects/ROS2/test1/install/my_interfaces/lib/python3.8/site-packages/my_interfaces/srv/_add_two_ints.py
-- Up-to-date: /home/simpson/Projects/ROS2/test1/install/my_interfaces/lib/python3.8/site-packages/my_interfaces/srv/_add_two_ints_s.c
-- Up-to-date: /home/simpson/Projects/ROS2/test1/install/my_interfaces/lib/python3.8/site-packages/my_interfaces/srv/__init__.py
-- Up-to-date: /home/simpson/Projects/ROS2/test1/install/my_interfaces/lib/python3.8/site-packages/my_interfaces/my_interfaces_s__rosidl_typesupport_fastrtps_c.cpython-38-x86_64-linux-gnu.so
-- Up-to-date: /home/simpson/Projects/ROS2/test1/install/my_interfaces/lib/python3.8/site-packages/my_interfaces/my_interfaces_s__rosidl_typesupport_introspection_c.cpython-38-x86_64-linux-gnu.so
-- Up-to-date: /home/simpson/Projects/ROS2/test1/install/my_interfaces/lib/python3.8/site-packages/my_interfaces/my_interfaces_s__rosidl_typesupport_c.cpython-38-x86_64-linux-gnu.so
-- Up-to-date: /home/simpson/Projects/ROS2/test1/install/my_interfaces/lib/libmy_interfaces__python.so
-- Up-to-date: /home/simpson/Projects/ROS2/test1/install/my_interfaces/share/my_interfaces/msg/Num.idl
-- Up-to-date: /home/simpson/Projects/ROS2/test1/install/my_interfaces/share/my_interfaces/msg/Sphere.idl
-- Up-to-date: /home/simpson/Projects/ROS2/test1/install/my_interfaces/share/my_interfaces/srv/AddThreeInts.idl
-- Up-to-date: /home/simpson/Projects/ROS2/test1/install/my_interfaces/share/my_interfaces/srv/AddTwoInts.idl
-- Up-to-date: /home/simpson/Projects/ROS2/test1/install/my_interfaces/share/my_interfaces/msg/Num.msg
-- Up-to-date: /home/simpson/Projects/ROS2/test1/install/my_interfaces/share/my_interfaces/msg/Sphere.msg
-- Up-to-date: /home/simpson/Projects/ROS2/test1/install/my_interfaces/share/my_interfaces/srv/AddThreeInts.srv
-- Up-to-date: /home/simpson/Projects/ROS2/test1/install/my_interfaces/share/my_interfaces/srv/AddThreeInts_Request.msg
-- Up-to-date: /home/simpson/Projects/ROS2/test1/install/my_interfaces/share/my_interfaces/srv/AddThreeInts_Response.msg
-- Up-to-date: /home/simpson/Projects/ROS2/test1/install/my_interfaces/share/my_interfaces/srv/AddTwoInts.srv
-- Up-to-date: /home/simpson/Projects/ROS2/test1/install/my_interfaces/share/my_interfaces/srv/AddTwoInts_Request.msg
-- Up-to-date: /home/simpson/Projects/ROS2/test1/install/my_interfaces/share/my_interfaces/srv/AddTwoInts_Response.msg
-- Up-to-date: /home/simpson/Projects/ROS2/test1/install/my_interfaces/share/ament_index/resource_index/package_run_dependencies/my_interfaces
-- Up-to-date: /home/simpson/Projects/ROS2/test1/install/my_interfaces/share/ament_index/resource_index/parent_prefix_path/my_interfaces
-- Up-to-date: /home/simpson/Projects/ROS2/test1/install/my_interfaces/share/my_interfaces/environment/ament_prefix_path.sh
-- Up-to-date: /home/simpson/Projects/ROS2/test1/install/my_interfaces/share/my_interfaces/environment/ament_prefix_path.dsv
-- Up-to-date: /home/simpson/Projects/ROS2/test1/install/my_interfaces/share/my_interfaces/environment/path.sh
-- Up-to-date: /home/simpson/Projects/ROS2/test1/install/my_interfaces/share/my_interfaces/environment/path.dsv
-- Up-to-date: /home/simpson/Projects/ROS2/test1/install/my_interfaces/share/my_interfaces/local_setup.bash
-- Up-to-date: /home/simpson/Projects/ROS2/test1/install/my_interfaces/share/my_interfaces/local_setup.sh
-- Up-to-date: /home/simpson/Projects/ROS2/test1/install/my_interfaces/share/my_interfaces/local_setup.zsh
-- Up-to-date: /home/simpson/Projects/ROS2/test1/install/my_interfaces/share/my_interfaces/local_setup.dsv
-- Installing: /home/simpson/Projects/ROS2/test1/install/my_interfaces/share/my_interfaces/package.dsv
-- Up-to-date: /home/simpson/Projects/ROS2/test1/install/my_interfaces/share/ament_index/resource_index/packages/my_interfaces
-- Up-to-date: /home/simpson/Projects/ROS2/test1/install/my_interfaces/share/my_interfaces/cmake/my_interfaces__rosidl_generator_cExport.cmake
-- Up-to-date: /home/simpson/Projects/ROS2/test1/install/my_interfaces/share/my_interfaces/cmake/my_interfaces__rosidl_generator_cExport-noconfig.cmake
-- Up-to-date: /home/simpson/Projects/ROS2/test1/install/my_interfaces/share/my_interfaces/cmake/my_interfaces__rosidl_typesupport_introspection_cExport.cmake
-- Up-to-date: /home/simpson/Projects/ROS2/test1/install/my_interfaces/share/my_interfaces/cmake/my_interfaces__rosidl_typesupport_introspection_cExport-noconfig.cmake
-- Up-to-date: /home/simpson/Projects/ROS2/test1/install/my_interfaces/share/my_interfaces/cmake/my_interfaces__rosidl_typesupport_cExport.cmake
-- Up-to-date: /home/simpson/Projects/ROS2/test1/install/my_interfaces/share/my_interfaces/cmake/my_interfaces__rosidl_typesupport_cExport-noconfig.cmake
-- Up-to-date: /home/simpson/Projects/ROS2/test1/install/my_interfaces/share/my_interfaces/cmake/my_interfaces__rosidl_generator_cppExport.cmake
-- Up-to-date: /home/simpson/Projects/ROS2/test1/install/my_interfaces/share/my_interfaces/cmake/my_interfaces__rosidl_typesupport_introspection_cppExport.cmake
-- Up-to-date: /home/simpson/Projects/ROS2/test1/install/my_interfaces/share/my_interfaces/cmake/my_interfaces__rosidl_typesupport_introspection_cppExport-noconfig.cmake
-- Up-to-date: /home/simpson/Projects/ROS2/test1/install/my_interfaces/share/my_interfaces/cmake/my_interfaces__rosidl_typesupport_cppExport.cmake
-- Up-to-date: /home/simpson/Projects/ROS2/test1/install/my_interfaces/share/my_interfaces/cmake/my_interfaces__rosidl_typesupport_cppExport-noconfig.cmake
-- Up-to-date: /home/simpson/Projects/ROS2/test1/install/my_interfaces/share/my_interfaces/cmake/rosidl_cmake-extras.cmake
-- Up-to-date: /home/simpson/Projects/ROS2/test1/install/my_interfaces/share/my_interfaces/cmake/ament_cmake_export_dependencies-extras.cmake
-- Up-to-date: /home/simpson/Projects/ROS2/test1/install/my_interfaces/share/my_interfaces/cmake/ament_cmake_export_libraries-extras.cmake
-- Up-to-date: /home/simpson/Projects/ROS2/test1/install/my_interfaces/share/my_interfaces/cmake/ament_cmake_export_targets-extras.cmake
-- Up-to-date: /home/simpson/Projects/ROS2/test1/install/my_interfaces/share/my_interfaces/cmake/ament_cmake_export_include_directories-extras.cmake
-- Up-to-date: /home/simpson/Projects/ROS2/test1/install/my_interfaces/share/my_interfaces/cmake/rosidl_cmake_export_typesupport_libraries-extras.cmake
-- Up-to-date: /home/simpson/Projects/ROS2/test1/install/my_interfaces/share/my_interfaces/cmake/rosidl_cmake_export_typesupport_targets-extras.cmake
-- Up-to-date: /home/simpson/Projects/ROS2/test1/install/my_interfaces/share/my_interfaces/cmake/my_interfacesConfig.cmake
-- Up-to-date: /home/simpson/Projects/ROS2/test1/install/my_interfaces/share/my_interfaces/cmake/my_interfacesConfig-version.cmake
-- Up-to-date: /home/simpson/Projects/ROS2/test1/install/my_interfaces/share/my_interfaces/package.xml
