[0.059s] Invoking command in '/home/simpson/Projects/ROS2/test1/build/my_interfaces': CMAKE_PREFIX_PATH=${CMAKE_PREFIX_PATH}:/opt/ros/foxy /usr/bin/cmake --build /home/simpson/Projects/ROS2/test1/build/my_interfaces -- -j8 -l8
[0.300s] [  1%] Built target my_interfaces__cpp
[0.320s] [ 12%] Built target my_interfaces__rosidl_generator_c
[0.487s] [ 23%] Built target my_interfaces__rosidl_typesupport_cpp
[0.497s] [ 34%] Built target my_interfaces__rosidl_typesupport_introspection_cpp
[0.506s] [ 50%] Built target my_interfaces__rosidl_typesupport_fastrtps_cpp
[0.509s] [ 61%] Built target my_interfaces__rosidl_typesupport_c
[0.512s] [ 67%] Built target my_interfaces__rosidl_typesupport_introspection_c
[0.644s] [ 78%] Built target my_interfaces__rosidl_typesupport_fastrtps_c
[0.739s] [ 78%] Built target my_interfaces
[0.840s] [ 80%] Built target my_interfaces__py
[0.963s] [ 89%] Built target my_interfaces__python
[1.103s] [ 92%] Built target my_interfaces__rosidl_typesupport_c__pyext
[1.106s] [ 96%] Built target my_interfaces__rosidl_typesupport_introspection_c__pyext
[1.108s] [100%] Built target my_interfaces__rosidl_typesupport_fastrtps_c__pyext
[1.153s] Invoked command in '/home/simpson/Projects/ROS2/test1/build/my_interfaces' returned '0': CMAKE_PREFIX_PATH=${CMAKE_PREFIX_PATH}:/opt/ros/foxy /usr/bin/cmake --build /home/simpson/Projects/ROS2/test1/build/my_interfaces -- -j8 -l8
[2.182s] Invoking command in '/home/simpson/Projects/ROS2/test1/build/my_interfaces': CMAKE_PREFIX_PATH=${CMAKE_PREFIX_PATH}:/opt/ros/foxy /usr/bin/cmake --install /home/simpson/Projects/ROS2/test1/build/my_interfaces
[2.213s] -- Install configuration: ""
[2.213s] -- Up-to-date: /home/simpson/Projects/ROS2/test1/install/my_interfaces/share/ament_index/resource_index/rosidl_interfaces/my_interfaces
[2.213s] -- Up-to-date: /home/simpson/Projects/ROS2/test1/install/my_interfaces/include/my_interfaces
[2.213s] -- Up-to-date: /home/simpson/Projects/ROS2/test1/install/my_interfaces/include/my_interfaces/msg
[2.214s] -- Up-to-date: /home/simpson/Projects/ROS2/test1/install/my_interfaces/include/my_interfaces/msg/detail
[2.214s] -- Up-to-date: /home/simpson/Projects/ROS2/test1/install/my_interfaces/include/my_interfaces/msg/detail/num__functions.c
[2.214s] -- Up-to-date: /home/simpson/Projects/ROS2/test1/install/my_interfaces/include/my_interfaces/msg/detail/num__functions.h
[2.214s] -- Up-to-date: /home/simpson/Projects/ROS2/test1/install/my_interfaces/include/my_interfaces/msg/detail/num__struct.h
[2.214s] -- Up-to-date: /home/simpson/Projects/ROS2/test1/install/my_interfaces/include/my_interfaces/msg/detail/num__type_support.h
[2.214s] -- Up-to-date: /home/simpson/Projects/ROS2/test1/install/my_interfaces/include/my_interfaces/msg/detail/sphere__functions.c
[2.215s] -- Up-to-date: /home/simpson/Projects/ROS2/test1/install/my_interfaces/include/my_interfaces/msg/detail/sphere__functions.h
[2.215s] -- Up-to-date: /home/simpson/Projects/ROS2/test1/install/my_interfaces/include/my_interfaces/msg/detail/sphere__struct.h
[2.215s] -- Up-to-date: /home/simpson/Projects/ROS2/test1/install/my_interfaces/include/my_interfaces/msg/detail/sphere__type_support.h
[2.215s] -- Up-to-date: /home/simpson/Projects/ROS2/test1/install/my_interfaces/include/my_interfaces/msg/detail/target_coordinates__functions.c
[2.215s] -- Up-to-date: /home/simpson/Projects/ROS2/test1/install/my_interfaces/include/my_interfaces/msg/detail/target_coordinates__functions.h
[2.215s] -- Up-to-date: /home/simpson/Projects/ROS2/test1/install/my_interfaces/include/my_interfaces/msg/detail/target_coordinates__struct.h
[2.215s] -- Up-to-date: /home/simpson/Projects/ROS2/test1/install/my_interfaces/include/my_interfaces/msg/detail/target_coordinates__type_support.h
[2.216s] -- Up-to-date: /home/simpson/Projects/ROS2/test1/install/my_interfaces/include/my_interfaces/msg/num.h
[2.216s] -- Up-to-date: /home/simpson/Projects/ROS2/test1/install/my_interfaces/include/my_interfaces/msg/rosidl_generator_c__visibility_control.h
[2.216s] -- Up-to-date: /home/simpson/Projects/ROS2/test1/install/my_interfaces/include/my_interfaces/msg/sphere.h
[2.216s] -- Up-to-date: /home/simpson/Projects/ROS2/test1/install/my_interfaces/include/my_interfaces/msg/target_coordinates.h
[2.216s] -- Up-to-date: /home/simpson/Projects/ROS2/test1/install/my_interfaces/include/my_interfaces/srv
[2.216s] -- Up-to-date: /home/simpson/Projects/ROS2/test1/install/my_interfaces/include/my_interfaces/srv/add_three_ints.h
[2.216s] -- Up-to-date: /home/simpson/Projects/ROS2/test1/install/my_interfaces/include/my_interfaces/srv/add_two_ints.h
[2.216s] -- Up-to-date: /home/simpson/Projects/ROS2/test1/install/my_interfaces/include/my_interfaces/srv/detail
[2.217s] -- Up-to-date: /home/simpson/Projects/ROS2/test1/install/my_interfaces/include/my_interfaces/srv/detail/add_three_ints__functions.c
[2.217s] -- Up-to-date: /home/simpson/Projects/ROS2/test1/install/my_interfaces/include/my_interfaces/srv/detail/add_three_ints__functions.h
[2.217s] -- Up-to-date: /home/simpson/Projects/ROS2/test1/install/my_interfaces/include/my_interfaces/srv/detail/add_three_ints__struct.h
[2.217s] -- Up-to-date: /home/simpson/Projects/ROS2/test1/install/my_interfaces/include/my_interfaces/srv/detail/add_three_ints__type_support.h
[2.217s] -- Up-to-date: /home/simpson/Projects/ROS2/test1/install/my_interfaces/include/my_interfaces/srv/detail/add_two_ints__functions.c
[2.217s] -- Up-to-date: /home/simpson/Projects/ROS2/test1/install/my_interfaces/include/my_interfaces/srv/detail/add_two_ints__functions.h
[2.217s] -- Up-to-date: /home/simpson/Projects/ROS2/test1/install/my_interfaces/include/my_interfaces/srv/detail/add_two_ints__struct.h
[2.217s] -- Up-to-date: /home/simpson/Projects/ROS2/test1/install/my_interfaces/include/my_interfaces/srv/detail/add_two_ints__type_support.h
[2.217s] -- Up-to-date: /home/simpson/Projects/ROS2/test1/install/my_interfaces/share/my_interfaces/environment/library_path.sh
[2.217s] -- Up-to-date: /home/simpson/Projects/ROS2/test1/install/my_interfaces/share/my_interfaces/environment/library_path.dsv
[2.221s] -- Up-to-date: /home/simpson/Projects/ROS2/test1/install/my_interfaces/lib/libmy_interfaces__rosidl_generator_c.so
[2.221s] -- Up-to-date: /home/simpson/Projects/ROS2/test1/install/my_interfaces/include/my_interfaces
[2.222s] -- Up-to-date: /home/simpson/Projects/ROS2/test1/install/my_interfaces/include/my_interfaces/msg
[2.222s] -- Up-to-date: /home/simpson/Projects/ROS2/test1/install/my_interfaces/include/my_interfaces/msg/detail
[2.222s] -- Up-to-date: /home/simpson/Projects/ROS2/test1/install/my_interfaces/include/my_interfaces/msg/detail/num__rosidl_typesupport_fastrtps_c.h
[2.222s] -- Up-to-date: /home/simpson/Projects/ROS2/test1/install/my_interfaces/include/my_interfaces/msg/detail/sphere__rosidl_typesupport_fastrtps_c.h
[2.222s] -- Up-to-date: /home/simpson/Projects/ROS2/test1/install/my_interfaces/include/my_interfaces/msg/detail/target_coordinates__rosidl_typesupport_fastrtps_c.h
[2.222s] -- Up-to-date: /home/simpson/Projects/ROS2/test1/install/my_interfaces/include/my_interfaces/msg/rosidl_typesupport_fastrtps_c__visibility_control.h
[2.222s] -- Up-to-date: /home/simpson/Projects/ROS2/test1/install/my_interfaces/include/my_interfaces/srv
[2.222s] -- Up-to-date: /home/simpson/Projects/ROS2/test1/install/my_interfaces/include/my_interfaces/srv/detail
[2.223s] -- Up-to-date: /home/simpson/Projects/ROS2/test1/install/my_interfaces/include/my_interfaces/srv/detail/add_three_ints__rosidl_typesupport_fastrtps_c.h
[2.223s] -- Up-to-date: /home/simpson/Projects/ROS2/test1/install/my_interfaces/include/my_interfaces/srv/detail/add_two_ints__rosidl_typesupport_fastrtps_c.h
[2.227s] -- Up-to-date: /home/simpson/Projects/ROS2/test1/install/my_interfaces/lib/libmy_interfaces__rosidl_typesupport_fastrtps_c.so
[2.228s] -- Up-to-date: /home/simpson/Projects/ROS2/test1/install/my_interfaces/include/my_interfaces
[2.228s] -- Up-to-date: /home/simpson/Projects/ROS2/test1/install/my_interfaces/include/my_interfaces/msg
[2.228s] -- Up-to-date: /home/simpson/Projects/ROS2/test1/install/my_interfaces/include/my_interfaces/msg/detail
[2.229s] -- Up-to-date: /home/simpson/Projects/ROS2/test1/install/my_interfaces/include/my_interfaces/msg/detail/dds_fastrtps
[2.229s] -- Up-to-date: /home/simpson/Projects/ROS2/test1/install/my_interfaces/include/my_interfaces/msg/detail/num__rosidl_typesupport_fastrtps_cpp.hpp
[2.229s] -- Up-to-date: /home/simpson/Projects/ROS2/test1/install/my_interfaces/include/my_interfaces/msg/detail/sphere__rosidl_typesupport_fastrtps_cpp.hpp
[2.229s] -- Up-to-date: /home/simpson/Projects/ROS2/test1/install/my_interfaces/include/my_interfaces/msg/detail/target_coordinates__rosidl_typesupport_fastrtps_cpp.hpp
[2.229s] -- Up-to-date: /home/simpson/Projects/ROS2/test1/install/my_interfaces/include/my_interfaces/msg/rosidl_typesupport_fastrtps_cpp__visibility_control.h
[2.229s] -- Up-to-date: /home/simpson/Projects/ROS2/test1/install/my_interfaces/include/my_interfaces/srv
[2.230s] -- Up-to-date: /home/simpson/Projects/ROS2/test1/install/my_interfaces/include/my_interfaces/srv/detail
[2.230s] -- Up-to-date: /home/simpson/Projects/ROS2/test1/install/my_interfaces/include/my_interfaces/srv/detail/add_three_ints__rosidl_typesupport_fastrtps_cpp.hpp
[2.230s] -- Up-to-date: /home/simpson/Projects/ROS2/test1/install/my_interfaces/include/my_interfaces/srv/detail/add_two_ints__rosidl_typesupport_fastrtps_cpp.hpp
[2.230s] -- Up-to-date: /home/simpson/Projects/ROS2/test1/install/my_interfaces/include/my_interfaces/srv/detail/dds_fastrtps
[2.235s] -- Up-to-date: /home/simpson/Projects/ROS2/test1/install/my_interfaces/lib/libmy_interfaces__rosidl_typesupport_fastrtps_cpp.so
[2.236s] -- Up-to-date: /home/simpson/Projects/ROS2/test1/install/my_interfaces/include/my_interfaces
[2.236s] -- Up-to-date: /home/simpson/Projects/ROS2/test1/install/my_interfaces/include/my_interfaces/msg
[2.236s] -- Up-to-date: /home/simpson/Projects/ROS2/test1/install/my_interfaces/include/my_interfaces/msg/detail
[2.236s] -- Up-to-date: /home/simpson/Projects/ROS2/test1/install/my_interfaces/include/my_interfaces/msg/detail/num__rosidl_typesupport_introspection_c.h
[2.237s] -- Up-to-date: /home/simpson/Projects/ROS2/test1/install/my_interfaces/include/my_interfaces/msg/detail/num__type_support.c
[2.237s] -- Up-to-date: /home/simpson/Projects/ROS2/test1/install/my_interfaces/include/my_interfaces/msg/detail/sphere__rosidl_typesupport_introspection_c.h
[2.237s] -- Up-to-date: /home/simpson/Projects/ROS2/test1/install/my_interfaces/include/my_interfaces/msg/detail/sphere__type_support.c
[2.237s] -- Up-to-date: /home/simpson/Projects/ROS2/test1/install/my_interfaces/include/my_interfaces/msg/detail/target_coordinates__rosidl_typesupport_introspection_c.h
[2.237s] -- Up-to-date: /home/simpson/Projects/ROS2/test1/install/my_interfaces/include/my_interfaces/msg/detail/target_coordinates__type_support.c
[2.237s] -- Up-to-date: /home/simpson/Projects/ROS2/test1/install/my_interfaces/include/my_interfaces/msg/rosidl_typesupport_introspection_c__visibility_control.h
[2.238s] -- Up-to-date: /home/simpson/Projects/ROS2/test1/install/my_interfaces/include/my_interfaces/srv
[2.238s] -- Up-to-date: /home/simpson/Projects/ROS2/test1/install/my_interfaces/include/my_interfaces/srv/detail
[2.238s] -- Up-to-date: /home/simpson/Projects/ROS2/test1/install/my_interfaces/include/my_interfaces/srv/detail/add_three_ints__rosidl_typesupport_introspection_c.h
[2.238s] -- Up-to-date: /home/simpson/Projects/ROS2/test1/install/my_interfaces/include/my_interfaces/srv/detail/add_three_ints__type_support.c
[2.238s] -- Up-to-date: /home/simpson/Projects/ROS2/test1/install/my_interfaces/include/my_interfaces/srv/detail/add_two_ints__rosidl_typesupport_introspection_c.h
[2.238s] -- Up-to-date: /home/simpson/Projects/ROS2/test1/install/my_interfaces/include/my_interfaces/srv/detail/add_two_ints__type_support.c
[2.243s] -- Up-to-date: /home/simpson/Projects/ROS2/test1/install/my_interfaces/lib/libmy_interfaces__rosidl_typesupport_introspection_c.so
[2.248s] -- Up-to-date: /home/simpson/Projects/ROS2/test1/install/my_interfaces/lib/libmy_interfaces__rosidl_typesupport_c.so
[2.248s] -- Up-to-date: /home/simpson/Projects/ROS2/test1/install/my_interfaces/include/my_interfaces
[2.248s] -- Up-to-date: /home/simpson/Projects/ROS2/test1/install/my_interfaces/include/my_interfaces/msg
[2.248s] -- Up-to-date: /home/simpson/Projects/ROS2/test1/install/my_interfaces/include/my_interfaces/msg/detail
[2.249s] -- Up-to-date: /home/simpson/Projects/ROS2/test1/install/my_interfaces/include/my_interfaces/msg/detail/num__builder.hpp
[2.249s] -- Up-to-date: /home/simpson/Projects/ROS2/test1/install/my_interfaces/include/my_interfaces/msg/detail/num__struct.hpp
[2.249s] -- Up-to-date: /home/simpson/Projects/ROS2/test1/install/my_interfaces/include/my_interfaces/msg/detail/num__traits.hpp
[2.249s] -- Up-to-date: /home/simpson/Projects/ROS2/test1/install/my_interfaces/include/my_interfaces/msg/detail/sphere__builder.hpp
[2.249s] -- Up-to-date: /home/simpson/Projects/ROS2/test1/install/my_interfaces/include/my_interfaces/msg/detail/sphere__struct.hpp
[2.249s] -- Up-to-date: /home/simpson/Projects/ROS2/test1/install/my_interfaces/include/my_interfaces/msg/detail/sphere__traits.hpp
[2.249s] -- Up-to-date: /home/simpson/Projects/ROS2/test1/install/my_interfaces/include/my_interfaces/msg/detail/target_coordinates__builder.hpp
[2.249s] -- Up-to-date: /home/simpson/Projects/ROS2/test1/install/my_interfaces/include/my_interfaces/msg/detail/target_coordinates__struct.hpp
[2.250s] -- Up-to-date: /home/simpson/Projects/ROS2/test1/install/my_interfaces/include/my_interfaces/msg/detail/target_coordinates__traits.hpp
[2.250s] -- Up-to-date: /home/simpson/Projects/ROS2/test1/install/my_interfaces/include/my_interfaces/msg/num.hpp
[2.250s] -- Up-to-date: /home/simpson/Projects/ROS2/test1/install/my_interfaces/include/my_interfaces/msg/sphere.hpp
[2.250s] -- Up-to-date: /home/simpson/Projects/ROS2/test1/install/my_interfaces/include/my_interfaces/msg/target_coordinates.hpp
[2.250s] -- Up-to-date: /home/simpson/Projects/ROS2/test1/install/my_interfaces/include/my_interfaces/srv
[2.250s] -- Up-to-date: /home/simpson/Projects/ROS2/test1/install/my_interfaces/include/my_interfaces/srv/add_three_ints.hpp
[2.250s] -- Up-to-date: /home/simpson/Projects/ROS2/test1/install/my_interfaces/include/my_interfaces/srv/add_two_ints.hpp
[2.251s] -- Up-to-date: /home/simpson/Projects/ROS2/test1/install/my_interfaces/include/my_interfaces/srv/detail
[2.251s] -- Up-to-date: /home/simpson/Projects/ROS2/test1/install/my_interfaces/include/my_interfaces/srv/detail/add_three_ints__builder.hpp
[2.251s] -- Up-to-date: /home/simpson/Projects/ROS2/test1/install/my_interfaces/include/my_interfaces/srv/detail/add_three_ints__struct.hpp
[2.251s] -- Up-to-date: /home/simpson/Projects/ROS2/test1/install/my_interfaces/include/my_interfaces/srv/detail/add_three_ints__traits.hpp
[2.251s] -- Up-to-date: /home/simpson/Projects/ROS2/test1/install/my_interfaces/include/my_interfaces/srv/detail/add_two_ints__builder.hpp
[2.251s] -- Up-to-date: /home/simpson/Projects/ROS2/test1/install/my_interfaces/include/my_interfaces/srv/detail/add_two_ints__struct.hpp
[2.252s] -- Up-to-date: /home/simpson/Projects/ROS2/test1/install/my_interfaces/include/my_interfaces/srv/detail/add_two_ints__traits.hpp
[2.252s] -- Up-to-date: /home/simpson/Projects/ROS2/test1/install/my_interfaces/include/my_interfaces
[2.252s] -- Up-to-date: /home/simpson/Projects/ROS2/test1/install/my_interfaces/include/my_interfaces/msg
[2.252s] -- Up-to-date: /home/simpson/Projects/ROS2/test1/install/my_interfaces/include/my_interfaces/msg/detail
[2.252s] -- Up-to-date: /home/simpson/Projects/ROS2/test1/install/my_interfaces/include/my_interfaces/msg/detail/num__rosidl_typesupport_introspection_cpp.hpp
[2.252s] -- Up-to-date: /home/simpson/Projects/ROS2/test1/install/my_interfaces/include/my_interfaces/msg/detail/num__type_support.cpp
[2.253s] -- Up-to-date: /home/simpson/Projects/ROS2/test1/install/my_interfaces/include/my_interfaces/msg/detail/sphere__rosidl_typesupport_introspection_cpp.hpp
[2.253s] -- Up-to-date: /home/simpson/Projects/ROS2/test1/install/my_interfaces/include/my_interfaces/msg/detail/sphere__type_support.cpp
[2.253s] -- Up-to-date: /home/simpson/Projects/ROS2/test1/install/my_interfaces/include/my_interfaces/msg/detail/target_coordinates__rosidl_typesupport_introspection_cpp.hpp
[2.253s] -- Up-to-date: /home/simpson/Projects/ROS2/test1/install/my_interfaces/include/my_interfaces/msg/detail/target_coordinates__type_support.cpp
[2.253s] -- Up-to-date: /home/simpson/Projects/ROS2/test1/install/my_interfaces/include/my_interfaces/srv
[2.254s] -- Up-to-date: /home/simpson/Projects/ROS2/test1/install/my_interfaces/include/my_interfaces/srv/detail
[2.254s] -- Up-to-date: /home/simpson/Projects/ROS2/test1/install/my_interfaces/include/my_interfaces/srv/detail/add_three_ints__rosidl_typesupport_introspection_cpp.hpp
[2.254s] -- Up-to-date: /home/simpson/Projects/ROS2/test1/install/my_interfaces/include/my_interfaces/srv/detail/add_three_ints__type_support.cpp
[2.254s] -- Up-to-date: /home/simpson/Projects/ROS2/test1/install/my_interfaces/include/my_interfaces/srv/detail/add_two_ints__rosidl_typesupport_introspection_cpp.hpp
[2.254s] -- Up-to-date: /home/simpson/Projects/ROS2/test1/install/my_interfaces/include/my_interfaces/srv/detail/add_two_ints__type_support.cpp
[2.258s] -- Up-to-date: /home/simpson/Projects/ROS2/test1/install/my_interfaces/lib/libmy_interfaces__rosidl_typesupport_introspection_cpp.so
[2.262s] -- Up-to-date: /home/simpson/Projects/ROS2/test1/install/my_interfaces/lib/libmy_interfaces__rosidl_typesupport_cpp.so
[2.263s] -- Up-to-date: /home/simpson/Projects/ROS2/test1/install/my_interfaces/share/my_interfaces/environment/pythonpath.sh
[2.263s] -- Up-to-date: /home/simpson/Projects/ROS2/test1/install/my_interfaces/share/my_interfaces/environment/pythonpath.dsv
[2.263s] -- Up-to-date: /home/simpson/Projects/ROS2/test1/install/my_interfaces/lib/python3.8/site-packages/my_interfaces/__init__.py
[2.318s] -- Up-to-date: /home/simpson/Projects/ROS2/test1/install/my_interfaces/lib/python3.8/site-packages/my_interfaces/msg
[2.318s] -- Up-to-date: /home/simpson/Projects/ROS2/test1/install/my_interfaces/lib/python3.8/site-packages/my_interfaces/msg/_num.py
[2.319s] -- Up-to-date: /home/simpson/Projects/ROS2/test1/install/my_interfaces/lib/python3.8/site-packages/my_interfaces/msg/_num_s.c
[2.319s] -- Up-to-date: /home/simpson/Projects/ROS2/test1/install/my_interfaces/lib/python3.8/site-packages/my_interfaces/msg/_sphere.py
[2.319s] -- Up-to-date: /home/simpson/Projects/ROS2/test1/install/my_interfaces/lib/python3.8/site-packages/my_interfaces/msg/_sphere_s.c
[2.319s] -- Up-to-date: /home/simpson/Projects/ROS2/test1/install/my_interfaces/lib/python3.8/site-packages/my_interfaces/msg/_target_coordinates.py
[2.319s] -- Up-to-date: /home/simpson/Projects/ROS2/test1/install/my_interfaces/lib/python3.8/site-packages/my_interfaces/msg/_target_coordinates_s.c
[2.320s] -- Up-to-date: /home/simpson/Projects/ROS2/test1/install/my_interfaces/lib/python3.8/site-packages/my_interfaces/msg/__init__.py
[2.320s] -- Up-to-date: /home/simpson/Projects/ROS2/test1/install/my_interfaces/lib/python3.8/site-packages/my_interfaces/srv
[2.320s] -- Up-to-date: /home/simpson/Projects/ROS2/test1/install/my_interfaces/lib/python3.8/site-packages/my_interfaces/srv/_add_three_ints.py
[2.320s] -- Up-to-date: /home/simpson/Projects/ROS2/test1/install/my_interfaces/lib/python3.8/site-packages/my_interfaces/srv/_add_three_ints_s.c
[2.320s] -- Up-to-date: /home/simpson/Projects/ROS2/test1/install/my_interfaces/lib/python3.8/site-packages/my_interfaces/srv/_add_two_ints.py
[2.320s] -- Up-to-date: /home/simpson/Projects/ROS2/test1/install/my_interfaces/lib/python3.8/site-packages/my_interfaces/srv/_add_two_ints_s.c
[2.321s] -- Up-to-date: /home/simpson/Projects/ROS2/test1/install/my_interfaces/lib/python3.8/site-packages/my_interfaces/srv/__init__.py
[2.326s] -- Up-to-date: /home/simpson/Projects/ROS2/test1/install/my_interfaces/lib/python3.8/site-packages/my_interfaces/my_interfaces_s__rosidl_typesupport_fastrtps_c.cpython-38-x86_64-linux-gnu.so
[2.332s] -- Up-to-date: /home/simpson/Projects/ROS2/test1/install/my_interfaces/lib/python3.8/site-packages/my_interfaces/my_interfaces_s__rosidl_typesupport_introspection_c.cpython-38-x86_64-linux-gnu.so
[2.339s] -- Up-to-date: /home/simpson/Projects/ROS2/test1/install/my_interfaces/lib/python3.8/site-packages/my_interfaces/my_interfaces_s__rosidl_typesupport_c.cpython-38-x86_64-linux-gnu.so
[2.346s] -- Up-to-date: /home/simpson/Projects/ROS2/test1/install/my_interfaces/lib/libmy_interfaces__python.so
[2.346s] -- Up-to-date: /home/simpson/Projects/ROS2/test1/install/my_interfaces/share/my_interfaces/msg/Num.idl
[2.346s] -- Up-to-date: /home/simpson/Projects/ROS2/test1/install/my_interfaces/share/my_interfaces/msg/Sphere.idl
[2.347s] -- Up-to-date: /home/simpson/Projects/ROS2/test1/install/my_interfaces/share/my_interfaces/srv/AddThreeInts.idl
[2.347s] -- Up-to-date: /home/simpson/Projects/ROS2/test1/install/my_interfaces/share/my_interfaces/srv/AddTwoInts.idl
[2.347s] -- Up-to-date: /home/simpson/Projects/ROS2/test1/install/my_interfaces/share/my_interfaces/msg/Num.msg
[2.347s] -- Up-to-date: /home/simpson/Projects/ROS2/test1/install/my_interfaces/share/my_interfaces/msg/Sphere.msg
[2.347s] -- Up-to-date: /home/simpson/Projects/ROS2/test1/install/my_interfaces/share/my_interfaces/srv/AddThreeInts.srv
[2.348s] -- Up-to-date: /home/simpson/Projects/ROS2/test1/install/my_interfaces/share/my_interfaces/srv/AddThreeInts_Request.msg
[2.348s] -- Up-to-date: /home/simpson/Projects/ROS2/test1/install/my_interfaces/share/my_interfaces/srv/AddThreeInts_Response.msg
[2.348s] -- Up-to-date: /home/simpson/Projects/ROS2/test1/install/my_interfaces/share/my_interfaces/srv/AddTwoInts.srv
[2.348s] -- Up-to-date: /home/simpson/Projects/ROS2/test1/install/my_interfaces/share/my_interfaces/srv/AddTwoInts_Request.msg
[2.348s] -- Up-to-date: /home/simpson/Projects/ROS2/test1/install/my_interfaces/share/my_interfaces/srv/AddTwoInts_Response.msg
[2.348s] -- Up-to-date: /home/simpson/Projects/ROS2/test1/install/my_interfaces/share/ament_index/resource_index/package_run_dependencies/my_interfaces
[2.348s] -- Up-to-date: /home/simpson/Projects/ROS2/test1/install/my_interfaces/share/ament_index/resource_index/parent_prefix_path/my_interfaces
[2.348s] -- Up-to-date: /home/simpson/Projects/ROS2/test1/install/my_interfaces/share/my_interfaces/environment/ament_prefix_path.sh
[2.349s] -- Up-to-date: /home/simpson/Projects/ROS2/test1/install/my_interfaces/share/my_interfaces/environment/ament_prefix_path.dsv
[2.349s] -- Up-to-date: /home/simpson/Projects/ROS2/test1/install/my_interfaces/share/my_interfaces/environment/path.sh
[2.349s] -- Up-to-date: /home/simpson/Projects/ROS2/test1/install/my_interfaces/share/my_interfaces/environment/path.dsv
[2.349s] -- Up-to-date: /home/simpson/Projects/ROS2/test1/install/my_interfaces/share/my_interfaces/local_setup.bash
[2.349s] -- Up-to-date: /home/simpson/Projects/ROS2/test1/install/my_interfaces/share/my_interfaces/local_setup.sh
[2.349s] -- Up-to-date: /home/simpson/Projects/ROS2/test1/install/my_interfaces/share/my_interfaces/local_setup.zsh
[2.349s] -- Up-to-date: /home/simpson/Projects/ROS2/test1/install/my_interfaces/share/my_interfaces/local_setup.dsv
[2.349s] -- Installing: /home/simpson/Projects/ROS2/test1/install/my_interfaces/share/my_interfaces/package.dsv
[2.351s] -- Up-to-date: /home/simpson/Projects/ROS2/test1/install/my_interfaces/share/ament_index/resource_index/packages/my_interfaces
[2.351s] -- Up-to-date: /home/simpson/Projects/ROS2/test1/install/my_interfaces/share/my_interfaces/cmake/my_interfaces__rosidl_generator_cExport.cmake
[2.351s] -- Up-to-date: /home/simpson/Projects/ROS2/test1/install/my_interfaces/share/my_interfaces/cmake/my_interfaces__rosidl_generator_cExport-noconfig.cmake
[2.352s] -- Up-to-date: /home/simpson/Projects/ROS2/test1/install/my_interfaces/share/my_interfaces/cmake/my_interfaces__rosidl_typesupport_introspection_cExport.cmake
[2.353s] -- Up-to-date: /home/simpson/Projects/ROS2/test1/install/my_interfaces/share/my_interfaces/cmake/my_interfaces__rosidl_typesupport_introspection_cExport-noconfig.cmake
[2.353s] -- Up-to-date: /home/simpson/Projects/ROS2/test1/install/my_interfaces/share/my_interfaces/cmake/my_interfaces__rosidl_typesupport_cExport.cmake
[2.354s] -- Up-to-date: /home/simpson/Projects/ROS2/test1/install/my_interfaces/share/my_interfaces/cmake/my_interfaces__rosidl_typesupport_cExport-noconfig.cmake
[2.354s] -- Up-to-date: /home/simpson/Projects/ROS2/test1/install/my_interfaces/share/my_interfaces/cmake/my_interfaces__rosidl_generator_cppExport.cmake
[2.355s] -- Up-to-date: /home/simpson/Projects/ROS2/test1/install/my_interfaces/share/my_interfaces/cmake/my_interfaces__rosidl_typesupport_introspection_cppExport.cmake
[2.355s] -- Up-to-date: /home/simpson/Projects/ROS2/test1/install/my_interfaces/share/my_interfaces/cmake/my_interfaces__rosidl_typesupport_introspection_cppExport-noconfig.cmake
[2.356s] -- Up-to-date: /home/simpson/Projects/ROS2/test1/install/my_interfaces/share/my_interfaces/cmake/my_interfaces__rosidl_typesupport_cppExport.cmake
[2.356s] -- Up-to-date: /home/simpson/Projects/ROS2/test1/install/my_interfaces/share/my_interfaces/cmake/my_interfaces__rosidl_typesupport_cppExport-noconfig.cmake
[2.356s] -- Up-to-date: /home/simpson/Projects/ROS2/test1/install/my_interfaces/share/my_interfaces/cmake/rosidl_cmake-extras.cmake
[2.356s] -- Up-to-date: /home/simpson/Projects/ROS2/test1/install/my_interfaces/share/my_interfaces/cmake/ament_cmake_export_dependencies-extras.cmake
[2.356s] -- Up-to-date: /home/simpson/Projects/ROS2/test1/install/my_interfaces/share/my_interfaces/cmake/ament_cmake_export_libraries-extras.cmake
[2.356s] -- Up-to-date: /home/simpson/Projects/ROS2/test1/install/my_interfaces/share/my_interfaces/cmake/ament_cmake_export_targets-extras.cmake
[2.357s] -- Up-to-date: /home/simpson/Projects/ROS2/test1/install/my_interfaces/share/my_interfaces/cmake/ament_cmake_export_include_directories-extras.cmake
[2.357s] -- Up-to-date: /home/simpson/Projects/ROS2/test1/install/my_interfaces/share/my_interfaces/cmake/rosidl_cmake_export_typesupport_libraries-extras.cmake
[2.357s] -- Up-to-date: /home/simpson/Projects/ROS2/test1/install/my_interfaces/share/my_interfaces/cmake/rosidl_cmake_export_typesupport_targets-extras.cmake
[2.357s] -- Up-to-date: /home/simpson/Projects/ROS2/test1/install/my_interfaces/share/my_interfaces/cmake/my_interfacesConfig.cmake
[2.357s] -- Up-to-date: /home/simpson/Projects/ROS2/test1/install/my_interfaces/share/my_interfaces/cmake/my_interfacesConfig-version.cmake
[2.357s] -- Up-to-date: /home/simpson/Projects/ROS2/test1/install/my_interfaces/share/my_interfaces/package.xml
[2.363s] Invoked command in '/home/simpson/Projects/ROS2/test1/build/my_interfaces' returned '0': CMAKE_PREFIX_PATH=${CMAKE_PREFIX_PATH}:/opt/ros/foxy /usr/bin/cmake --install /home/simpson/Projects/ROS2/test1/build/my_interfaces
