[0.053s] Invoking command in '/home/simpson/Projects/ROS2/test1/build/my_interfaces': CMAKE_PREFIX_PATH=${CMAKE_PREFIX_PATH}:/opt/ros/foxy /usr/bin/cmake --build /home/simpson/Projects/ROS2/test1/build/my_interfaces -- -j8 -l8
[0.290s] [  1%] Built target my_interfaces__cpp
[0.311s] [ 12%] Built target my_interfaces__rosidl_generator_c
[0.484s] [ 23%] Built target my_interfaces__rosidl_typesupport_cpp
[0.493s] [ 36%] Built target my_interfaces__rosidl_typesupport_introspection_cpp
[0.497s] [ 45%] Built target my_interfaces__rosidl_typesupport_c
[0.504s] [ 61%] Built target my_interfaces__rosidl_typesupport_fastrtps_cpp
[0.507s] [ 67%] Built target my_interfaces__rosidl_typesupport_introspection_c
[0.645s] [ 78%] Built target my_interfaces__rosidl_typesupport_fastrtps_c
[0.743s] [ 78%] Built target my_interfaces
[0.842s] [ 80%] Built target my_interfaces__py
[0.966s] [ 89%] Built target my_interfaces__python
[1.109s] [ 92%] Built target my_interfaces__rosidl_typesupport_c__pyext
[1.113s] [100%] Built target my_interfaces__rosidl_typesupport_introspection_c__pyext
[1.114s] [100%] Built target my_interfaces__rosidl_typesupport_fastrtps_c__pyext
[1.161s] Invoked command in '/home/simpson/Projects/ROS2/test1/build/my_interfaces' returned '0': CMAKE_PREFIX_PATH=${CMAKE_PREFIX_PATH}:/opt/ros/foxy /usr/bin/cmake --build /home/simpson/Projects/ROS2/test1/build/my_interfaces -- -j8 -l8
[2.289s] Invoking command in '/home/simpson/Projects/ROS2/test1/build/my_interfaces': CMAKE_PREFIX_PATH=${CMAKE_PREFIX_PATH}:/opt/ros/foxy /usr/bin/cmake --install /home/simpson/Projects/ROS2/test1/build/my_interfaces
[2.320s] -- Install configuration: ""
[2.320s] -- Up-to-date: /home/simpson/Projects/ROS2/test1/install/my_interfaces/share/ament_index/resource_index/rosidl_interfaces/my_interfaces
[2.321s] -- Up-to-date: /home/simpson/Projects/ROS2/test1/install/my_interfaces/include/my_interfaces
[2.321s] -- Up-to-date: /home/simpson/Projects/ROS2/test1/install/my_interfaces/include/my_interfaces/msg
[2.321s] -- Up-to-date: /home/simpson/Projects/ROS2/test1/install/my_interfaces/include/my_interfaces/msg/detail
[2.321s] -- Up-to-date: /home/simpson/Projects/ROS2/test1/install/my_interfaces/include/my_interfaces/msg/detail/num__functions.c
[2.321s] -- Up-to-date: /home/simpson/Projects/ROS2/test1/install/my_interfaces/include/my_interfaces/msg/detail/num__functions.h
[2.322s] -- Up-to-date: /home/simpson/Projects/ROS2/test1/install/my_interfaces/include/my_interfaces/msg/detail/num__struct.h
[2.322s] -- Up-to-date: /home/simpson/Projects/ROS2/test1/install/my_interfaces/include/my_interfaces/msg/detail/num__type_support.h
[2.322s] -- Up-to-date: /home/simpson/Projects/ROS2/test1/install/my_interfaces/include/my_interfaces/msg/detail/sphere__functions.c
[2.322s] -- Up-to-date: /home/simpson/Projects/ROS2/test1/install/my_interfaces/include/my_interfaces/msg/detail/sphere__functions.h
[2.323s] -- Up-to-date: /home/simpson/Projects/ROS2/test1/install/my_interfaces/include/my_interfaces/msg/detail/sphere__struct.h
[2.323s] -- Up-to-date: /home/simpson/Projects/ROS2/test1/install/my_interfaces/include/my_interfaces/msg/detail/sphere__type_support.h
[2.323s] -- Up-to-date: /home/simpson/Projects/ROS2/test1/install/my_interfaces/include/my_interfaces/msg/num.h
[2.323s] -- Up-to-date: /home/simpson/Projects/ROS2/test1/install/my_interfaces/include/my_interfaces/msg/rosidl_generator_c__visibility_control.h
[2.323s] -- Up-to-date: /home/simpson/Projects/ROS2/test1/install/my_interfaces/include/my_interfaces/msg/sphere.h
[2.323s] -- Up-to-date: /home/simpson/Projects/ROS2/test1/install/my_interfaces/include/my_interfaces/srv
[2.323s] -- Up-to-date: /home/simpson/Projects/ROS2/test1/install/my_interfaces/include/my_interfaces/srv/add_three_ints.h
[2.323s] -- Up-to-date: /home/simpson/Projects/ROS2/test1/install/my_interfaces/include/my_interfaces/srv/add_two_ints.h
[2.324s] -- Up-to-date: /home/simpson/Projects/ROS2/test1/install/my_interfaces/include/my_interfaces/srv/detail
[2.324s] -- Up-to-date: /home/simpson/Projects/ROS2/test1/install/my_interfaces/include/my_interfaces/srv/detail/add_three_ints__functions.c
[2.324s] -- Up-to-date: /home/simpson/Projects/ROS2/test1/install/my_interfaces/include/my_interfaces/srv/detail/add_three_ints__functions.h
[2.324s] -- Up-to-date: /home/simpson/Projects/ROS2/test1/install/my_interfaces/include/my_interfaces/srv/detail/add_three_ints__struct.h
[2.324s] -- Up-to-date: /home/simpson/Projects/ROS2/test1/install/my_interfaces/include/my_interfaces/srv/detail/add_three_ints__type_support.h
[2.324s] -- Up-to-date: /home/simpson/Projects/ROS2/test1/install/my_interfaces/include/my_interfaces/srv/detail/add_two_ints__functions.c
[2.324s] -- Up-to-date: /home/simpson/Projects/ROS2/test1/install/my_interfaces/include/my_interfaces/srv/detail/add_two_ints__functions.h
[2.324s] -- Up-to-date: /home/simpson/Projects/ROS2/test1/install/my_interfaces/include/my_interfaces/srv/detail/add_two_ints__struct.h
[2.324s] -- Up-to-date: /home/simpson/Projects/ROS2/test1/install/my_interfaces/include/my_interfaces/srv/detail/add_two_ints__type_support.h
[2.324s] -- Up-to-date: /home/simpson/Projects/ROS2/test1/install/my_interfaces/share/my_interfaces/environment/library_path.sh
[2.325s] -- Up-to-date: /home/simpson/Projects/ROS2/test1/install/my_interfaces/share/my_interfaces/environment/library_path.dsv
[2.328s] -- Up-to-date: /home/simpson/Projects/ROS2/test1/install/my_interfaces/lib/libmy_interfaces__rosidl_generator_c.so
[2.328s] -- Up-to-date: /home/simpson/Projects/ROS2/test1/install/my_interfaces/include/my_interfaces
[2.329s] -- Up-to-date: /home/simpson/Projects/ROS2/test1/install/my_interfaces/include/my_interfaces/msg
[2.329s] -- Up-to-date: /home/simpson/Projects/ROS2/test1/install/my_interfaces/include/my_interfaces/msg/detail
[2.329s] -- Up-to-date: /home/simpson/Projects/ROS2/test1/install/my_interfaces/include/my_interfaces/msg/detail/num__rosidl_typesupport_fastrtps_c.h
[2.329s] -- Up-to-date: /home/simpson/Projects/ROS2/test1/install/my_interfaces/include/my_interfaces/msg/detail/sphere__rosidl_typesupport_fastrtps_c.h
[2.330s] -- Up-to-date: /home/simpson/Projects/ROS2/test1/install/my_interfaces/include/my_interfaces/msg/rosidl_typesupport_fastrtps_c__visibility_control.h
[2.330s] -- Up-to-date: /home/simpson/Projects/ROS2/test1/install/my_interfaces/include/my_interfaces/srv
[2.330s] -- Up-to-date: /home/simpson/Projects/ROS2/test1/install/my_interfaces/include/my_interfaces/srv/detail
[2.330s] -- Up-to-date: /home/simpson/Projects/ROS2/test1/install/my_interfaces/include/my_interfaces/srv/detail/add_three_ints__rosidl_typesupport_fastrtps_c.h
[2.330s] -- Up-to-date: /home/simpson/Projects/ROS2/test1/install/my_interfaces/include/my_interfaces/srv/detail/add_two_ints__rosidl_typesupport_fastrtps_c.h
[2.334s] -- Up-to-date: /home/simpson/Projects/ROS2/test1/install/my_interfaces/lib/libmy_interfaces__rosidl_typesupport_fastrtps_c.so
[2.335s] -- Up-to-date: /home/simpson/Projects/ROS2/test1/install/my_interfaces/include/my_interfaces
[2.335s] -- Up-to-date: /home/simpson/Projects/ROS2/test1/install/my_interfaces/include/my_interfaces/msg
[2.335s] -- Up-to-date: /home/simpson/Projects/ROS2/test1/install/my_interfaces/include/my_interfaces/msg/detail
[2.336s] -- Up-to-date: /home/simpson/Projects/ROS2/test1/install/my_interfaces/include/my_interfaces/msg/detail/dds_fastrtps
[2.336s] -- Up-to-date: /home/simpson/Projects/ROS2/test1/install/my_interfaces/include/my_interfaces/msg/detail/num__rosidl_typesupport_fastrtps_cpp.hpp
[2.336s] -- Up-to-date: /home/simpson/Projects/ROS2/test1/install/my_interfaces/include/my_interfaces/msg/detail/sphere__rosidl_typesupport_fastrtps_cpp.hpp
[2.336s] -- Up-to-date: /home/simpson/Projects/ROS2/test1/install/my_interfaces/include/my_interfaces/msg/rosidl_typesupport_fastrtps_cpp__visibility_control.h
[2.336s] -- Up-to-date: /home/simpson/Projects/ROS2/test1/install/my_interfaces/include/my_interfaces/srv
[2.336s] -- Up-to-date: /home/simpson/Projects/ROS2/test1/install/my_interfaces/include/my_interfaces/srv/detail
[2.336s] -- Up-to-date: /home/simpson/Projects/ROS2/test1/install/my_interfaces/include/my_interfaces/srv/detail/add_three_ints__rosidl_typesupport_fastrtps_cpp.hpp
[2.337s] -- Up-to-date: /home/simpson/Projects/ROS2/test1/install/my_interfaces/include/my_interfaces/srv/detail/add_two_ints__rosidl_typesupport_fastrtps_cpp.hpp
[2.337s] -- Up-to-date: /home/simpson/Projects/ROS2/test1/install/my_interfaces/include/my_interfaces/srv/detail/dds_fastrtps
[2.343s] -- Up-to-date: /home/simpson/Projects/ROS2/test1/install/my_interfaces/lib/libmy_interfaces__rosidl_typesupport_fastrtps_cpp.so
[2.344s] -- Up-to-date: /home/simpson/Projects/ROS2/test1/install/my_interfaces/include/my_interfaces
[2.344s] -- Up-to-date: /home/simpson/Projects/ROS2/test1/install/my_interfaces/include/my_interfaces/msg
[2.344s] -- Up-to-date: /home/simpson/Projects/ROS2/test1/install/my_interfaces/include/my_interfaces/msg/detail
[2.345s] -- Up-to-date: /home/simpson/Projects/ROS2/test1/install/my_interfaces/include/my_interfaces/msg/detail/num__rosidl_typesupport_introspection_c.h
[2.345s] -- Up-to-date: /home/simpson/Projects/ROS2/test1/install/my_interfaces/include/my_interfaces/msg/detail/num__type_support.c
[2.345s] -- Up-to-date: /home/simpson/Projects/ROS2/test1/install/my_interfaces/include/my_interfaces/msg/detail/sphere__rosidl_typesupport_introspection_c.h
[2.345s] -- Up-to-date: /home/simpson/Projects/ROS2/test1/install/my_interfaces/include/my_interfaces/msg/detail/sphere__type_support.c
[2.346s] -- Up-to-date: /home/simpson/Projects/ROS2/test1/install/my_interfaces/include/my_interfaces/msg/rosidl_typesupport_introspection_c__visibility_control.h
[2.346s] -- Up-to-date: /home/simpson/Projects/ROS2/test1/install/my_interfaces/include/my_interfaces/srv
[2.346s] -- Up-to-date: /home/simpson/Projects/ROS2/test1/install/my_interfaces/include/my_interfaces/srv/detail
[2.346s] -- Up-to-date: /home/simpson/Projects/ROS2/test1/install/my_interfaces/include/my_interfaces/srv/detail/add_three_ints__rosidl_typesupport_introspection_c.h
[2.346s] -- Up-to-date: /home/simpson/Projects/ROS2/test1/install/my_interfaces/include/my_interfaces/srv/detail/add_three_ints__type_support.c
[2.346s] -- Up-to-date: /home/simpson/Projects/ROS2/test1/install/my_interfaces/include/my_interfaces/srv/detail/add_two_ints__rosidl_typesupport_introspection_c.h
[2.346s] -- Up-to-date: /home/simpson/Projects/ROS2/test1/install/my_interfaces/include/my_interfaces/srv/detail/add_two_ints__type_support.c
[2.352s] -- Up-to-date: /home/simpson/Projects/ROS2/test1/install/my_interfaces/lib/libmy_interfaces__rosidl_typesupport_introspection_c.so
[2.358s] -- Up-to-date: /home/simpson/Projects/ROS2/test1/install/my_interfaces/lib/libmy_interfaces__rosidl_typesupport_c.so
[2.359s] -- Up-to-date: /home/simpson/Projects/ROS2/test1/install/my_interfaces/include/my_interfaces
[2.359s] -- Up-to-date: /home/simpson/Projects/ROS2/test1/install/my_interfaces/include/my_interfaces/msg
[2.359s] -- Up-to-date: /home/simpson/Projects/ROS2/test1/install/my_interfaces/include/my_interfaces/msg/detail
[2.359s] -- Up-to-date: /home/simpson/Projects/ROS2/test1/install/my_interfaces/include/my_interfaces/msg/detail/num__builder.hpp
[2.360s] -- Up-to-date: /home/simpson/Projects/ROS2/test1/install/my_interfaces/include/my_interfaces/msg/detail/num__struct.hpp
[2.360s] -- Up-to-date: /home/simpson/Projects/ROS2/test1/install/my_interfaces/include/my_interfaces/msg/detail/num__traits.hpp
[2.360s] -- Up-to-date: /home/simpson/Projects/ROS2/test1/install/my_interfaces/include/my_interfaces/msg/detail/sphere__builder.hpp
[2.360s] -- Up-to-date: /home/simpson/Projects/ROS2/test1/install/my_interfaces/include/my_interfaces/msg/detail/sphere__struct.hpp
[2.361s] -- Up-to-date: /home/simpson/Projects/ROS2/test1/install/my_interfaces/include/my_interfaces/msg/detail/sphere__traits.hpp
[2.361s] -- Up-to-date: /home/simpson/Projects/ROS2/test1/install/my_interfaces/include/my_interfaces/msg/num.hpp
[2.361s] -- Up-to-date: /home/simpson/Projects/ROS2/test1/install/my_interfaces/include/my_interfaces/msg/sphere.hpp
[2.361s] -- Up-to-date: /home/simpson/Projects/ROS2/test1/install/my_interfaces/include/my_interfaces/srv
[2.361s] -- Up-to-date: /home/simpson/Projects/ROS2/test1/install/my_interfaces/include/my_interfaces/srv/add_three_ints.hpp
[2.361s] -- Up-to-date: /home/simpson/Projects/ROS2/test1/install/my_interfaces/include/my_interfaces/srv/add_two_ints.hpp
[2.362s] -- Up-to-date: /home/simpson/Projects/ROS2/test1/install/my_interfaces/include/my_interfaces/srv/detail
[2.362s] -- Up-to-date: /home/simpson/Projects/ROS2/test1/install/my_interfaces/include/my_interfaces/srv/detail/add_three_ints__builder.hpp
[2.362s] -- Up-to-date: /home/simpson/Projects/ROS2/test1/install/my_interfaces/include/my_interfaces/srv/detail/add_three_ints__struct.hpp
[2.362s] -- Up-to-date: /home/simpson/Projects/ROS2/test1/install/my_interfaces/include/my_interfaces/srv/detail/add_three_ints__traits.hpp
[2.362s] -- Up-to-date: /home/simpson/Projects/ROS2/test1/install/my_interfaces/include/my_interfaces/srv/detail/add_two_ints__builder.hpp
[2.362s] -- Up-to-date: /home/simpson/Projects/ROS2/test1/install/my_interfaces/include/my_interfaces/srv/detail/add_two_ints__struct.hpp
[2.362s] -- Up-to-date: /home/simpson/Projects/ROS2/test1/install/my_interfaces/include/my_interfaces/srv/detail/add_two_ints__traits.hpp
[2.363s] -- Up-to-date: /home/simpson/Projects/ROS2/test1/install/my_interfaces/include/my_interfaces
[2.363s] -- Up-to-date: /home/simpson/Projects/ROS2/test1/install/my_interfaces/include/my_interfaces/msg
[2.363s] -- Up-to-date: /home/simpson/Projects/ROS2/test1/install/my_interfaces/include/my_interfaces/msg/detail
[2.363s] -- Up-to-date: /home/simpson/Projects/ROS2/test1/install/my_interfaces/include/my_interfaces/msg/detail/num__rosidl_typesupport_introspection_cpp.hpp
[2.363s] -- Up-to-date: /home/simpson/Projects/ROS2/test1/install/my_interfaces/include/my_interfaces/msg/detail/num__type_support.cpp
[2.363s] -- Up-to-date: /home/simpson/Projects/ROS2/test1/install/my_interfaces/include/my_interfaces/msg/detail/sphere__rosidl_typesupport_introspection_cpp.hpp
[2.363s] -- Up-to-date: /home/simpson/Projects/ROS2/test1/install/my_interfaces/include/my_interfaces/msg/detail/sphere__type_support.cpp
[2.363s] -- Up-to-date: /home/simpson/Projects/ROS2/test1/install/my_interfaces/include/my_interfaces/srv
[2.364s] -- Up-to-date: /home/simpson/Projects/ROS2/test1/install/my_interfaces/include/my_interfaces/srv/detail
[2.364s] -- Up-to-date: /home/simpson/Projects/ROS2/test1/install/my_interfaces/include/my_interfaces/srv/detail/add_three_ints__rosidl_typesupport_introspection_cpp.hpp
[2.364s] -- Up-to-date: /home/simpson/Projects/ROS2/test1/install/my_interfaces/include/my_interfaces/srv/detail/add_three_ints__type_support.cpp
[2.364s] -- Up-to-date: /home/simpson/Projects/ROS2/test1/install/my_interfaces/include/my_interfaces/srv/detail/add_two_ints__rosidl_typesupport_introspection_cpp.hpp
[2.364s] -- Up-to-date: /home/simpson/Projects/ROS2/test1/install/my_interfaces/include/my_interfaces/srv/detail/add_two_ints__type_support.cpp
[2.369s] -- Up-to-date: /home/simpson/Projects/ROS2/test1/install/my_interfaces/lib/libmy_interfaces__rosidl_typesupport_introspection_cpp.so
[2.375s] -- Up-to-date: /home/simpson/Projects/ROS2/test1/install/my_interfaces/lib/libmy_interfaces__rosidl_typesupport_cpp.so
[2.376s] -- Up-to-date: /home/simpson/Projects/ROS2/test1/install/my_interfaces/share/my_interfaces/environment/pythonpath.sh
[2.376s] -- Up-to-date: /home/simpson/Projects/ROS2/test1/install/my_interfaces/share/my_interfaces/environment/pythonpath.dsv
[2.376s] -- Up-to-date: /home/simpson/Projects/ROS2/test1/install/my_interfaces/lib/python3.8/site-packages/my_interfaces/__init__.py
[2.440s] -- Up-to-date: /home/simpson/Projects/ROS2/test1/install/my_interfaces/lib/python3.8/site-packages/my_interfaces/msg
[2.441s] -- Up-to-date: /home/simpson/Projects/ROS2/test1/install/my_interfaces/lib/python3.8/site-packages/my_interfaces/msg/_num.py
[2.441s] -- Up-to-date: /home/simpson/Projects/ROS2/test1/install/my_interfaces/lib/python3.8/site-packages/my_interfaces/msg/_num_s.c
[2.441s] -- Up-to-date: /home/simpson/Projects/ROS2/test1/install/my_interfaces/lib/python3.8/site-packages/my_interfaces/msg/_sphere.py
[2.441s] -- Up-to-date: /home/simpson/Projects/ROS2/test1/install/my_interfaces/lib/python3.8/site-packages/my_interfaces/msg/_sphere_s.c
[2.441s] -- Up-to-date: /home/simpson/Projects/ROS2/test1/install/my_interfaces/lib/python3.8/site-packages/my_interfaces/msg/__init__.py
[2.441s] -- Up-to-date: /home/simpson/Projects/ROS2/test1/install/my_interfaces/lib/python3.8/site-packages/my_interfaces/srv
[2.441s] -- Up-to-date: /home/simpson/Projects/ROS2/test1/install/my_interfaces/lib/python3.8/site-packages/my_interfaces/srv/_add_three_ints.py
[2.442s] -- Up-to-date: /home/simpson/Projects/ROS2/test1/install/my_interfaces/lib/python3.8/site-packages/my_interfaces/srv/_add_three_ints_s.c
[2.442s] -- Up-to-date: /home/simpson/Projects/ROS2/test1/install/my_interfaces/lib/python3.8/site-packages/my_interfaces/srv/_add_two_ints.py
[2.442s] -- Up-to-date: /home/simpson/Projects/ROS2/test1/install/my_interfaces/lib/python3.8/site-packages/my_interfaces/srv/_add_two_ints_s.c
[2.442s] -- Up-to-date: /home/simpson/Projects/ROS2/test1/install/my_interfaces/lib/python3.8/site-packages/my_interfaces/srv/__init__.py
[2.446s] -- Up-to-date: /home/simpson/Projects/ROS2/test1/install/my_interfaces/lib/python3.8/site-packages/my_interfaces/my_interfaces_s__rosidl_typesupport_fastrtps_c.cpython-38-x86_64-linux-gnu.so
[2.452s] -- Up-to-date: /home/simpson/Projects/ROS2/test1/install/my_interfaces/lib/python3.8/site-packages/my_interfaces/my_interfaces_s__rosidl_typesupport_introspection_c.cpython-38-x86_64-linux-gnu.so
[2.458s] -- Up-to-date: /home/simpson/Projects/ROS2/test1/install/my_interfaces/lib/python3.8/site-packages/my_interfaces/my_interfaces_s__rosidl_typesupport_c.cpython-38-x86_64-linux-gnu.so
[2.466s] -- Up-to-date: /home/simpson/Projects/ROS2/test1/install/my_interfaces/lib/libmy_interfaces__python.so
[2.467s] -- Up-to-date: /home/simpson/Projects/ROS2/test1/install/my_interfaces/share/my_interfaces/msg/Num.idl
[2.467s] -- Up-to-date: /home/simpson/Projects/ROS2/test1/install/my_interfaces/share/my_interfaces/msg/Sphere.idl
[2.468s] -- Up-to-date: /home/simpson/Projects/ROS2/test1/install/my_interfaces/share/my_interfaces/srv/AddThreeInts.idl
[2.468s] -- Up-to-date: /home/simpson/Projects/ROS2/test1/install/my_interfaces/share/my_interfaces/srv/AddTwoInts.idl
[2.468s] -- Up-to-date: /home/simpson/Projects/ROS2/test1/install/my_interfaces/share/my_interfaces/msg/Num.msg
[2.468s] -- Up-to-date: /home/simpson/Projects/ROS2/test1/install/my_interfaces/share/my_interfaces/msg/Sphere.msg
[2.468s] -- Up-to-date: /home/simpson/Projects/ROS2/test1/install/my_interfaces/share/my_interfaces/srv/AddThreeInts.srv
[2.469s] -- Up-to-date: /home/simpson/Projects/ROS2/test1/install/my_interfaces/share/my_interfaces/srv/AddThreeInts_Request.msg
[2.469s] -- Up-to-date: /home/simpson/Projects/ROS2/test1/install/my_interfaces/share/my_interfaces/srv/AddThreeInts_Response.msg
[2.469s] -- Up-to-date: /home/simpson/Projects/ROS2/test1/install/my_interfaces/share/my_interfaces/srv/AddTwoInts.srv
[2.469s] -- Up-to-date: /home/simpson/Projects/ROS2/test1/install/my_interfaces/share/my_interfaces/srv/AddTwoInts_Request.msg
[2.469s] -- Up-to-date: /home/simpson/Projects/ROS2/test1/install/my_interfaces/share/my_interfaces/srv/AddTwoInts_Response.msg
[2.469s] -- Up-to-date: /home/simpson/Projects/ROS2/test1/install/my_interfaces/share/ament_index/resource_index/package_run_dependencies/my_interfaces
[2.469s] -- Up-to-date: /home/simpson/Projects/ROS2/test1/install/my_interfaces/share/ament_index/resource_index/parent_prefix_path/my_interfaces
[2.470s] -- Up-to-date: /home/simpson/Projects/ROS2/test1/install/my_interfaces/share/my_interfaces/environment/ament_prefix_path.sh
[2.470s] -- Up-to-date: /home/simpson/Projects/ROS2/test1/install/my_interfaces/share/my_interfaces/environment/ament_prefix_path.dsv
[2.470s] -- Up-to-date: /home/simpson/Projects/ROS2/test1/install/my_interfaces/share/my_interfaces/environment/path.sh
[2.470s] -- Up-to-date: /home/simpson/Projects/ROS2/test1/install/my_interfaces/share/my_interfaces/environment/path.dsv
[2.470s] -- Up-to-date: /home/simpson/Projects/ROS2/test1/install/my_interfaces/share/my_interfaces/local_setup.bash
[2.470s] -- Up-to-date: /home/simpson/Projects/ROS2/test1/install/my_interfaces/share/my_interfaces/local_setup.sh
[2.470s] -- Up-to-date: /home/simpson/Projects/ROS2/test1/install/my_interfaces/share/my_interfaces/local_setup.zsh
[2.471s] -- Up-to-date: /home/simpson/Projects/ROS2/test1/install/my_interfaces/share/my_interfaces/local_setup.dsv
[2.471s] -- Installing: /home/simpson/Projects/ROS2/test1/install/my_interfaces/share/my_interfaces/package.dsv
[2.473s] -- Up-to-date: /home/simpson/Projects/ROS2/test1/install/my_interfaces/share/ament_index/resource_index/packages/my_interfaces
[2.473s] -- Up-to-date: /home/simpson/Projects/ROS2/test1/install/my_interfaces/share/my_interfaces/cmake/my_interfaces__rosidl_generator_cExport.cmake
[2.473s] -- Up-to-date: /home/simpson/Projects/ROS2/test1/install/my_interfaces/share/my_interfaces/cmake/my_interfaces__rosidl_generator_cExport-noconfig.cmake
[2.474s] -- Up-to-date: /home/simpson/Projects/ROS2/test1/install/my_interfaces/share/my_interfaces/cmake/my_interfaces__rosidl_typesupport_introspection_cExport.cmake
[2.474s] -- Up-to-date: /home/simpson/Projects/ROS2/test1/install/my_interfaces/share/my_interfaces/cmake/my_interfaces__rosidl_typesupport_introspection_cExport-noconfig.cmake
[2.475s] -- Up-to-date: /home/simpson/Projects/ROS2/test1/install/my_interfaces/share/my_interfaces/cmake/my_interfaces__rosidl_typesupport_cExport.cmake
[2.475s] -- Up-to-date: /home/simpson/Projects/ROS2/test1/install/my_interfaces/share/my_interfaces/cmake/my_interfaces__rosidl_typesupport_cExport-noconfig.cmake
[2.475s] -- Up-to-date: /home/simpson/Projects/ROS2/test1/install/my_interfaces/share/my_interfaces/cmake/my_interfaces__rosidl_generator_cppExport.cmake
[2.476s] -- Up-to-date: /home/simpson/Projects/ROS2/test1/install/my_interfaces/share/my_interfaces/cmake/my_interfaces__rosidl_typesupport_introspection_cppExport.cmake
[2.477s] -- Up-to-date: /home/simpson/Projects/ROS2/test1/install/my_interfaces/share/my_interfaces/cmake/my_interfaces__rosidl_typesupport_introspection_cppExport-noconfig.cmake
[2.477s] -- Up-to-date: /home/simpson/Projects/ROS2/test1/install/my_interfaces/share/my_interfaces/cmake/my_interfaces__rosidl_typesupport_cppExport.cmake
[2.477s] -- Up-to-date: /home/simpson/Projects/ROS2/test1/install/my_interfaces/share/my_interfaces/cmake/my_interfaces__rosidl_typesupport_cppExport-noconfig.cmake
[2.477s] -- Up-to-date: /home/simpson/Projects/ROS2/test1/install/my_interfaces/share/my_interfaces/cmake/rosidl_cmake-extras.cmake
[2.478s] -- Up-to-date: /home/simpson/Projects/ROS2/test1/install/my_interfaces/share/my_interfaces/cmake/ament_cmake_export_dependencies-extras.cmake
[2.478s] -- Up-to-date: /home/simpson/Projects/ROS2/test1/install/my_interfaces/share/my_interfaces/cmake/ament_cmake_export_libraries-extras.cmake
[2.478s] -- Up-to-date: /home/simpson/Projects/ROS2/test1/install/my_interfaces/share/my_interfaces/cmake/ament_cmake_export_targets-extras.cmake
[2.478s] -- Up-to-date: /home/simpson/Projects/ROS2/test1/install/my_interfaces/share/my_interfaces/cmake/ament_cmake_export_include_directories-extras.cmake
[2.478s] -- Up-to-date: /home/simpson/Projects/ROS2/test1/install/my_interfaces/share/my_interfaces/cmake/rosidl_cmake_export_typesupport_libraries-extras.cmake
[2.478s] -- Up-to-date: /home/simpson/Projects/ROS2/test1/install/my_interfaces/share/my_interfaces/cmake/rosidl_cmake_export_typesupport_targets-extras.cmake
[2.478s] -- Up-to-date: /home/simpson/Projects/ROS2/test1/install/my_interfaces/share/my_interfaces/cmake/my_interfacesConfig.cmake
[2.478s] -- Up-to-date: /home/simpson/Projects/ROS2/test1/install/my_interfaces/share/my_interfaces/cmake/my_interfacesConfig-version.cmake
[2.479s] -- Up-to-date: /home/simpson/Projects/ROS2/test1/install/my_interfaces/share/my_interfaces/package.xml
[2.484s] Invoked command in '/home/simpson/Projects/ROS2/test1/build/my_interfaces' returned '0': CMAKE_PREFIX_PATH=${CMAKE_PREFIX_PATH}:/opt/ros/foxy /usr/bin/cmake --install /home/simpson/Projects/ROS2/test1/build/my_interfaces
