[0.079s] Invoking command in '/home/simpson/Projects/ROS2/test1/build/cpp_srvcli': CMAKE_PREFIX_PATH=/home/simpson/Projects/ROS2/test1/install/my_interfaces:/home/simpson/Projects/ROS2/test1/install/cpp_pubsub:/opt/ros/foxy /usr/bin/cmake /home/simpson/Projects/ROS2/test1/src/cpp_srvcli -DCMAKE_INSTALL_PREFIX=/home/simpson/Projects/ROS2/test1/install/cpp_srvcli
[0.295s] -- The C compiler identification is GNU 9.4.0
[0.473s] -- The CXX compiler identification is GNU 9.4.0
[0.494s] -- Check for working C compiler: /usr/bin/cc
[0.827s] -- Check for working C compiler: /usr/bin/cc -- works
[0.829s] -- Detecting C compiler ABI info
[1.173s] -- Detecting C compiler ABI info - done
[1.189s] -- Detecting C compile features
[1.189s] -- Detecting C compile features - done
[1.202s] -- Check for working CXX compiler: /usr/bin/c++
[1.549s] -- Check for working CXX compiler: /usr/bin/c++ -- works
[1.551s] -- Detecting CXX compiler ABI info
[1.898s] -- Detecting CXX compiler ABI info - done
[1.913s] -- Detecting CXX compile features
[1.913s] -- Detecting CXX compile features - done
[1.934s] -- Found ament_cmake: 0.9.11 (/opt/ros/foxy/share/ament_cmake/cmake)
[1.983s] -- Found PythonInterp: /usr/bin/python3 (found suitable version "3.8.10", minimum required is "3") 
[1.983s] -- Using PYTHON_EXECUTABLE: /usr/bin/python3
[2.337s] -- Found rclcpp: 2.4.2 (/opt/ros/foxy/share/rclcpp/cmake)
[2.423s] -- Using all available rosidl_typesupport_c: rosidl_typesupport_fastrtps_c;rosidl_typesupport_introspection_c
[2.435s] -- Found rosidl_adapter: 1.3.0 (/opt/ros/foxy/share/rosidl_adapter/cmake)
[2.867s] -- Found OpenSSL: /usr/lib/x86_64-linux-gnu/libcrypto.so (found version "1.1.1f")  
[2.982s] -- Found FastRTPS: /opt/ros/foxy/include  
[3.354s] -- Using all available rosidl_typesupport_cpp: rosidl_typesupport_fastrtps_cpp;rosidl_typesupport_introspection_cpp
[3.483s] -- Found rmw_implementation_cmake: 1.0.3 (/opt/ros/foxy/share/rmw_implementation_cmake/cmake)
[3.487s] -- Using RMW implementation 'rmw_fastrtps_cpp' as default
[3.504s] -- Looking for pthread.h
[3.878s] -- Looking for pthread.h - found
[3.880s] -- Performing Test CMAKE_HAVE_LIBC_PTHREAD
[4.247s] -- Performing Test CMAKE_HAVE_LIBC_PTHREAD - Failed
[4.248s] -- Looking for pthread_create in pthreads
[4.578s] -- Looking for pthread_create in pthreads - not found
[4.579s] -- Looking for pthread_create in pthread
[4.934s] -- Looking for pthread_create in pthread - found
[4.937s] -- Found Threads: TRUE  
[5.231s] -- Found my_interfaces: 0.0.0 (/home/simpson/Projects/ROS2/test1/install/my_interfaces/share/my_interfaces/cmake)
[5.407s] -- Found ament_lint_auto: 0.9.7 (/opt/ros/foxy/share/ament_lint_auto/cmake)
[5.586s] -- Added test 'copyright' to check source files copyright and LICENSE
[5.590s] -- Added test 'cppcheck' to perform static code analysis on C / C++ code
[5.590s] -- Configured cppcheck include dirs: 
[5.591s] -- Configured cppcheck exclude dirs and/or files: 
[5.594s] -- Added test 'cpplint' to check C / C++ code against the Google style
[5.594s] -- Configured cpplint exclude dirs and/or files: 
[5.598s] -- Added test 'lint_cmake' to check CMake code style
[5.602s] -- Added test 'uncrustify' to check C / C++ code style
[5.603s] -- Configured uncrustify additional arguments: 
[5.605s] -- Added test 'xmllint' to check XML markup files
[5.637s] -- Configuring done
[5.743s] -- Generating done
[5.775s] -- Build files have been written to: /home/simpson/Projects/ROS2/test1/build/cpp_srvcli
[5.792s] Invoked command in '/home/simpson/Projects/ROS2/test1/build/cpp_srvcli' returned '0': CMAKE_PREFIX_PATH=/home/simpson/Projects/ROS2/test1/install/my_interfaces:/home/simpson/Projects/ROS2/test1/install/cpp_pubsub:/opt/ros/foxy /usr/bin/cmake /home/simpson/Projects/ROS2/test1/src/cpp_srvcli -DCMAKE_INSTALL_PREFIX=/home/simpson/Projects/ROS2/test1/install/cpp_srvcli
[5.800s] Invoking command in '/home/simpson/Projects/ROS2/test1/build/cpp_srvcli': CMAKE_PREFIX_PATH=/home/simpson/Projects/ROS2/test1/install/my_interfaces:/home/simpson/Projects/ROS2/test1/install/cpp_pubsub:/opt/ros/foxy /usr/bin/cmake --build /home/simpson/Projects/ROS2/test1/build/cpp_srvcli -- -j8 -l8
[6.020s] [35m[1mScanning dependencies of target client[0m
[6.036s] [35m[1mScanning dependencies of target server[0m
[6.216s] [ 50%] [32mBuilding CXX object CMakeFiles/server.dir/src/add_two_ints_server.cpp.o[0m
[6.216s] [ 50%] [32mBuilding CXX object CMakeFiles/client.dir/src/add_two_ints_client.cpp.o[0m
[8.372s] [ 75%] [32m[1mLinking CXX executable server[0m
[8.645s] [100%] [32m[1mLinking CXX executable client[0m
[8.695s] [100%] Built target server
[8.946s] [100%] Built target client
[8.989s] Invoked command in '/home/simpson/Projects/ROS2/test1/build/cpp_srvcli' returned '0': CMAKE_PREFIX_PATH=/home/simpson/Projects/ROS2/test1/install/my_interfaces:/home/simpson/Projects/ROS2/test1/install/cpp_pubsub:/opt/ros/foxy /usr/bin/cmake --build /home/simpson/Projects/ROS2/test1/build/cpp_srvcli -- -j8 -l8
[9.238s] Invoking command in '/home/simpson/Projects/ROS2/test1/build/cpp_srvcli': CMAKE_PREFIX_PATH=/home/simpson/Projects/ROS2/test1/install/my_interfaces:/home/simpson/Projects/ROS2/test1/install/cpp_pubsub:/opt/ros/foxy /usr/bin/cmake --install /home/simpson/Projects/ROS2/test1/build/cpp_srvcli
[9.271s] -- Install configuration: ""
[9.272s] -- Installing: /home/simpson/Projects/ROS2/test1/install/cpp_srvcli/lib/cpp_srvcli/server
[9.288s] -- Set runtime path of "/home/simpson/Projects/ROS2/test1/install/cpp_srvcli/lib/cpp_srvcli/server" to ""
[9.288s] -- Installing: /home/simpson/Projects/ROS2/test1/install/cpp_srvcli/lib/cpp_srvcli/client
[9.309s] -- Set runtime path of "/home/simpson/Projects/ROS2/test1/install/cpp_srvcli/lib/cpp_srvcli/client" to ""
[9.310s] -- Installing: /home/simpson/Projects/ROS2/test1/install/cpp_srvcli/share/ament_index/resource_index/package_run_dependencies/cpp_srvcli
[9.325s] -- Installing: /home/simpson/Projects/ROS2/test1/install/cpp_srvcli/share/ament_index/resource_index/parent_prefix_path/cpp_srvcli
[9.329s] -- Installing: /home/simpson/Projects/ROS2/test1/install/cpp_srvcli/share/cpp_srvcli/environment/ament_prefix_path.sh
[9.331s] -- Installing: /home/simpson/Projects/ROS2/test1/install/cpp_srvcli/share/cpp_srvcli/environment/ament_prefix_path.dsv
[9.334s] -- Installing: /home/simpson/Projects/ROS2/test1/install/cpp_srvcli/share/cpp_srvcli/environment/path.sh
[9.336s] -- Installing: /home/simpson/Projects/ROS2/test1/install/cpp_srvcli/share/cpp_srvcli/environment/path.dsv
[9.338s] -- Installing: /home/simpson/Projects/ROS2/test1/install/cpp_srvcli/share/cpp_srvcli/local_setup.bash
[9.341s] -- Installing: /home/simpson/Projects/ROS2/test1/install/cpp_srvcli/share/cpp_srvcli/local_setup.sh
[9.343s] -- Installing: /home/simpson/Projects/ROS2/test1/install/cpp_srvcli/share/cpp_srvcli/local_setup.zsh
[9.345s] -- Installing: /home/simpson/Projects/ROS2/test1/install/cpp_srvcli/share/cpp_srvcli/local_setup.dsv
[9.352s] -- Installing: /home/simpson/Projects/ROS2/test1/install/cpp_srvcli/share/cpp_srvcli/package.dsv
[9.358s] -- Installing: /home/simpson/Projects/ROS2/test1/install/cpp_srvcli/share/ament_index/resource_index/packages/cpp_srvcli
[9.360s] -- Installing: /home/simpson/Projects/ROS2/test1/install/cpp_srvcli/share/cpp_srvcli/cmake/cpp_srvcliConfig.cmake
[9.362s] -- Installing: /home/simpson/Projects/ROS2/test1/install/cpp_srvcli/share/cpp_srvcli/cmake/cpp_srvcliConfig-version.cmake
[9.364s] -- Installing: /home/simpson/Projects/ROS2/test1/install/cpp_srvcli/share/cpp_srvcli/package.xml
[9.371s] Invoked command in '/home/simpson/Projects/ROS2/test1/build/cpp_srvcli' returned '0': CMAKE_PREFIX_PATH=/home/simpson/Projects/ROS2/test1/install/my_interfaces:/home/simpson/Projects/ROS2/test1/install/cpp_pubsub:/opt/ros/foxy /usr/bin/cmake --install /home/simpson/Projects/ROS2/test1/build/cpp_srvcli
