[0.079s] Invoking command in '/home/simpson/Projects/ROS2/test1/build/cpp_srvcli': CMAKE_PREFIX_PATH=/home/simpson/Projects/ROS2/test1/install/my_interfaces:/home/simpson/Projects/ROS2/test1/install/cpp_pubsub:/opt/ros/foxy /usr/bin/cmake /home/simpson/Projects/ROS2/test1/src/cpp_srvcli -DCMAKE_INSTALL_PREFIX=/home/simpson/Projects/ROS2/test1/install/cpp_srvcli
[0.118s] -- Found ament_cmake: 0.9.11 (/opt/ros/foxy/share/ament_cmake/cmake)
[0.157s] -- Using PYTHON_EXECUTABLE: /usr/bin/python3
[0.484s] -- Found rclcpp: 2.4.2 (/opt/ros/foxy/share/rclcpp/cmake)
[0.547s] -- Using all available rosidl_typesupport_c: rosidl_typesupport_fastrtps_c;rosidl_typesupport_introspection_c
[0.552s] -- Found rosidl_adapter: 1.3.0 (/opt/ros/foxy/share/rosidl_adapter/cmake)
[0.982s] -- Using all available rosidl_typesupport_cpp: rosidl_typesupport_fastrtps_cpp;rosidl_typesupport_introspection_cpp
[1.034s] -- Found rmw_implementation_cmake: 1.0.3 (/opt/ros/foxy/share/rmw_implementation_cmake/cmake)
[1.036s] -- Using RMW implementation 'rmw_fastrtps_cpp' as default
[1.158s] -- Found my_interfaces: 0.0.0 (/home/simpson/Projects/ROS2/test1/install/my_interfaces/share/my_interfaces/cmake)
[1.241s] -- Found ament_lint_auto: 0.9.7 (/opt/ros/foxy/share/ament_lint_auto/cmake)
[1.369s] -- Added test 'copyright' to check source files copyright and LICENSE
[1.374s] -- Added test 'cppcheck' to perform static code analysis on C / C++ code
[1.374s] -- Configured cppcheck include dirs: 
[1.374s] -- Configured cppcheck exclude dirs and/or files: 
[1.378s] -- Added test 'cpplint' to check C / C++ code against the Google style
[1.378s] -- Configured cpplint exclude dirs and/or files: 
[1.381s] -- Added test 'lint_cmake' to check CMake code style
[1.385s] -- Added test 'uncrustify' to check C / C++ code style
[1.385s] -- Configured uncrustify additional arguments: 
[1.387s] -- Added test 'xmllint' to check XML markup files
[1.409s] -- Configuring done
[1.469s] -- Generating done
[1.499s] -- Build files have been written to: /home/simpson/Projects/ROS2/test1/build/cpp_srvcli
[1.506s] Invoked command in '/home/simpson/Projects/ROS2/test1/build/cpp_srvcli' returned '0': CMAKE_PREFIX_PATH=/home/simpson/Projects/ROS2/test1/install/my_interfaces:/home/simpson/Projects/ROS2/test1/install/cpp_pubsub:/opt/ros/foxy /usr/bin/cmake /home/simpson/Projects/ROS2/test1/src/cpp_srvcli -DCMAKE_INSTALL_PREFIX=/home/simpson/Projects/ROS2/test1/install/cpp_srvcli
[1.514s] Invoking command in '/home/simpson/Projects/ROS2/test1/build/cpp_srvcli': CMAKE_PREFIX_PATH=/home/simpson/Projects/ROS2/test1/install/my_interfaces:/home/simpson/Projects/ROS2/test1/install/cpp_pubsub:/opt/ros/foxy /usr/bin/cmake --build /home/simpson/Projects/ROS2/test1/build/cpp_srvcli -- -j8 -l8
[1.735s] [35m[1mScanning dependencies of target client[0m
[1.736s] [35m[1mScanning dependencies of target server[0m
[1.970s] [ 50%] [32mBuilding CXX object CMakeFiles/client.dir/src/add_two_ints_client.cpp.o[0m
[1.971s] [ 50%] [32mBuilding CXX object CMakeFiles/server.dir/src/add_two_ints_server.cpp.o[0m
[4.148s] [ 75%] [32m[1mLinking CXX executable server[0m
[4.435s] [100%] [32m[1mLinking CXX executable client[0m
[4.440s] /usr/bin/ld: CMakeFiles/server.dir/src/add_two_ints_server.cpp.o: in function `rclcpp::Service<example_interfaces::srv::AddTwoInts>::Service(std::shared_ptr<rcl_node_t>, std::__cxx11::basic_string<char, std::char_traits<char>, std::allocator<char> > const&, rclcpp::AnyServiceCallback<example_interfaces::srv::AddTwoInts>, rcl_service_options_t&)':
[4.441s] add_two_ints_server.cpp:(.text._ZN6rclcpp7ServiceIN18example_interfaces3srv10AddTwoIntsEEC2ESt10shared_ptrI10rcl_node_tERKNSt7__cxx1112basic_stringIcSt11char_traitsIcESaIcEEENS_18AnyServiceCallbackIS3_EER21rcl_service_options_t[_ZN6rclcpp7ServiceIN18example_interfaces3srv10AddTwoIntsEEC5ESt10shared_ptrI10rcl_node_tERKNSt7__cxx1112basic_stringIcSt11char_traitsIcESaIcEEENS_18AnyServiceCallbackIS3_EER21rcl_service_options_t]+0xb4): undefined reference to `rosidl_service_type_support_t const* rosidl_typesupport_cpp::get_service_type_support_handle<example_interfaces::srv::AddTwoInts>()'
[4.441s] collect2: error: ld returned 1 exit status
[4.446s] make[2]: *** [CMakeFiles/server.dir/build.make:141: server] Error 1
[4.447s] make[1]: *** [CMakeFiles/Makefile2:107: CMakeFiles/server.dir/all] Error 2
[4.447s] make[1]: *** Waiting for unfinished jobs....
[4.727s] /usr/bin/ld: CMakeFiles/client.dir/src/add_two_ints_client.cpp.o: in function `rclcpp::Client<example_interfaces::srv::AddTwoInts>::Client(rclcpp::node_interfaces::NodeBaseInterface*, std::shared_ptr<rclcpp::node_interfaces::NodeGraphInterface>, std::__cxx11::basic_string<char, std::char_traits<char>, std::allocator<char> > const&, rcl_client_options_t&)':
[4.727s] add_two_ints_client.cpp:(.text._ZN6rclcpp6ClientIN18example_interfaces3srv10AddTwoIntsEEC2EPNS_15node_interfaces17NodeBaseInterfaceESt10shared_ptrINS5_18NodeGraphInterfaceEERKNSt7__cxx1112basic_stringIcSt11char_traitsIcESaIcEEER20rcl_client_options_t[_ZN6rclcpp6ClientIN18example_interfaces3srv10AddTwoIntsEEC5EPNS_15node_interfaces17NodeBaseInterfaceESt10shared_ptrINS5_18NodeGraphInterfaceEERKNSt7__cxx1112basic_stringIcSt11char_traitsIcESaIcEEER20rcl_client_options_t]+0xc4): undefined reference to `rosidl_service_type_support_t const* rosidl_typesupport_cpp::get_service_type_support_handle<example_interfaces::srv::AddTwoInts>()'
[4.727s] collect2: error: ld returned 1 exit status
[4.731s] make[2]: *** [CMakeFiles/client.dir/build.make:141: client] Error 1
[4.731s] make[1]: *** [CMakeFiles/Makefile2:80: CMakeFiles/client.dir/all] Error 2
[4.732s] make: *** [Makefile:141: all] Error 2
[4.737s] Invoked command in '/home/simpson/Projects/ROS2/test1/build/cpp_srvcli' returned '2': CMAKE_PREFIX_PATH=/home/simpson/Projects/ROS2/test1/install/my_interfaces:/home/simpson/Projects/ROS2/test1/install/cpp_pubsub:/opt/ros/foxy /usr/bin/cmake --build /home/simpson/Projects/ROS2/test1/build/cpp_srvcli -- -j8 -l8
