[0.190s] DEBUG:colcon:Command line arguments: ['/usr/bin/colcon', 'build', '--packages-select', 'my_interfaces']
[0.190s] DEBUG:colcon:Parsed command line arguments: Namespace(allow_overriding=[], ament_cmake_args=None, base_paths=['.'], build_base='build', catkin_cmake_args=None, catkin_skip_building_tests=False, cmake_args=None, cmake_clean_cache=False, cmake_clean_first=False, cmake_force_configure=False, cmake_target=None, cmake_target_skip_unavailable=False, continue_on_error=False, event_handlers=None, executor='parallel', ignore_user_meta=False, install_base='install', log_base=None, log_level=None, main=<bound method BuildVerb.main of <colcon_core.verb.build.BuildVerb object at 0x7f42ca112af0>>, merge_install=False, metas=['./colcon.meta'], packages_above=None, packages_above_and_dependencies=None, packages_above_depth=None, packages_end=None, packages_ignore=None, packages_ignore_regex=None, packages_select=['my_interfaces'], packages_select_build_failed=False, packages_select_by_dep=None, packages_select_regex=None, packages_select_test_failures=False, packages_skip=None, packages_skip_build_finished=False, packages_skip_by_dep=None, packages_skip_regex=None, packages_skip_test_passed=False, packages_skip_up_to=None, packages_start=None, packages_up_to=None, packages_up_to_regex=None, parallel_workers=8, paths=None, symlink_install=False, test_result_base=None, verb_extension=<colcon_core.verb.build.BuildVerb object at 0x7f42ca112af0>, verb_name='build', verb_parser=<colcon_defaults.argument_parser.defaults.DefaultArgumentsDecorator object at 0x7f42ca11e0a0>)
[0.226s] Level 1:colcon.colcon_core.package_discovery:discover_packages(colcon_meta) check parameters
[0.226s] Level 1:colcon.colcon_core.package_discovery:discover_packages(recursive) check parameters
[0.226s] Level 1:colcon.colcon_core.package_discovery:discover_packages(ignore) check parameters
[0.226s] Level 1:colcon.colcon_core.package_discovery:discover_packages(path) check parameters
[0.226s] Level 1:colcon.colcon_core.package_discovery:discover_packages(colcon_meta) discover
[0.226s] Level 1:colcon.colcon_core.package_discovery:discover_packages(recursive) discover
[0.226s] INFO:colcon.colcon_core.package_discovery:Crawling recursively for packages in '/home/simpson/Projects/ROS2/test1'
[0.227s] Level 1:colcon.colcon_core.package_identification:_identify(.) by extensions ['ignore', 'ignore_ament_install']
[0.227s] Level 1:colcon.colcon_core.package_identification:_identify(.) by extension 'ignore'
[0.227s] Level 1:colcon.colcon_core.package_identification:_identify(.) by extension 'ignore_ament_install'
[0.227s] Level 1:colcon.colcon_core.package_identification:_identify(.) by extensions ['colcon_pkg']
[0.227s] Level 1:colcon.colcon_core.package_identification:_identify(.) by extension 'colcon_pkg'
[0.227s] Level 1:colcon.colcon_core.package_identification:_identify(.) by extensions ['colcon_meta']
[0.227s] Level 1:colcon.colcon_core.package_identification:_identify(.) by extension 'colcon_meta'
[0.227s] Level 1:colcon.colcon_core.package_identification:_identify(.) by extensions ['ros']
[0.227s] Level 1:colcon.colcon_core.package_identification:_identify(.) by extension 'ros'
[0.238s] Level 1:colcon.colcon_core.package_identification:_identify(.) by extensions ['cmake', 'python']
[0.238s] Level 1:colcon.colcon_core.package_identification:_identify(.) by extension 'cmake'
[0.238s] Level 1:colcon.colcon_core.package_identification:_identify(.) by extension 'python'
[0.239s] Level 1:colcon.colcon_core.package_identification:_identify(.) by extensions ['python_setup_py']
[0.239s] Level 1:colcon.colcon_core.package_identification:_identify(.) by extension 'python_setup_py'
[0.239s] Level 1:colcon.colcon_core.package_identification:_identify(build) by extensions ['ignore', 'ignore_ament_install']
[0.239s] Level 1:colcon.colcon_core.package_identification:_identify(build) by extension 'ignore'
[0.239s] Level 1:colcon.colcon_core.package_identification:_identify(build) ignored
[0.239s] Level 1:colcon.colcon_core.package_identification:_identify(install) by extensions ['ignore', 'ignore_ament_install']
[0.240s] Level 1:colcon.colcon_core.package_identification:_identify(install) by extension 'ignore'
[0.240s] Level 1:colcon.colcon_core.package_identification:_identify(install) ignored
[0.240s] Level 1:colcon.colcon_core.package_identification:_identify(log) by extensions ['ignore', 'ignore_ament_install']
[0.240s] Level 1:colcon.colcon_core.package_identification:_identify(log) by extension 'ignore'
[0.240s] Level 1:colcon.colcon_core.package_identification:_identify(log) ignored
[0.240s] Level 1:colcon.colcon_core.package_identification:_identify(src) by extensions ['ignore', 'ignore_ament_install']
[0.240s] Level 1:colcon.colcon_core.package_identification:_identify(src) by extension 'ignore'
[0.240s] Level 1:colcon.colcon_core.package_identification:_identify(src) by extension 'ignore_ament_install'
[0.240s] Level 1:colcon.colcon_core.package_identification:_identify(src) by extensions ['colcon_pkg']
[0.240s] Level 1:colcon.colcon_core.package_identification:_identify(src) by extension 'colcon_pkg'
[0.241s] Level 1:colcon.colcon_core.package_identification:_identify(src) by extensions ['colcon_meta']
[0.241s] Level 1:colcon.colcon_core.package_identification:_identify(src) by extension 'colcon_meta'
[0.241s] Level 1:colcon.colcon_core.package_identification:_identify(src) by extensions ['ros']
[0.241s] Level 1:colcon.colcon_core.package_identification:_identify(src) by extension 'ros'
[0.241s] Level 1:colcon.colcon_core.package_identification:_identify(src) by extensions ['cmake', 'python']
[0.241s] Level 1:colcon.colcon_core.package_identification:_identify(src) by extension 'cmake'
[0.241s] Level 1:colcon.colcon_core.package_identification:_identify(src) by extension 'python'
[0.241s] Level 1:colcon.colcon_core.package_identification:_identify(src) by extensions ['python_setup_py']
[0.241s] Level 1:colcon.colcon_core.package_identification:_identify(src) by extension 'python_setup_py'
[0.241s] Level 1:colcon.colcon_core.package_identification:_identify(src/cpp_pubsub) by extensions ['ignore', 'ignore_ament_install']
[0.241s] Level 1:colcon.colcon_core.package_identification:_identify(src/cpp_pubsub) by extension 'ignore'
[0.241s] Level 1:colcon.colcon_core.package_identification:_identify(src/cpp_pubsub) by extension 'ignore_ament_install'
[0.242s] Level 1:colcon.colcon_core.package_identification:_identify(src/cpp_pubsub) by extensions ['colcon_pkg']
[0.242s] Level 1:colcon.colcon_core.package_identification:_identify(src/cpp_pubsub) by extension 'colcon_pkg'
[0.242s] Level 1:colcon.colcon_core.package_identification:_identify(src/cpp_pubsub) by extensions ['colcon_meta']
[0.242s] Level 1:colcon.colcon_core.package_identification:_identify(src/cpp_pubsub) by extension 'colcon_meta'
[0.242s] Level 1:colcon.colcon_core.package_identification:_identify(src/cpp_pubsub) by extensions ['ros']
[0.242s] Level 1:colcon.colcon_core.package_identification:_identify(src/cpp_pubsub) by extension 'ros'
[0.245s] DEBUG:colcon.colcon_core.package_identification:Package 'src/cpp_pubsub' with type 'ros.ament_cmake' and name 'cpp_pubsub'
[0.245s] Level 1:colcon.colcon_core.package_identification:_identify(src/cpp_srvcli) by extensions ['ignore', 'ignore_ament_install']
[0.245s] Level 1:colcon.colcon_core.package_identification:_identify(src/cpp_srvcli) by extension 'ignore'
[0.245s] Level 1:colcon.colcon_core.package_identification:_identify(src/cpp_srvcli) by extension 'ignore_ament_install'
[0.245s] Level 1:colcon.colcon_core.package_identification:_identify(src/cpp_srvcli) by extensions ['colcon_pkg']
[0.246s] Level 1:colcon.colcon_core.package_identification:_identify(src/cpp_srvcli) by extension 'colcon_pkg'
[0.246s] Level 1:colcon.colcon_core.package_identification:_identify(src/cpp_srvcli) by extensions ['colcon_meta']
[0.246s] Level 1:colcon.colcon_core.package_identification:_identify(src/cpp_srvcli) by extension 'colcon_meta'
[0.246s] Level 1:colcon.colcon_core.package_identification:_identify(src/cpp_srvcli) by extensions ['ros']
[0.246s] Level 1:colcon.colcon_core.package_identification:_identify(src/cpp_srvcli) by extension 'ros'
[0.246s] DEBUG:colcon.colcon_core.package_identification:Package 'src/cpp_srvcli' with type 'ros.ament_cmake' and name 'cpp_srvcli'
[0.247s] Level 1:colcon.colcon_core.package_identification:_identify(src/my_interfaces) by extensions ['ignore', 'ignore_ament_install']
[0.247s] Level 1:colcon.colcon_core.package_identification:_identify(src/my_interfaces) by extension 'ignore'
[0.247s] Level 1:colcon.colcon_core.package_identification:_identify(src/my_interfaces) by extension 'ignore_ament_install'
[0.247s] Level 1:colcon.colcon_core.package_identification:_identify(src/my_interfaces) by extensions ['colcon_pkg']
[0.247s] Level 1:colcon.colcon_core.package_identification:_identify(src/my_interfaces) by extension 'colcon_pkg'
[0.247s] Level 1:colcon.colcon_core.package_identification:_identify(src/my_interfaces) by extensions ['colcon_meta']
[0.247s] Level 1:colcon.colcon_core.package_identification:_identify(src/my_interfaces) by extension 'colcon_meta'
[0.247s] Level 1:colcon.colcon_core.package_identification:_identify(src/my_interfaces) by extensions ['ros']
[0.247s] Level 1:colcon.colcon_core.package_identification:_identify(src/my_interfaces) by extension 'ros'
[0.248s] DEBUG:colcon.colcon_core.package_identification:Package 'src/my_interfaces' with type 'ros.ament_cmake' and name 'my_interfaces'
[0.248s] Level 1:colcon.colcon_core.package_discovery:discover_packages(recursive) using defaults
[0.248s] Level 1:colcon.colcon_core.package_discovery:discover_packages(ignore) discover
[0.248s] Level 1:colcon.colcon_core.package_discovery:discover_packages(ignore) using defaults
[0.248s] Level 1:colcon.colcon_core.package_discovery:discover_packages(path) discover
[0.248s] Level 1:colcon.colcon_core.package_discovery:discover_packages(path) using defaults
[0.279s] INFO:colcon.colcon_core.package_selection:Skipping not selected package 'cpp_pubsub' in 'src/cpp_pubsub'
[0.279s] INFO:colcon.colcon_core.package_selection:Skipping not selected package 'cpp_srvcli' in 'src/cpp_srvcli'
[0.280s] Level 1:colcon.colcon_core.package_discovery:discover_packages(prefix_path) check parameters
[0.280s] Level 1:colcon.colcon_core.package_discovery:discover_packages(prefix_path) discover
[0.283s] WARNING:colcon.colcon_ros.prefix_path.ament:The path '/home/simpson/Projects/ROS2/test1/install/cpp_pubsub' in the environment variable AMENT_PREFIX_PATH doesn't exist
[0.283s] WARNING:colcon.colcon_ros.prefix_path.ament:The path '/home/simpson/Projects/ROS2/test1/install/my_interfaces' in the environment variable AMENT_PREFIX_PATH doesn't exist
[0.283s] WARNING:colcon.colcon_ros.prefix_path.catkin:The path '/home/simpson/Projects/ROS2/test1/install/cpp_pubsub' in the environment variable CMAKE_PREFIX_PATH doesn't exist
[0.283s] WARNING:colcon.colcon_ros.prefix_path.catkin:The path '/home/simpson/Projects/ROS2/test1/install/my_interfaces' in the environment variable CMAKE_PREFIX_PATH doesn't exist
[0.287s] DEBUG:colcon.colcon_installed_package_information.package_discovery:Found 0 installed packages in /home/simpson/Projects/ROS2/test1/install
[0.289s] DEBUG:colcon.colcon_installed_package_information.package_discovery:Found 257 installed packages in /opt/ros/foxy
[0.290s] Level 1:colcon.colcon_core.package_discovery:discover_packages(prefix_path) using defaults
[0.393s] Level 5:colcon.colcon_core.verb:set package 'my_interfaces' build argument 'cmake_args' from command line to 'None'
[0.393s] Level 5:colcon.colcon_core.verb:set package 'my_interfaces' build argument 'cmake_target' from command line to 'None'
[0.393s] Level 5:colcon.colcon_core.verb:set package 'my_interfaces' build argument 'cmake_target_skip_unavailable' from command line to 'False'
[0.393s] Level 5:colcon.colcon_core.verb:set package 'my_interfaces' build argument 'cmake_clean_cache' from command line to 'False'
[0.393s] Level 5:colcon.colcon_core.verb:set package 'my_interfaces' build argument 'cmake_clean_first' from command line to 'False'
[0.393s] Level 5:colcon.colcon_core.verb:set package 'my_interfaces' build argument 'cmake_force_configure' from command line to 'False'
[0.393s] Level 5:colcon.colcon_core.verb:set package 'my_interfaces' build argument 'ament_cmake_args' from command line to 'None'
[0.393s] Level 5:colcon.colcon_core.verb:set package 'my_interfaces' build argument 'catkin_cmake_args' from command line to 'None'
[0.393s] Level 5:colcon.colcon_core.verb:set package 'my_interfaces' build argument 'catkin_skip_building_tests' from command line to 'False'
[0.393s] DEBUG:colcon.colcon_core.verb:Building package 'my_interfaces' with the following arguments: {'ament_cmake_args': None, 'build_base': '/home/simpson/Projects/ROS2/test1/build/my_interfaces', 'catkin_cmake_args': None, 'catkin_skip_building_tests': False, 'cmake_args': None, 'cmake_clean_cache': False, 'cmake_clean_first': False, 'cmake_force_configure': False, 'cmake_target': None, 'cmake_target_skip_unavailable': False, 'install_base': '/home/simpson/Projects/ROS2/test1/install/my_interfaces', 'merge_install': False, 'path': '/home/simpson/Projects/ROS2/test1/src/my_interfaces', 'symlink_install': False, 'test_result_base': None}
[0.393s] INFO:colcon.colcon_core.executor:Executing jobs using 'parallel' executor
[0.397s] DEBUG:colcon.colcon_parallel_executor.executor.parallel:run_until_complete
[0.397s] INFO:colcon.colcon_ros.task.ament_cmake.build:Building ROS package in '/home/simpson/Projects/ROS2/test1/src/my_interfaces' with build type 'ament_cmake'
[0.397s] INFO:colcon.colcon_cmake.task.cmake.build:Building CMake package in '/home/simpson/Projects/ROS2/test1/src/my_interfaces'
[0.404s] INFO:colcon.colcon_core.plugin_system:Skipping extension 'colcon_core.shell.bat': Not used on non-Windows systems
[0.405s] INFO:colcon.colcon_core.shell:Skip shell extension 'powershell' for command environment: Not usable outside of PowerShell
[0.405s] DEBUG:colcon.colcon_core.shell:Skip shell extension 'dsv' for command environment
[0.454s] DEBUG:colcon.colcon_core.event_handler.log_command:Invoking command in '/home/simpson/Projects/ROS2/test1/build/my_interfaces': CMAKE_PREFIX_PATH=${CMAKE_PREFIX_PATH}:/opt/ros/foxy /usr/bin/cmake /home/simpson/Projects/ROS2/test1/src/my_interfaces -DCMAKE_INSTALL_PREFIX=/home/simpson/Projects/ROS2/test1/install/my_interfaces
[6.443s] DEBUG:colcon.colcon_core.event_handler.log_command:Invoked command in '/home/simpson/Projects/ROS2/test1/build/my_interfaces' returned '0': CMAKE_PREFIX_PATH=${CMAKE_PREFIX_PATH}:/opt/ros/foxy /usr/bin/cmake /home/simpson/Projects/ROS2/test1/src/my_interfaces -DCMAKE_INSTALL_PREFIX=/home/simpson/Projects/ROS2/test1/install/my_interfaces
[6.453s] DEBUG:colcon.colcon_core.event_handler.log_command:Invoking command in '/home/simpson/Projects/ROS2/test1/build/my_interfaces': CMAKE_PREFIX_PATH=${CMAKE_PREFIX_PATH}:/opt/ros/foxy /usr/bin/cmake --build /home/simpson/Projects/ROS2/test1/build/my_interfaces -- -j8 -l8
[14.167s] DEBUG:colcon.colcon_core.event_handler.log_command:Invoked command in '/home/simpson/Projects/ROS2/test1/build/my_interfaces' returned '0': CMAKE_PREFIX_PATH=${CMAKE_PREFIX_PATH}:/opt/ros/foxy /usr/bin/cmake --build /home/simpson/Projects/ROS2/test1/build/my_interfaces -- -j8 -l8
[15.186s] DEBUG:colcon.colcon_core.event_handler.log_command:Invoking command in '/home/simpson/Projects/ROS2/test1/build/my_interfaces': CMAKE_PREFIX_PATH=${CMAKE_PREFIX_PATH}:/opt/ros/foxy /usr/bin/cmake --install /home/simpson/Projects/ROS2/test1/build/my_interfaces
[15.724s] Level 1:colcon.colcon_core.environment:create_environment_scripts_only(my_interfaces)
[15.725s] DEBUG:colcon.colcon_core.event_handler.log_command:Invoked command in '/home/simpson/Projects/ROS2/test1/build/my_interfaces' returned '0': CMAKE_PREFIX_PATH=${CMAKE_PREFIX_PATH}:/opt/ros/foxy /usr/bin/cmake --install /home/simpson/Projects/ROS2/test1/build/my_interfaces
[15.735s] Level 1:colcon.colcon_core.environment:checking '/home/simpson/Projects/ROS2/test1/install/my_interfaces' for CMake module files
[15.737s] Level 1:colcon.colcon_core.environment:checking '/home/simpson/Projects/ROS2/test1/install/my_interfaces' for CMake config files
[15.740s] Level 1:colcon.colcon_core.shell:create_environment_hook('my_interfaces', 'cmake_prefix_path')
[15.742s] INFO:colcon.colcon_core.shell:Creating environment hook '/home/simpson/Projects/ROS2/test1/install/my_interfaces/share/my_interfaces/hook/cmake_prefix_path.ps1'
[15.745s] INFO:colcon.colcon_core.shell:Creating environment descriptor '/home/simpson/Projects/ROS2/test1/install/my_interfaces/share/my_interfaces/hook/cmake_prefix_path.dsv'
[15.746s] INFO:colcon.colcon_core.shell:Creating environment hook '/home/simpson/Projects/ROS2/test1/install/my_interfaces/share/my_interfaces/hook/cmake_prefix_path.sh'
[15.749s] Level 1:colcon.colcon_core.environment:checking '/home/simpson/Projects/ROS2/test1/install/my_interfaces/lib'
[15.750s] Level 1:colcon.colcon_core.shell:create_environment_hook('my_interfaces', 'ld_library_path_lib')
[15.753s] INFO:colcon.colcon_core.shell:Creating environment hook '/home/simpson/Projects/ROS2/test1/install/my_interfaces/share/my_interfaces/hook/ld_library_path_lib.ps1'
[15.756s] INFO:colcon.colcon_core.shell:Creating environment descriptor '/home/simpson/Projects/ROS2/test1/install/my_interfaces/share/my_interfaces/hook/ld_library_path_lib.dsv'
[15.758s] INFO:colcon.colcon_core.shell:Creating environment hook '/home/simpson/Projects/ROS2/test1/install/my_interfaces/share/my_interfaces/hook/ld_library_path_lib.sh'
[15.759s] Level 1:colcon.colcon_core.environment:checking '/home/simpson/Projects/ROS2/test1/install/my_interfaces/bin'
[15.759s] Level 1:colcon.colcon_core.environment:checking '/home/simpson/Projects/ROS2/test1/install/my_interfaces/lib/pkgconfig/my_interfaces.pc'
[15.760s] Level 1:colcon.colcon_core.environment:checking '/home/simpson/Projects/ROS2/test1/install/my_interfaces/lib/python3.8/site-packages'
[15.760s] Level 1:colcon.colcon_core.shell:create_environment_hook('my_interfaces', 'pythonpath')
[15.761s] INFO:colcon.colcon_core.shell:Creating environment hook '/home/simpson/Projects/ROS2/test1/install/my_interfaces/share/my_interfaces/hook/pythonpath.ps1'
[15.763s] INFO:colcon.colcon_core.shell:Creating environment descriptor '/home/simpson/Projects/ROS2/test1/install/my_interfaces/share/my_interfaces/hook/pythonpath.dsv'
[15.764s] INFO:colcon.colcon_core.shell:Creating environment hook '/home/simpson/Projects/ROS2/test1/install/my_interfaces/share/my_interfaces/hook/pythonpath.sh'
[15.766s] Level 1:colcon.colcon_core.environment:checking '/home/simpson/Projects/ROS2/test1/install/my_interfaces/bin'
[15.767s] INFO:colcon.colcon_core.shell:Creating package script '/home/simpson/Projects/ROS2/test1/install/my_interfaces/share/my_interfaces/package.ps1'
[15.769s] INFO:colcon.colcon_core.shell:Creating package descriptor '/home/simpson/Projects/ROS2/test1/install/my_interfaces/share/my_interfaces/package.dsv'
[15.771s] INFO:colcon.colcon_core.shell:Creating package script '/home/simpson/Projects/ROS2/test1/install/my_interfaces/share/my_interfaces/package.sh'
[15.774s] INFO:colcon.colcon_core.shell:Creating package script '/home/simpson/Projects/ROS2/test1/install/my_interfaces/share/my_interfaces/package.bash'
[15.776s] INFO:colcon.colcon_core.shell:Creating package script '/home/simpson/Projects/ROS2/test1/install/my_interfaces/share/my_interfaces/package.zsh'
[15.777s] Level 1:colcon.colcon_core.environment:create_file_with_runtime_dependencies(/home/simpson/Projects/ROS2/test1/install/my_interfaces/share/colcon-core/packages/my_interfaces)
[16.793s] Level 1:colcon.colcon_core.environment:create_environment_scripts_only(my_interfaces)
[16.795s] Level 1:colcon.colcon_core.environment:checking '/home/simpson/Projects/ROS2/test1/install/my_interfaces' for CMake module files
[16.797s] Level 1:colcon.colcon_core.environment:checking '/home/simpson/Projects/ROS2/test1/install/my_interfaces' for CMake config files
[16.800s] Level 1:colcon.colcon_core.shell:create_environment_hook('my_interfaces', 'cmake_prefix_path')
[16.802s] INFO:colcon.colcon_core.shell:Creating environment hook '/home/simpson/Projects/ROS2/test1/install/my_interfaces/share/my_interfaces/hook/cmake_prefix_path.ps1'
[16.804s] INFO:colcon.colcon_core.shell:Creating environment descriptor '/home/simpson/Projects/ROS2/test1/install/my_interfaces/share/my_interfaces/hook/cmake_prefix_path.dsv'
[16.806s] INFO:colcon.colcon_core.shell:Creating environment hook '/home/simpson/Projects/ROS2/test1/install/my_interfaces/share/my_interfaces/hook/cmake_prefix_path.sh'
[16.807s] Level 1:colcon.colcon_core.environment:checking '/home/simpson/Projects/ROS2/test1/install/my_interfaces/lib'
[16.808s] Level 1:colcon.colcon_core.shell:create_environment_hook('my_interfaces', 'ld_library_path_lib')
[16.809s] INFO:colcon.colcon_core.shell:Creating environment hook '/home/simpson/Projects/ROS2/test1/install/my_interfaces/share/my_interfaces/hook/ld_library_path_lib.ps1'
[16.810s] INFO:colcon.colcon_core.shell:Creating environment descriptor '/home/simpson/Projects/ROS2/test1/install/my_interfaces/share/my_interfaces/hook/ld_library_path_lib.dsv'
[16.811s] INFO:colcon.colcon_core.shell:Creating environment hook '/home/simpson/Projects/ROS2/test1/install/my_interfaces/share/my_interfaces/hook/ld_library_path_lib.sh'
[16.813s] Level 1:colcon.colcon_core.environment:checking '/home/simpson/Projects/ROS2/test1/install/my_interfaces/bin'
[16.813s] Level 1:colcon.colcon_core.environment:checking '/home/simpson/Projects/ROS2/test1/install/my_interfaces/lib/pkgconfig/my_interfaces.pc'
[16.813s] Level 1:colcon.colcon_core.environment:checking '/home/simpson/Projects/ROS2/test1/install/my_interfaces/lib/python3.8/site-packages'
[16.813s] Level 1:colcon.colcon_core.shell:create_environment_hook('my_interfaces', 'pythonpath')
[16.815s] INFO:colcon.colcon_core.shell:Creating environment hook '/home/simpson/Projects/ROS2/test1/install/my_interfaces/share/my_interfaces/hook/pythonpath.ps1'
[16.816s] INFO:colcon.colcon_core.shell:Creating environment descriptor '/home/simpson/Projects/ROS2/test1/install/my_interfaces/share/my_interfaces/hook/pythonpath.dsv'
[16.817s] INFO:colcon.colcon_core.shell:Creating environment hook '/home/simpson/Projects/ROS2/test1/install/my_interfaces/share/my_interfaces/hook/pythonpath.sh'
[16.818s] Level 1:colcon.colcon_core.environment:checking '/home/simpson/Projects/ROS2/test1/install/my_interfaces/bin'
[16.820s] INFO:colcon.colcon_core.shell:Creating package script '/home/simpson/Projects/ROS2/test1/install/my_interfaces/share/my_interfaces/package.ps1'
[16.822s] INFO:colcon.colcon_core.shell:Creating package descriptor '/home/simpson/Projects/ROS2/test1/install/my_interfaces/share/my_interfaces/package.dsv'
[16.823s] INFO:colcon.colcon_core.shell:Creating package script '/home/simpson/Projects/ROS2/test1/install/my_interfaces/share/my_interfaces/package.sh'
[16.824s] INFO:colcon.colcon_core.shell:Creating package script '/home/simpson/Projects/ROS2/test1/install/my_interfaces/share/my_interfaces/package.bash'
[16.825s] INFO:colcon.colcon_core.shell:Creating package script '/home/simpson/Projects/ROS2/test1/install/my_interfaces/share/my_interfaces/package.zsh'
[16.827s] Level 1:colcon.colcon_core.environment:create_file_with_runtime_dependencies(/home/simpson/Projects/ROS2/test1/install/my_interfaces/share/colcon-core/packages/my_interfaces)
[16.827s] DEBUG:colcon.colcon_parallel_executor.executor.parallel:closing loop
[16.828s] DEBUG:colcon.colcon_parallel_executor.executor.parallel:loop closed
[16.829s] DEBUG:colcon.colcon_parallel_executor.executor.parallel:run_until_complete finished with '0'
[16.829s] DEBUG:colcon.colcon_core.event_reactor:joining thread
[16.849s] INFO:colcon.colcon_core.plugin_system:Skipping extension 'colcon_notification.desktop_notification.notify_send': Could not find 'notify-send'
[16.849s] INFO:colcon.colcon_core.plugin_system:Skipping extension 'colcon_notification.desktop_notification.terminal_notifier': Not used on non-Darwin systems
[16.849s] INFO:colcon.colcon_core.plugin_system:Skipping extension 'colcon_notification.desktop_notification.win32': Not used on non-Windows systems
[16.850s] INFO:colcon.colcon_notification.desktop_notification:Sending desktop notification using 'notify2'
[16.874s] DEBUG:colcon.colcon_notification.desktop_notification.notify2:Failed to initialize notify2: org.freedesktop.DBus.Error.ServiceUnknown: The name org.freedesktop.Notifications was not provided by any .service files
[16.874s] DEBUG:colcon.colcon_core.event_reactor:joined thread
[16.877s] INFO:colcon.colcon_core.shell:Creating prefix script '/home/simpson/Projects/ROS2/test1/install/local_setup.ps1'
[16.880s] INFO:colcon.colcon_core.shell:Creating prefix util module '/home/simpson/Projects/ROS2/test1/install/_local_setup_util_ps1.py'
[16.883s] INFO:colcon.colcon_core.shell:Creating prefix chain script '/home/simpson/Projects/ROS2/test1/install/setup.ps1'
[16.889s] INFO:colcon.colcon_core.shell:Creating prefix script '/home/simpson/Projects/ROS2/test1/install/local_setup.sh'
[16.891s] INFO:colcon.colcon_core.shell:Creating prefix util module '/home/simpson/Projects/ROS2/test1/install/_local_setup_util_sh.py'
[16.893s] INFO:colcon.colcon_core.shell:Creating prefix chain script '/home/simpson/Projects/ROS2/test1/install/setup.sh'
[16.895s] INFO:colcon.colcon_core.shell:Creating prefix script '/home/simpson/Projects/ROS2/test1/install/local_setup.bash'
[16.897s] INFO:colcon.colcon_core.shell:Creating prefix chain script '/home/simpson/Projects/ROS2/test1/install/setup.bash'
[16.900s] INFO:colcon.colcon_core.shell:Creating prefix script '/home/simpson/Projects/ROS2/test1/install/local_setup.zsh'
[16.902s] INFO:colcon.colcon_core.shell:Creating prefix chain script '/home/simpson/Projects/ROS2/test1/install/setup.zsh'
