[0.188s] DEBUG:colcon:Command line arguments: ['/usr/bin/colcon', 'build', '--packages-select', 'my_interfaces']
[0.188s] DEBUG:colcon:Parsed command line arguments: Namespace(allow_overriding=[], ament_cmake_args=None, base_paths=['.'], build_base='build', catkin_cmake_args=None, catkin_skip_building_tests=False, cmake_args=None, cmake_clean_cache=False, cmake_clean_first=False, cmake_force_configure=False, cmake_target=None, cmake_target_skip_unavailable=False, continue_on_error=False, event_handlers=None, executor='parallel', ignore_user_meta=False, install_base='install', log_base=None, log_level=None, main=<bound method BuildVerb.main of <colcon_core.verb.build.BuildVerb object at 0x7fd09a2106d0>>, merge_install=False, metas=['./colcon.meta'], packages_above=None, packages_above_and_dependencies=None, packages_above_depth=None, packages_end=None, packages_ignore=None, packages_ignore_regex=None, packages_select=['my_interfaces'], packages_select_build_failed=False, packages_select_by_dep=None, packages_select_regex=None, packages_select_test_failures=False, packages_skip=None, packages_skip_build_finished=False, packages_skip_by_dep=None, packages_skip_regex=None, packages_skip_test_passed=False, packages_skip_up_to=None, packages_start=None, packages_up_to=None, packages_up_to_regex=None, parallel_workers=8, paths=None, symlink_install=False, test_result_base=None, verb_extension=<colcon_core.verb.build.BuildVerb object at 0x7fd09a2106d0>, verb_name='build', verb_parser=<colcon_defaults.argument_parser.defaults.DefaultArgumentsDecorator object at 0x7fd09a210c10>)
[0.221s] Level 1:colcon.colcon_core.package_discovery:discover_packages(colcon_meta) check parameters
[0.221s] Level 1:colcon.colcon_core.package_discovery:discover_packages(recursive) check parameters
[0.221s] Level 1:colcon.colcon_core.package_discovery:discover_packages(ignore) check parameters
[0.221s] Level 1:colcon.colcon_core.package_discovery:discover_packages(path) check parameters
[0.221s] Level 1:colcon.colcon_core.package_discovery:discover_packages(colcon_meta) discover
[0.221s] Level 1:colcon.colcon_core.package_discovery:discover_packages(recursive) discover
[0.221s] INFO:colcon.colcon_core.package_discovery:Crawling recursively for packages in '/home/simpson/Projects/ROS2/test1'
[0.221s] Level 1:colcon.colcon_core.package_identification:_identify(.) by extensions ['ignore', 'ignore_ament_install']
[0.221s] Level 1:colcon.colcon_core.package_identification:_identify(.) by extension 'ignore'
[0.221s] Level 1:colcon.colcon_core.package_identification:_identify(.) by extension 'ignore_ament_install'
[0.222s] Level 1:colcon.colcon_core.package_identification:_identify(.) by extensions ['colcon_pkg']
[0.222s] Level 1:colcon.colcon_core.package_identification:_identify(.) by extension 'colcon_pkg'
[0.222s] Level 1:colcon.colcon_core.package_identification:_identify(.) by extensions ['colcon_meta']
[0.222s] Level 1:colcon.colcon_core.package_identification:_identify(.) by extension 'colcon_meta'
[0.222s] Level 1:colcon.colcon_core.package_identification:_identify(.) by extensions ['ros']
[0.222s] Level 1:colcon.colcon_core.package_identification:_identify(.) by extension 'ros'
[0.233s] Level 1:colcon.colcon_core.package_identification:_identify(.) by extensions ['cmake', 'python']
[0.233s] Level 1:colcon.colcon_core.package_identification:_identify(.) by extension 'cmake'
[0.233s] Level 1:colcon.colcon_core.package_identification:_identify(.) by extension 'python'
[0.234s] Level 1:colcon.colcon_core.package_identification:_identify(.) by extensions ['python_setup_py']
[0.234s] Level 1:colcon.colcon_core.package_identification:_identify(.) by extension 'python_setup_py'
[0.234s] Level 1:colcon.colcon_core.package_identification:_identify(build) by extensions ['ignore', 'ignore_ament_install']
[0.234s] Level 1:colcon.colcon_core.package_identification:_identify(build) by extension 'ignore'
[0.234s] Level 1:colcon.colcon_core.package_identification:_identify(build) ignored
[0.234s] Level 1:colcon.colcon_core.package_identification:_identify(install) by extensions ['ignore', 'ignore_ament_install']
[0.234s] Level 1:colcon.colcon_core.package_identification:_identify(install) by extension 'ignore'
[0.234s] Level 1:colcon.colcon_core.package_identification:_identify(install) ignored
[0.235s] Level 1:colcon.colcon_core.package_identification:_identify(log) by extensions ['ignore', 'ignore_ament_install']
[0.235s] Level 1:colcon.colcon_core.package_identification:_identify(log) by extension 'ignore'
[0.235s] Level 1:colcon.colcon_core.package_identification:_identify(log) ignored
[0.235s] Level 1:colcon.colcon_core.package_identification:_identify(src) by extensions ['ignore', 'ignore_ament_install']
[0.235s] Level 1:colcon.colcon_core.package_identification:_identify(src) by extension 'ignore'
[0.235s] Level 1:colcon.colcon_core.package_identification:_identify(src) by extension 'ignore_ament_install'
[0.235s] Level 1:colcon.colcon_core.package_identification:_identify(src) by extensions ['colcon_pkg']
[0.235s] Level 1:colcon.colcon_core.package_identification:_identify(src) by extension 'colcon_pkg'
[0.235s] Level 1:colcon.colcon_core.package_identification:_identify(src) by extensions ['colcon_meta']
[0.235s] Level 1:colcon.colcon_core.package_identification:_identify(src) by extension 'colcon_meta'
[0.235s] Level 1:colcon.colcon_core.package_identification:_identify(src) by extensions ['ros']
[0.235s] Level 1:colcon.colcon_core.package_identification:_identify(src) by extension 'ros'
[0.236s] Level 1:colcon.colcon_core.package_identification:_identify(src) by extensions ['cmake', 'python']
[0.236s] Level 1:colcon.colcon_core.package_identification:_identify(src) by extension 'cmake'
[0.236s] Level 1:colcon.colcon_core.package_identification:_identify(src) by extension 'python'
[0.236s] Level 1:colcon.colcon_core.package_identification:_identify(src) by extensions ['python_setup_py']
[0.236s] Level 1:colcon.colcon_core.package_identification:_identify(src) by extension 'python_setup_py'
[0.236s] Level 1:colcon.colcon_core.package_identification:_identify(src/my_interfaces) by extensions ['ignore', 'ignore_ament_install']
[0.236s] Level 1:colcon.colcon_core.package_identification:_identify(src/my_interfaces) by extension 'ignore'
[0.236s] Level 1:colcon.colcon_core.package_identification:_identify(src/my_interfaces) by extension 'ignore_ament_install'
[0.236s] Level 1:colcon.colcon_core.package_identification:_identify(src/my_interfaces) by extensions ['colcon_pkg']
[0.236s] Level 1:colcon.colcon_core.package_identification:_identify(src/my_interfaces) by extension 'colcon_pkg'
[0.236s] Level 1:colcon.colcon_core.package_identification:_identify(src/my_interfaces) by extensions ['colcon_meta']
[0.236s] Level 1:colcon.colcon_core.package_identification:_identify(src/my_interfaces) by extension 'colcon_meta'
[0.236s] Level 1:colcon.colcon_core.package_identification:_identify(src/my_interfaces) by extensions ['ros']
[0.236s] Level 1:colcon.colcon_core.package_identification:_identify(src/my_interfaces) by extension 'ros'
[0.239s] DEBUG:colcon.colcon_core.package_identification:Package 'src/my_interfaces' with type 'ros.ament_cmake' and name 'my_interfaces'
[0.240s] Level 1:colcon.colcon_core.package_discovery:discover_packages(recursive) using defaults
[0.240s] Level 1:colcon.colcon_core.package_discovery:discover_packages(ignore) discover
[0.240s] Level 1:colcon.colcon_core.package_discovery:discover_packages(ignore) using defaults
[0.240s] Level 1:colcon.colcon_core.package_discovery:discover_packages(path) discover
[0.240s] Level 1:colcon.colcon_core.package_discovery:discover_packages(path) using defaults
[0.269s] Level 1:colcon.colcon_core.package_discovery:discover_packages(prefix_path) check parameters
[0.269s] Level 1:colcon.colcon_core.package_discovery:discover_packages(prefix_path) discover
[0.273s] DEBUG:colcon.colcon_installed_package_information.package_discovery:Found 1 installed packages in /home/simpson/Projects/ROS2/test1/install
[0.275s] DEBUG:colcon.colcon_installed_package_information.package_discovery:Found 257 installed packages in /opt/ros/foxy
[0.277s] Level 1:colcon.colcon_core.package_discovery:discover_packages(prefix_path) using defaults
[0.369s] Level 5:colcon.colcon_core.verb:set package 'my_interfaces' build argument 'cmake_args' from command line to 'None'
[0.369s] Level 5:colcon.colcon_core.verb:set package 'my_interfaces' build argument 'cmake_target' from command line to 'None'
[0.369s] Level 5:colcon.colcon_core.verb:set package 'my_interfaces' build argument 'cmake_target_skip_unavailable' from command line to 'False'
[0.369s] Level 5:colcon.colcon_core.verb:set package 'my_interfaces' build argument 'cmake_clean_cache' from command line to 'False'
[0.369s] Level 5:colcon.colcon_core.verb:set package 'my_interfaces' build argument 'cmake_clean_first' from command line to 'False'
[0.369s] Level 5:colcon.colcon_core.verb:set package 'my_interfaces' build argument 'cmake_force_configure' from command line to 'False'
[0.369s] Level 5:colcon.colcon_core.verb:set package 'my_interfaces' build argument 'ament_cmake_args' from command line to 'None'
[0.369s] Level 5:colcon.colcon_core.verb:set package 'my_interfaces' build argument 'catkin_cmake_args' from command line to 'None'
[0.369s] Level 5:colcon.colcon_core.verb:set package 'my_interfaces' build argument 'catkin_skip_building_tests' from command line to 'False'
[0.369s] DEBUG:colcon.colcon_core.verb:Building package 'my_interfaces' with the following arguments: {'ament_cmake_args': None, 'build_base': '/home/simpson/Projects/ROS2/test1/build/my_interfaces', 'catkin_cmake_args': None, 'catkin_skip_building_tests': False, 'cmake_args': None, 'cmake_clean_cache': False, 'cmake_clean_first': False, 'cmake_force_configure': False, 'cmake_target': None, 'cmake_target_skip_unavailable': False, 'install_base': '/home/simpson/Projects/ROS2/test1/install/my_interfaces', 'merge_install': False, 'path': '/home/simpson/Projects/ROS2/test1/src/my_interfaces', 'symlink_install': False, 'test_result_base': None}
[0.370s] INFO:colcon.colcon_core.executor:Executing jobs using 'parallel' executor
[0.373s] DEBUG:colcon.colcon_parallel_executor.executor.parallel:run_until_complete
[0.373s] INFO:colcon.colcon_ros.task.ament_cmake.build:Building ROS package in '/home/simpson/Projects/ROS2/test1/src/my_interfaces' with build type 'ament_cmake'
[0.373s] INFO:colcon.colcon_cmake.task.cmake.build:Building CMake package in '/home/simpson/Projects/ROS2/test1/src/my_interfaces'
[0.383s] INFO:colcon.colcon_core.plugin_system:Skipping extension 'colcon_core.shell.bat': Not used on non-Windows systems
[0.383s] INFO:colcon.colcon_core.shell:Skip shell extension 'powershell' for command environment: Not usable outside of PowerShell
[0.384s] DEBUG:colcon.colcon_core.shell:Skip shell extension 'dsv' for command environment
[0.434s] DEBUG:colcon.colcon_core.event_handler.log_command:Invoking command in '/home/simpson/Projects/ROS2/test1/build/my_interfaces': CMAKE_PREFIX_PATH=${CMAKE_PREFIX_PATH}:/opt/ros/foxy /usr/bin/cmake --build /home/simpson/Projects/ROS2/test1/build/my_interfaces -- -j8 -l8
[9.928s] DEBUG:colcon.colcon_core.event_handler.log_command:Invoked command in '/home/simpson/Projects/ROS2/test1/build/my_interfaces' returned '0': CMAKE_PREFIX_PATH=${CMAKE_PREFIX_PATH}:/opt/ros/foxy /usr/bin/cmake --build /home/simpson/Projects/ROS2/test1/build/my_interfaces -- -j8 -l8
[10.787s] DEBUG:colcon.colcon_core.event_handler.log_command:Invoking command in '/home/simpson/Projects/ROS2/test1/build/my_interfaces': CMAKE_PREFIX_PATH=${CMAKE_PREFIX_PATH}:/opt/ros/foxy /usr/bin/cmake --install /home/simpson/Projects/ROS2/test1/build/my_interfaces
[11.285s] Level 1:colcon.colcon_core.environment:create_environment_scripts_only(my_interfaces)
[11.286s] DEBUG:colcon.colcon_core.event_handler.log_command:Invoked command in '/home/simpson/Projects/ROS2/test1/build/my_interfaces' returned '0': CMAKE_PREFIX_PATH=${CMAKE_PREFIX_PATH}:/opt/ros/foxy /usr/bin/cmake --install /home/simpson/Projects/ROS2/test1/build/my_interfaces
[11.294s] Level 1:colcon.colcon_core.environment:checking '/home/simpson/Projects/ROS2/test1/install/my_interfaces' for CMake module files
[11.296s] Level 1:colcon.colcon_core.environment:checking '/home/simpson/Projects/ROS2/test1/install/my_interfaces' for CMake config files
[11.299s] Level 1:colcon.colcon_core.shell:create_environment_hook('my_interfaces', 'cmake_prefix_path')
[11.300s] INFO:colcon.colcon_core.shell:Creating environment hook '/home/simpson/Projects/ROS2/test1/install/my_interfaces/share/my_interfaces/hook/cmake_prefix_path.ps1'
[11.302s] INFO:colcon.colcon_core.shell:Creating environment descriptor '/home/simpson/Projects/ROS2/test1/install/my_interfaces/share/my_interfaces/hook/cmake_prefix_path.dsv'
[11.304s] INFO:colcon.colcon_core.shell:Creating environment hook '/home/simpson/Projects/ROS2/test1/install/my_interfaces/share/my_interfaces/hook/cmake_prefix_path.sh'
[11.308s] Level 1:colcon.colcon_core.environment:checking '/home/simpson/Projects/ROS2/test1/install/my_interfaces/lib'
[11.308s] Level 1:colcon.colcon_core.shell:create_environment_hook('my_interfaces', 'ld_library_path_lib')
[11.310s] INFO:colcon.colcon_core.shell:Creating environment hook '/home/simpson/Projects/ROS2/test1/install/my_interfaces/share/my_interfaces/hook/ld_library_path_lib.ps1'
[11.312s] INFO:colcon.colcon_core.shell:Creating environment descriptor '/home/simpson/Projects/ROS2/test1/install/my_interfaces/share/my_interfaces/hook/ld_library_path_lib.dsv'
[11.313s] INFO:colcon.colcon_core.shell:Creating environment hook '/home/simpson/Projects/ROS2/test1/install/my_interfaces/share/my_interfaces/hook/ld_library_path_lib.sh'
[11.315s] Level 1:colcon.colcon_core.environment:checking '/home/simpson/Projects/ROS2/test1/install/my_interfaces/bin'
[11.315s] Level 1:colcon.colcon_core.environment:checking '/home/simpson/Projects/ROS2/test1/install/my_interfaces/lib/pkgconfig/my_interfaces.pc'
[11.316s] Level 1:colcon.colcon_core.environment:checking '/home/simpson/Projects/ROS2/test1/install/my_interfaces/lib/python3.8/site-packages'
[11.316s] Level 1:colcon.colcon_core.shell:create_environment_hook('my_interfaces', 'pythonpath')
[11.317s] INFO:colcon.colcon_core.shell:Creating environment hook '/home/simpson/Projects/ROS2/test1/install/my_interfaces/share/my_interfaces/hook/pythonpath.ps1'
[11.319s] INFO:colcon.colcon_core.shell:Creating environment descriptor '/home/simpson/Projects/ROS2/test1/install/my_interfaces/share/my_interfaces/hook/pythonpath.dsv'
[11.321s] INFO:colcon.colcon_core.shell:Creating environment hook '/home/simpson/Projects/ROS2/test1/install/my_interfaces/share/my_interfaces/hook/pythonpath.sh'
[11.323s] Level 1:colcon.colcon_core.environment:checking '/home/simpson/Projects/ROS2/test1/install/my_interfaces/bin'
[11.325s] INFO:colcon.colcon_core.shell:Creating package script '/home/simpson/Projects/ROS2/test1/install/my_interfaces/share/my_interfaces/package.ps1'
[11.329s] INFO:colcon.colcon_core.shell:Creating package descriptor '/home/simpson/Projects/ROS2/test1/install/my_interfaces/share/my_interfaces/package.dsv'
[11.331s] INFO:colcon.colcon_core.shell:Creating package script '/home/simpson/Projects/ROS2/test1/install/my_interfaces/share/my_interfaces/package.sh'
[11.333s] INFO:colcon.colcon_core.shell:Creating package script '/home/simpson/Projects/ROS2/test1/install/my_interfaces/share/my_interfaces/package.bash'
[11.336s] INFO:colcon.colcon_core.shell:Creating package script '/home/simpson/Projects/ROS2/test1/install/my_interfaces/share/my_interfaces/package.zsh'
[11.337s] Level 1:colcon.colcon_core.environment:create_file_with_runtime_dependencies(/home/simpson/Projects/ROS2/test1/install/my_interfaces/share/colcon-core/packages/my_interfaces)
[12.184s] Level 1:colcon.colcon_core.environment:create_environment_scripts_only(my_interfaces)
[12.187s] Level 1:colcon.colcon_core.environment:checking '/home/simpson/Projects/ROS2/test1/install/my_interfaces' for CMake module files
[12.190s] Level 1:colcon.colcon_core.environment:checking '/home/simpson/Projects/ROS2/test1/install/my_interfaces' for CMake config files
[12.193s] Level 1:colcon.colcon_core.shell:create_environment_hook('my_interfaces', 'cmake_prefix_path')
[12.195s] INFO:colcon.colcon_core.shell:Creating environment hook '/home/simpson/Projects/ROS2/test1/install/my_interfaces/share/my_interfaces/hook/cmake_prefix_path.ps1'
[12.197s] INFO:colcon.colcon_core.shell:Creating environment descriptor '/home/simpson/Projects/ROS2/test1/install/my_interfaces/share/my_interfaces/hook/cmake_prefix_path.dsv'
[12.198s] INFO:colcon.colcon_core.shell:Creating environment hook '/home/simpson/Projects/ROS2/test1/install/my_interfaces/share/my_interfaces/hook/cmake_prefix_path.sh'
[12.199s] Level 1:colcon.colcon_core.environment:checking '/home/simpson/Projects/ROS2/test1/install/my_interfaces/lib'
[12.200s] Level 1:colcon.colcon_core.shell:create_environment_hook('my_interfaces', 'ld_library_path_lib')
[12.201s] INFO:colcon.colcon_core.shell:Creating environment hook '/home/simpson/Projects/ROS2/test1/install/my_interfaces/share/my_interfaces/hook/ld_library_path_lib.ps1'
[12.203s] INFO:colcon.colcon_core.shell:Creating environment descriptor '/home/simpson/Projects/ROS2/test1/install/my_interfaces/share/my_interfaces/hook/ld_library_path_lib.dsv'
[12.205s] INFO:colcon.colcon_core.shell:Creating environment hook '/home/simpson/Projects/ROS2/test1/install/my_interfaces/share/my_interfaces/hook/ld_library_path_lib.sh'
[12.206s] Level 1:colcon.colcon_core.environment:checking '/home/simpson/Projects/ROS2/test1/install/my_interfaces/bin'
[12.206s] Level 1:colcon.colcon_core.environment:checking '/home/simpson/Projects/ROS2/test1/install/my_interfaces/lib/pkgconfig/my_interfaces.pc'
[12.206s] Level 1:colcon.colcon_core.environment:checking '/home/simpson/Projects/ROS2/test1/install/my_interfaces/lib/python3.8/site-packages'
[12.206s] Level 1:colcon.colcon_core.shell:create_environment_hook('my_interfaces', 'pythonpath')
[12.208s] INFO:colcon.colcon_core.shell:Creating environment hook '/home/simpson/Projects/ROS2/test1/install/my_interfaces/share/my_interfaces/hook/pythonpath.ps1'
[12.209s] INFO:colcon.colcon_core.shell:Creating environment descriptor '/home/simpson/Projects/ROS2/test1/install/my_interfaces/share/my_interfaces/hook/pythonpath.dsv'
[12.211s] INFO:colcon.colcon_core.shell:Creating environment hook '/home/simpson/Projects/ROS2/test1/install/my_interfaces/share/my_interfaces/hook/pythonpath.sh'
[12.213s] Level 1:colcon.colcon_core.environment:checking '/home/simpson/Projects/ROS2/test1/install/my_interfaces/bin'
[12.217s] INFO:colcon.colcon_core.shell:Creating package script '/home/simpson/Projects/ROS2/test1/install/my_interfaces/share/my_interfaces/package.ps1'
[12.219s] INFO:colcon.colcon_core.shell:Creating package descriptor '/home/simpson/Projects/ROS2/test1/install/my_interfaces/share/my_interfaces/package.dsv'
[12.221s] INFO:colcon.colcon_core.shell:Creating package script '/home/simpson/Projects/ROS2/test1/install/my_interfaces/share/my_interfaces/package.sh'
[12.223s] INFO:colcon.colcon_core.shell:Creating package script '/home/simpson/Projects/ROS2/test1/install/my_interfaces/share/my_interfaces/package.bash'
[12.225s] INFO:colcon.colcon_core.shell:Creating package script '/home/simpson/Projects/ROS2/test1/install/my_interfaces/share/my_interfaces/package.zsh'
[12.226s] Level 1:colcon.colcon_core.environment:create_file_with_runtime_dependencies(/home/simpson/Projects/ROS2/test1/install/my_interfaces/share/colcon-core/packages/my_interfaces)
[12.227s] DEBUG:colcon.colcon_parallel_executor.executor.parallel:closing loop
[12.229s] DEBUG:colcon.colcon_parallel_executor.executor.parallel:loop closed
[12.229s] DEBUG:colcon.colcon_parallel_executor.executor.parallel:run_until_complete finished with '0'
[12.230s] DEBUG:colcon.colcon_core.event_reactor:joining thread
[12.254s] INFO:colcon.colcon_core.plugin_system:Skipping extension 'colcon_notification.desktop_notification.notify_send': Could not find 'notify-send'
[12.254s] INFO:colcon.colcon_core.plugin_system:Skipping extension 'colcon_notification.desktop_notification.terminal_notifier': Not used on non-Darwin systems
[12.254s] INFO:colcon.colcon_core.plugin_system:Skipping extension 'colcon_notification.desktop_notification.win32': Not used on non-Windows systems
[12.254s] INFO:colcon.colcon_notification.desktop_notification:Sending desktop notification using 'notify2'
[12.284s] DEBUG:colcon.colcon_notification.desktop_notification.notify2:Failed to initialize notify2: org.freedesktop.DBus.Error.ServiceUnknown: The name org.freedesktop.Notifications was not provided by any .service files
[12.285s] DEBUG:colcon.colcon_core.event_reactor:joined thread
[12.287s] INFO:colcon.colcon_core.shell:Creating prefix script '/home/simpson/Projects/ROS2/test1/install/local_setup.ps1'
[12.290s] INFO:colcon.colcon_core.shell:Creating prefix util module '/home/simpson/Projects/ROS2/test1/install/_local_setup_util_ps1.py'
[12.293s] INFO:colcon.colcon_core.shell:Creating prefix chain script '/home/simpson/Projects/ROS2/test1/install/setup.ps1'
[12.297s] INFO:colcon.colcon_core.shell:Creating prefix script '/home/simpson/Projects/ROS2/test1/install/local_setup.sh'
[12.299s] INFO:colcon.colcon_core.shell:Creating prefix util module '/home/simpson/Projects/ROS2/test1/install/_local_setup_util_sh.py'
[12.301s] INFO:colcon.colcon_core.shell:Creating prefix chain script '/home/simpson/Projects/ROS2/test1/install/setup.sh'
[12.306s] INFO:colcon.colcon_core.shell:Creating prefix script '/home/simpson/Projects/ROS2/test1/install/local_setup.bash'
[12.307s] INFO:colcon.colcon_core.shell:Creating prefix chain script '/home/simpson/Projects/ROS2/test1/install/setup.bash'
[12.312s] INFO:colcon.colcon_core.shell:Creating prefix script '/home/simpson/Projects/ROS2/test1/install/local_setup.zsh'
[12.313s] INFO:colcon.colcon_core.shell:Creating prefix chain script '/home/simpson/Projects/ROS2/test1/install/setup.zsh'
