[0.049s] Invoking command in '/home/simpson/Projects/ROS2/test1/build/my_interfaces': CMAKE_PREFIX_PATH=/opt/ros/foxy /usr/bin/cmake --build /home/simpson/Projects/ROS2/test1/build/my_interfaces -- -j8 -l8
[0.270s] [  1%] Built target my_interfaces__cpp
[0.285s] [ 12%] Built target my_interfaces__rosidl_generator_c
[0.440s] [ 25%] Built target my_interfaces__rosidl_typesupport_cpp
[0.447s] [ 38%] Built target my_interfaces__rosidl_typesupport_introspection_cpp
[0.452s] [ 45%] Built target my_interfaces__rosidl_typesupport_c
[0.461s] [ 61%] Built target my_interfaces__rosidl_typesupport_introspection_c
[0.464s] [ 67%] Built target my_interfaces__rosidl_typesupport_fastrtps_cpp
[0.582s] [ 78%] Built target my_interfaces__rosidl_typesupport_fastrtps_c
[0.674s] [ 78%] Built target my_interfaces
[0.767s] [ 80%] Built target my_interfaces__py
[0.873s] [ 89%] Built target my_interfaces__python
[1.003s] [ 92%] Built target my_interfaces__rosidl_typesupport_c__pyext
[1.005s] [100%] Built target my_interfaces__rosidl_typesupport_introspection_c__pyext
[1.005s] [100%] Built target my_interfaces__rosidl_typesupport_fastrtps_c__pyext
[1.051s] Invoked command in '/home/simpson/Projects/ROS2/test1/build/my_interfaces' returned '0': CMAKE_PREFIX_PATH=/opt/ros/foxy /usr/bin/cmake --build /home/simpson/Projects/ROS2/test1/build/my_interfaces -- -j8 -l8
[1.953s] Invoking command in '/home/simpson/Projects/ROS2/test1/build/my_interfaces': CMAKE_PREFIX_PATH=/opt/ros/foxy /usr/bin/cmake --install /home/simpson/Projects/ROS2/test1/build/my_interfaces
[1.979s] -- Install configuration: ""
[1.979s] -- Up-to-date: /home/simpson/Projects/ROS2/test1/install/my_interfaces/share/ament_index/resource_index/rosidl_interfaces/my_interfaces
[1.979s] -- Up-to-date: /home/simpson/Projects/ROS2/test1/install/my_interfaces/include/my_interfaces
[1.980s] -- Up-to-date: /home/simpson/Projects/ROS2/test1/install/my_interfaces/include/my_interfaces/msg
[1.980s] -- Up-to-date: /home/simpson/Projects/ROS2/test1/install/my_interfaces/include/my_interfaces/msg/detail
[1.980s] -- Up-to-date: /home/simpson/Projects/ROS2/test1/install/my_interfaces/include/my_interfaces/msg/detail/num__functions.c
[1.980s] -- Up-to-date: /home/simpson/Projects/ROS2/test1/install/my_interfaces/include/my_interfaces/msg/detail/num__functions.h
[1.981s] -- Up-to-date: /home/simpson/Projects/ROS2/test1/install/my_interfaces/include/my_interfaces/msg/detail/num__struct.h
[1.981s] -- Up-to-date: /home/simpson/Projects/ROS2/test1/install/my_interfaces/include/my_interfaces/msg/detail/num__type_support.h
[1.981s] -- Up-to-date: /home/simpson/Projects/ROS2/test1/install/my_interfaces/include/my_interfaces/msg/detail/sphere__functions.c
[1.981s] -- Up-to-date: /home/simpson/Projects/ROS2/test1/install/my_interfaces/include/my_interfaces/msg/detail/sphere__functions.h
[1.981s] -- Up-to-date: /home/simpson/Projects/ROS2/test1/install/my_interfaces/include/my_interfaces/msg/detail/sphere__struct.h
[1.981s] -- Up-to-date: /home/simpson/Projects/ROS2/test1/install/my_interfaces/include/my_interfaces/msg/detail/sphere__type_support.h
[1.981s] -- Up-to-date: /home/simpson/Projects/ROS2/test1/install/my_interfaces/include/my_interfaces/msg/detail/target_coordinates__functions.c
[1.982s] -- Up-to-date: /home/simpson/Projects/ROS2/test1/install/my_interfaces/include/my_interfaces/msg/detail/target_coordinates__functions.h
[1.982s] -- Up-to-date: /home/simpson/Projects/ROS2/test1/install/my_interfaces/include/my_interfaces/msg/detail/target_coordinates__struct.h
[1.982s] -- Up-to-date: /home/simpson/Projects/ROS2/test1/install/my_interfaces/include/my_interfaces/msg/detail/target_coordinates__type_support.h
[1.982s] -- Up-to-date: /home/simpson/Projects/ROS2/test1/install/my_interfaces/include/my_interfaces/msg/num.h
[1.982s] -- Up-to-date: /home/simpson/Projects/ROS2/test1/install/my_interfaces/include/my_interfaces/msg/rosidl_generator_c__visibility_control.h
[1.982s] -- Up-to-date: /home/simpson/Projects/ROS2/test1/install/my_interfaces/include/my_interfaces/msg/sphere.h
[1.982s] -- Up-to-date: /home/simpson/Projects/ROS2/test1/install/my_interfaces/include/my_interfaces/msg/target_coordinates.h
[1.982s] -- Up-to-date: /home/simpson/Projects/ROS2/test1/install/my_interfaces/include/my_interfaces/srv
[1.982s] -- Up-to-date: /home/simpson/Projects/ROS2/test1/install/my_interfaces/include/my_interfaces/srv/add_three_ints.h
[1.982s] -- Up-to-date: /home/simpson/Projects/ROS2/test1/install/my_interfaces/include/my_interfaces/srv/add_two_ints.h
[1.982s] -- Up-to-date: /home/simpson/Projects/ROS2/test1/install/my_interfaces/include/my_interfaces/srv/detail
[1.983s] -- Up-to-date: /home/simpson/Projects/ROS2/test1/install/my_interfaces/include/my_interfaces/srv/detail/add_three_ints__functions.c
[1.983s] -- Up-to-date: /home/simpson/Projects/ROS2/test1/install/my_interfaces/include/my_interfaces/srv/detail/add_three_ints__functions.h
[1.983s] -- Up-to-date: /home/simpson/Projects/ROS2/test1/install/my_interfaces/include/my_interfaces/srv/detail/add_three_ints__struct.h
[1.983s] -- Up-to-date: /home/simpson/Projects/ROS2/test1/install/my_interfaces/include/my_interfaces/srv/detail/add_three_ints__type_support.h
[1.983s] -- Up-to-date: /home/simpson/Projects/ROS2/test1/install/my_interfaces/include/my_interfaces/srv/detail/add_two_ints__functions.c
[1.983s] -- Up-to-date: /home/simpson/Projects/ROS2/test1/install/my_interfaces/include/my_interfaces/srv/detail/add_two_ints__functions.h
[1.983s] -- Up-to-date: /home/simpson/Projects/ROS2/test1/install/my_interfaces/include/my_interfaces/srv/detail/add_two_ints__struct.h
[1.983s] -- Up-to-date: /home/simpson/Projects/ROS2/test1/install/my_interfaces/include/my_interfaces/srv/detail/add_two_ints__type_support.h
[1.983s] -- Up-to-date: /home/simpson/Projects/ROS2/test1/install/my_interfaces/share/my_interfaces/environment/library_path.sh
[1.983s] -- Up-to-date: /home/simpson/Projects/ROS2/test1/install/my_interfaces/share/my_interfaces/environment/library_path.dsv
[1.983s] -- Up-to-date: /home/simpson/Projects/ROS2/test1/install/my_interfaces/lib/libmy_interfaces__rosidl_generator_c.so
[1.984s] -- Up-to-date: /home/simpson/Projects/ROS2/test1/install/my_interfaces/include/my_interfaces
[1.984s] -- Up-to-date: /home/simpson/Projects/ROS2/test1/install/my_interfaces/include/my_interfaces/msg
[1.984s] -- Up-to-date: /home/simpson/Projects/ROS2/test1/install/my_interfaces/include/my_interfaces/msg/detail
[1.984s] -- Up-to-date: /home/simpson/Projects/ROS2/test1/install/my_interfaces/include/my_interfaces/msg/detail/num__rosidl_typesupport_fastrtps_c.h
[1.984s] -- Up-to-date: /home/simpson/Projects/ROS2/test1/install/my_interfaces/include/my_interfaces/msg/detail/sphere__rosidl_typesupport_fastrtps_c.h
[1.984s] -- Up-to-date: /home/simpson/Projects/ROS2/test1/install/my_interfaces/include/my_interfaces/msg/detail/target_coordinates__rosidl_typesupport_fastrtps_c.h
[1.984s] -- Up-to-date: /home/simpson/Projects/ROS2/test1/install/my_interfaces/include/my_interfaces/msg/rosidl_typesupport_fastrtps_c__visibility_control.h
[1.984s] -- Up-to-date: /home/simpson/Projects/ROS2/test1/install/my_interfaces/include/my_interfaces/srv
[1.984s] -- Up-to-date: /home/simpson/Projects/ROS2/test1/install/my_interfaces/include/my_interfaces/srv/detail
[1.984s] -- Up-to-date: /home/simpson/Projects/ROS2/test1/install/my_interfaces/include/my_interfaces/srv/detail/add_three_ints__rosidl_typesupport_fastrtps_c.h
[1.984s] -- Up-to-date: /home/simpson/Projects/ROS2/test1/install/my_interfaces/include/my_interfaces/srv/detail/add_two_ints__rosidl_typesupport_fastrtps_c.h
[1.984s] -- Up-to-date: /home/simpson/Projects/ROS2/test1/install/my_interfaces/lib/libmy_interfaces__rosidl_typesupport_fastrtps_c.so
[1.985s] -- Up-to-date: /home/simpson/Projects/ROS2/test1/install/my_interfaces/include/my_interfaces
[1.985s] -- Up-to-date: /home/simpson/Projects/ROS2/test1/install/my_interfaces/include/my_interfaces/msg
[1.985s] -- Up-to-date: /home/simpson/Projects/ROS2/test1/install/my_interfaces/include/my_interfaces/msg/detail
[1.986s] -- Up-to-date: /home/simpson/Projects/ROS2/test1/install/my_interfaces/include/my_interfaces/msg/detail/dds_fastrtps
[1.986s] -- Up-to-date: /home/simpson/Projects/ROS2/test1/install/my_interfaces/include/my_interfaces/msg/detail/num__rosidl_typesupport_fastrtps_cpp.hpp
[1.986s] -- Up-to-date: /home/simpson/Projects/ROS2/test1/install/my_interfaces/include/my_interfaces/msg/detail/sphere__rosidl_typesupport_fastrtps_cpp.hpp
[1.986s] -- Up-to-date: /home/simpson/Projects/ROS2/test1/install/my_interfaces/include/my_interfaces/msg/detail/target_coordinates__rosidl_typesupport_fastrtps_cpp.hpp
[1.986s] -- Up-to-date: /home/simpson/Projects/ROS2/test1/install/my_interfaces/include/my_interfaces/msg/rosidl_typesupport_fastrtps_cpp__visibility_control.h
[1.986s] -- Up-to-date: /home/simpson/Projects/ROS2/test1/install/my_interfaces/include/my_interfaces/srv
[1.986s] -- Up-to-date: /home/simpson/Projects/ROS2/test1/install/my_interfaces/include/my_interfaces/srv/detail
[1.986s] -- Up-to-date: /home/simpson/Projects/ROS2/test1/install/my_interfaces/include/my_interfaces/srv/detail/add_three_ints__rosidl_typesupport_fastrtps_cpp.hpp
[1.986s] -- Up-to-date: /home/simpson/Projects/ROS2/test1/install/my_interfaces/include/my_interfaces/srv/detail/add_two_ints__rosidl_typesupport_fastrtps_cpp.hpp
[1.987s] -- Up-to-date: /home/simpson/Projects/ROS2/test1/install/my_interfaces/include/my_interfaces/srv/detail/dds_fastrtps
[1.987s] -- Up-to-date: /home/simpson/Projects/ROS2/test1/install/my_interfaces/lib/libmy_interfaces__rosidl_typesupport_fastrtps_cpp.so
[1.988s] -- Up-to-date: /home/simpson/Projects/ROS2/test1/install/my_interfaces/include/my_interfaces
[1.988s] -- Up-to-date: /home/simpson/Projects/ROS2/test1/install/my_interfaces/include/my_interfaces/msg
[1.988s] -- Up-to-date: /home/simpson/Projects/ROS2/test1/install/my_interfaces/include/my_interfaces/msg/detail
[1.988s] -- Up-to-date: /home/simpson/Projects/ROS2/test1/install/my_interfaces/include/my_interfaces/msg/detail/num__rosidl_typesupport_introspection_c.h
[1.988s] -- Up-to-date: /home/simpson/Projects/ROS2/test1/install/my_interfaces/include/my_interfaces/msg/detail/num__type_support.c
[1.988s] -- Up-to-date: /home/simpson/Projects/ROS2/test1/install/my_interfaces/include/my_interfaces/msg/detail/sphere__rosidl_typesupport_introspection_c.h
[1.989s] -- Up-to-date: /home/simpson/Projects/ROS2/test1/install/my_interfaces/include/my_interfaces/msg/detail/sphere__type_support.c
[1.989s] -- Up-to-date: /home/simpson/Projects/ROS2/test1/install/my_interfaces/include/my_interfaces/msg/detail/target_coordinates__rosidl_typesupport_introspection_c.h
[1.989s] -- Up-to-date: /home/simpson/Projects/ROS2/test1/install/my_interfaces/include/my_interfaces/msg/detail/target_coordinates__type_support.c
[1.989s] -- Up-to-date: /home/simpson/Projects/ROS2/test1/install/my_interfaces/include/my_interfaces/msg/rosidl_typesupport_introspection_c__visibility_control.h
[1.989s] -- Up-to-date: /home/simpson/Projects/ROS2/test1/install/my_interfaces/include/my_interfaces/srv
[1.989s] -- Up-to-date: /home/simpson/Projects/ROS2/test1/install/my_interfaces/include/my_interfaces/srv/detail
[1.989s] -- Up-to-date: /home/simpson/Projects/ROS2/test1/install/my_interfaces/include/my_interfaces/srv/detail/add_three_ints__rosidl_typesupport_introspection_c.h
[1.989s] -- Up-to-date: /home/simpson/Projects/ROS2/test1/install/my_interfaces/include/my_interfaces/srv/detail/add_three_ints__type_support.c
[1.989s] -- Up-to-date: /home/simpson/Projects/ROS2/test1/install/my_interfaces/include/my_interfaces/srv/detail/add_two_ints__rosidl_typesupport_introspection_c.h
[1.990s] -- Up-to-date: /home/simpson/Projects/ROS2/test1/install/my_interfaces/include/my_interfaces/srv/detail/add_two_ints__type_support.c
[1.990s] -- Up-to-date: /home/simpson/Projects/ROS2/test1/install/my_interfaces/lib/libmy_interfaces__rosidl_typesupport_introspection_c.so
[1.991s] -- Up-to-date: /home/simpson/Projects/ROS2/test1/install/my_interfaces/lib/libmy_interfaces__rosidl_typesupport_c.so
[1.991s] -- Up-to-date: /home/simpson/Projects/ROS2/test1/install/my_interfaces/include/my_interfaces
[1.991s] -- Up-to-date: /home/simpson/Projects/ROS2/test1/install/my_interfaces/include/my_interfaces/msg
[1.992s] -- Up-to-date: /home/simpson/Projects/ROS2/test1/install/my_interfaces/include/my_interfaces/msg/detail
[1.992s] -- Up-to-date: /home/simpson/Projects/ROS2/test1/install/my_interfaces/include/my_interfaces/msg/detail/num__builder.hpp
[1.992s] -- Up-to-date: /home/simpson/Projects/ROS2/test1/install/my_interfaces/include/my_interfaces/msg/detail/num__struct.hpp
[1.992s] -- Up-to-date: /home/simpson/Projects/ROS2/test1/install/my_interfaces/include/my_interfaces/msg/detail/num__traits.hpp
[1.992s] -- Up-to-date: /home/simpson/Projects/ROS2/test1/install/my_interfaces/include/my_interfaces/msg/detail/sphere__builder.hpp
[1.992s] -- Up-to-date: /home/simpson/Projects/ROS2/test1/install/my_interfaces/include/my_interfaces/msg/detail/sphere__struct.hpp
[1.992s] -- Up-to-date: /home/simpson/Projects/ROS2/test1/install/my_interfaces/include/my_interfaces/msg/detail/sphere__traits.hpp
[1.992s] -- Up-to-date: /home/simpson/Projects/ROS2/test1/install/my_interfaces/include/my_interfaces/msg/detail/target_coordinates__builder.hpp
[1.992s] -- Up-to-date: /home/simpson/Projects/ROS2/test1/install/my_interfaces/include/my_interfaces/msg/detail/target_coordinates__struct.hpp
[1.993s] -- Up-to-date: /home/simpson/Projects/ROS2/test1/install/my_interfaces/include/my_interfaces/msg/detail/target_coordinates__traits.hpp
[1.993s] -- Up-to-date: /home/simpson/Projects/ROS2/test1/install/my_interfaces/include/my_interfaces/msg/num.hpp
[1.993s] -- Up-to-date: /home/simpson/Projects/ROS2/test1/install/my_interfaces/include/my_interfaces/msg/sphere.hpp
[1.993s] -- Up-to-date: /home/simpson/Projects/ROS2/test1/install/my_interfaces/include/my_interfaces/msg/target_coordinates.hpp
[1.993s] -- Up-to-date: /home/simpson/Projects/ROS2/test1/install/my_interfaces/include/my_interfaces/srv
[1.993s] -- Up-to-date: /home/simpson/Projects/ROS2/test1/install/my_interfaces/include/my_interfaces/srv/add_three_ints.hpp
[1.993s] -- Up-to-date: /home/simpson/Projects/ROS2/test1/install/my_interfaces/include/my_interfaces/srv/add_two_ints.hpp
[1.993s] -- Up-to-date: /home/simpson/Projects/ROS2/test1/install/my_interfaces/include/my_interfaces/srv/detail
[1.993s] -- Up-to-date: /home/simpson/Projects/ROS2/test1/install/my_interfaces/include/my_interfaces/srv/detail/add_three_ints__builder.hpp
[1.993s] -- Up-to-date: /home/simpson/Projects/ROS2/test1/install/my_interfaces/include/my_interfaces/srv/detail/add_three_ints__struct.hpp
[1.993s] -- Up-to-date: /home/simpson/Projects/ROS2/test1/install/my_interfaces/include/my_interfaces/srv/detail/add_three_ints__traits.hpp
[1.993s] -- Up-to-date: /home/simpson/Projects/ROS2/test1/install/my_interfaces/include/my_interfaces/srv/detail/add_two_ints__builder.hpp
[1.994s] -- Up-to-date: /home/simpson/Projects/ROS2/test1/install/my_interfaces/include/my_interfaces/srv/detail/add_two_ints__struct.hpp
[1.994s] -- Up-to-date: /home/simpson/Projects/ROS2/test1/install/my_interfaces/include/my_interfaces/srv/detail/add_two_ints__traits.hpp
[1.994s] -- Up-to-date: /home/simpson/Projects/ROS2/test1/install/my_interfaces/include/my_interfaces
[1.994s] -- Up-to-date: /home/simpson/Projects/ROS2/test1/install/my_interfaces/include/my_interfaces/msg
[1.994s] -- Up-to-date: /home/simpson/Projects/ROS2/test1/install/my_interfaces/include/my_interfaces/msg/detail
[1.994s] -- Up-to-date: /home/simpson/Projects/ROS2/test1/install/my_interfaces/include/my_interfaces/msg/detail/num__rosidl_typesupport_introspection_cpp.hpp
[1.994s] -- Up-to-date: /home/simpson/Projects/ROS2/test1/install/my_interfaces/include/my_interfaces/msg/detail/num__type_support.cpp
[1.994s] -- Up-to-date: /home/simpson/Projects/ROS2/test1/install/my_interfaces/include/my_interfaces/msg/detail/sphere__rosidl_typesupport_introspection_cpp.hpp
[1.994s] -- Up-to-date: /home/simpson/Projects/ROS2/test1/install/my_interfaces/include/my_interfaces/msg/detail/sphere__type_support.cpp
[1.994s] -- Up-to-date: /home/simpson/Projects/ROS2/test1/install/my_interfaces/include/my_interfaces/msg/detail/target_coordinates__rosidl_typesupport_introspection_cpp.hpp
[1.995s] -- Up-to-date: /home/simpson/Projects/ROS2/test1/install/my_interfaces/include/my_interfaces/msg/detail/target_coordinates__type_support.cpp
[1.995s] -- Up-to-date: /home/simpson/Projects/ROS2/test1/install/my_interfaces/include/my_interfaces/srv
[1.995s] -- Up-to-date: /home/simpson/Projects/ROS2/test1/install/my_interfaces/include/my_interfaces/srv/detail
[1.995s] -- Up-to-date: /home/simpson/Projects/ROS2/test1/install/my_interfaces/include/my_interfaces/srv/detail/add_three_ints__rosidl_typesupport_introspection_cpp.hpp
[1.995s] -- Up-to-date: /home/simpson/Projects/ROS2/test1/install/my_interfaces/include/my_interfaces/srv/detail/add_three_ints__type_support.cpp
[1.995s] -- Up-to-date: /home/simpson/Projects/ROS2/test1/install/my_interfaces/include/my_interfaces/srv/detail/add_two_ints__rosidl_typesupport_introspection_cpp.hpp
[1.995s] -- Up-to-date: /home/simpson/Projects/ROS2/test1/install/my_interfaces/include/my_interfaces/srv/detail/add_two_ints__type_support.cpp
[1.995s] -- Up-to-date: /home/simpson/Projects/ROS2/test1/install/my_interfaces/lib/libmy_interfaces__rosidl_typesupport_introspection_cpp.so
[1.996s] -- Up-to-date: /home/simpson/Projects/ROS2/test1/install/my_interfaces/lib/libmy_interfaces__rosidl_typesupport_cpp.so
[1.997s] -- Up-to-date: /home/simpson/Projects/ROS2/test1/install/my_interfaces/share/my_interfaces/environment/pythonpath.sh
[1.997s] -- Up-to-date: /home/simpson/Projects/ROS2/test1/install/my_interfaces/share/my_interfaces/environment/pythonpath.dsv
[1.997s] -- Up-to-date: /home/simpson/Projects/ROS2/test1/install/my_interfaces/lib/python3.8/site-packages/my_interfaces/__init__.py
[2.051s] -- Up-to-date: /home/simpson/Projects/ROS2/test1/install/my_interfaces/lib/python3.8/site-packages/my_interfaces/msg
[2.051s] -- Up-to-date: /home/simpson/Projects/ROS2/test1/install/my_interfaces/lib/python3.8/site-packages/my_interfaces/msg/_num.py
[2.052s] -- Up-to-date: /home/simpson/Projects/ROS2/test1/install/my_interfaces/lib/python3.8/site-packages/my_interfaces/msg/_num_s.c
[2.052s] -- Up-to-date: /home/simpson/Projects/ROS2/test1/install/my_interfaces/lib/python3.8/site-packages/my_interfaces/msg/_sphere.py
[2.052s] -- Up-to-date: /home/simpson/Projects/ROS2/test1/install/my_interfaces/lib/python3.8/site-packages/my_interfaces/msg/_sphere_s.c
[2.052s] -- Up-to-date: /home/simpson/Projects/ROS2/test1/install/my_interfaces/lib/python3.8/site-packages/my_interfaces/msg/_target_coordinates.py
[2.052s] -- Up-to-date: /home/simpson/Projects/ROS2/test1/install/my_interfaces/lib/python3.8/site-packages/my_interfaces/msg/_target_coordinates_s.c
[2.052s] -- Up-to-date: /home/simpson/Projects/ROS2/test1/install/my_interfaces/lib/python3.8/site-packages/my_interfaces/msg/__init__.py
[2.052s] -- Up-to-date: /home/simpson/Projects/ROS2/test1/install/my_interfaces/lib/python3.8/site-packages/my_interfaces/srv
[2.052s] -- Up-to-date: /home/simpson/Projects/ROS2/test1/install/my_interfaces/lib/python3.8/site-packages/my_interfaces/srv/_add_three_ints.py
[2.053s] -- Up-to-date: /home/simpson/Projects/ROS2/test1/install/my_interfaces/lib/python3.8/site-packages/my_interfaces/srv/_add_three_ints_s.c
[2.053s] -- Up-to-date: /home/simpson/Projects/ROS2/test1/install/my_interfaces/lib/python3.8/site-packages/my_interfaces/srv/_add_two_ints.py
[2.053s] -- Up-to-date: /home/simpson/Projects/ROS2/test1/install/my_interfaces/lib/python3.8/site-packages/my_interfaces/srv/_add_two_ints_s.c
[2.053s] -- Up-to-date: /home/simpson/Projects/ROS2/test1/install/my_interfaces/lib/python3.8/site-packages/my_interfaces/srv/__init__.py
[2.053s] -- Up-to-date: /home/simpson/Projects/ROS2/test1/install/my_interfaces/lib/python3.8/site-packages/my_interfaces/my_interfaces_s__rosidl_typesupport_fastrtps_c.cpython-38-x86_64-linux-gnu.so
[2.054s] -- Up-to-date: /home/simpson/Projects/ROS2/test1/install/my_interfaces/lib/python3.8/site-packages/my_interfaces/my_interfaces_s__rosidl_typesupport_introspection_c.cpython-38-x86_64-linux-gnu.so
[2.055s] -- Up-to-date: /home/simpson/Projects/ROS2/test1/install/my_interfaces/lib/python3.8/site-packages/my_interfaces/my_interfaces_s__rosidl_typesupport_c.cpython-38-x86_64-linux-gnu.so
[2.056s] -- Up-to-date: /home/simpson/Projects/ROS2/test1/install/my_interfaces/lib/libmy_interfaces__python.so
[2.057s] -- Up-to-date: /home/simpson/Projects/ROS2/test1/install/my_interfaces/share/my_interfaces/msg/Num.idl
[2.057s] -- Up-to-date: /home/simpson/Projects/ROS2/test1/install/my_interfaces/share/my_interfaces/msg/Sphere.idl
[2.057s] -- Up-to-date: /home/simpson/Projects/ROS2/test1/install/my_interfaces/share/my_interfaces/srv/AddThreeInts.idl
[2.057s] -- Up-to-date: /home/simpson/Projects/ROS2/test1/install/my_interfaces/share/my_interfaces/srv/AddTwoInts.idl
[2.057s] -- Up-to-date: /home/simpson/Projects/ROS2/test1/install/my_interfaces/share/my_interfaces/msg/Num.msg
[2.057s] -- Up-to-date: /home/simpson/Projects/ROS2/test1/install/my_interfaces/share/my_interfaces/msg/Sphere.msg
[2.057s] -- Up-to-date: /home/simpson/Projects/ROS2/test1/install/my_interfaces/share/my_interfaces/srv/AddThreeInts.srv
[2.057s] -- Up-to-date: /home/simpson/Projects/ROS2/test1/install/my_interfaces/share/my_interfaces/srv/AddThreeInts_Request.msg
[2.057s] -- Up-to-date: /home/simpson/Projects/ROS2/test1/install/my_interfaces/share/my_interfaces/srv/AddThreeInts_Response.msg
[2.057s] -- Up-to-date: /home/simpson/Projects/ROS2/test1/install/my_interfaces/share/my_interfaces/srv/AddTwoInts.srv
[2.058s] -- Up-to-date: /home/simpson/Projects/ROS2/test1/install/my_interfaces/share/my_interfaces/srv/AddTwoInts_Request.msg
[2.058s] -- Up-to-date: /home/simpson/Projects/ROS2/test1/install/my_interfaces/share/my_interfaces/srv/AddTwoInts_Response.msg
[2.058s] -- Up-to-date: /home/simpson/Projects/ROS2/test1/install/my_interfaces/share/ament_index/resource_index/package_run_dependencies/my_interfaces
[2.058s] -- Up-to-date: /home/simpson/Projects/ROS2/test1/install/my_interfaces/share/ament_index/resource_index/parent_prefix_path/my_interfaces
[2.058s] -- Up-to-date: /home/simpson/Projects/ROS2/test1/install/my_interfaces/share/my_interfaces/environment/ament_prefix_path.sh
[2.058s] -- Up-to-date: /home/simpson/Projects/ROS2/test1/install/my_interfaces/share/my_interfaces/environment/ament_prefix_path.dsv
[2.058s] -- Up-to-date: /home/simpson/Projects/ROS2/test1/install/my_interfaces/share/my_interfaces/environment/path.sh
[2.058s] -- Up-to-date: /home/simpson/Projects/ROS2/test1/install/my_interfaces/share/my_interfaces/environment/path.dsv
[2.058s] -- Up-to-date: /home/simpson/Projects/ROS2/test1/install/my_interfaces/share/my_interfaces/local_setup.bash
[2.058s] -- Up-to-date: /home/simpson/Projects/ROS2/test1/install/my_interfaces/share/my_interfaces/local_setup.sh
[2.059s] -- Up-to-date: /home/simpson/Projects/ROS2/test1/install/my_interfaces/share/my_interfaces/local_setup.zsh
[2.059s] -- Up-to-date: /home/simpson/Projects/ROS2/test1/install/my_interfaces/share/my_interfaces/local_setup.dsv
[2.059s] -- Installing: /home/simpson/Projects/ROS2/test1/install/my_interfaces/share/my_interfaces/package.dsv
[2.061s] -- Up-to-date: /home/simpson/Projects/ROS2/test1/install/my_interfaces/share/ament_index/resource_index/packages/my_interfaces
[2.061s] -- Up-to-date: /home/simpson/Projects/ROS2/test1/install/my_interfaces/share/my_interfaces/cmake/my_interfaces__rosidl_generator_cExport.cmake
[2.061s] -- Up-to-date: /home/simpson/Projects/ROS2/test1/install/my_interfaces/share/my_interfaces/cmake/my_interfaces__rosidl_generator_cExport-noconfig.cmake
[2.062s] -- Up-to-date: /home/simpson/Projects/ROS2/test1/install/my_interfaces/share/my_interfaces/cmake/my_interfaces__rosidl_typesupport_introspection_cExport.cmake
[2.062s] -- Up-to-date: /home/simpson/Projects/ROS2/test1/install/my_interfaces/share/my_interfaces/cmake/my_interfaces__rosidl_typesupport_introspection_cExport-noconfig.cmake
[2.062s] -- Up-to-date: /home/simpson/Projects/ROS2/test1/install/my_interfaces/share/my_interfaces/cmake/my_interfaces__rosidl_typesupport_cExport.cmake
[2.063s] -- Up-to-date: /home/simpson/Projects/ROS2/test1/install/my_interfaces/share/my_interfaces/cmake/my_interfaces__rosidl_typesupport_cExport-noconfig.cmake
[2.063s] -- Up-to-date: /home/simpson/Projects/ROS2/test1/install/my_interfaces/share/my_interfaces/cmake/my_interfaces__rosidl_generator_cppExport.cmake
[2.064s] -- Up-to-date: /home/simpson/Projects/ROS2/test1/install/my_interfaces/share/my_interfaces/cmake/my_interfaces__rosidl_typesupport_introspection_cppExport.cmake
[2.064s] -- Up-to-date: /home/simpson/Projects/ROS2/test1/install/my_interfaces/share/my_interfaces/cmake/my_interfaces__rosidl_typesupport_introspection_cppExport-noconfig.cmake
[2.064s] -- Up-to-date: /home/simpson/Projects/ROS2/test1/install/my_interfaces/share/my_interfaces/cmake/my_interfaces__rosidl_typesupport_cppExport.cmake
[2.064s] -- Up-to-date: /home/simpson/Projects/ROS2/test1/install/my_interfaces/share/my_interfaces/cmake/my_interfaces__rosidl_typesupport_cppExport-noconfig.cmake
[2.064s] -- Up-to-date: /home/simpson/Projects/ROS2/test1/install/my_interfaces/share/my_interfaces/cmake/rosidl_cmake-extras.cmake
[2.064s] -- Up-to-date: /home/simpson/Projects/ROS2/test1/install/my_interfaces/share/my_interfaces/cmake/ament_cmake_export_dependencies-extras.cmake
[2.065s] -- Up-to-date: /home/simpson/Projects/ROS2/test1/install/my_interfaces/share/my_interfaces/cmake/ament_cmake_export_libraries-extras.cmake
[2.065s] -- Up-to-date: /home/simpson/Projects/ROS2/test1/install/my_interfaces/share/my_interfaces/cmake/ament_cmake_export_targets-extras.cmake
[2.065s] -- Up-to-date: /home/simpson/Projects/ROS2/test1/install/my_interfaces/share/my_interfaces/cmake/ament_cmake_export_include_directories-extras.cmake
[2.065s] -- Up-to-date: /home/simpson/Projects/ROS2/test1/install/my_interfaces/share/my_interfaces/cmake/rosidl_cmake_export_typesupport_libraries-extras.cmake
[2.065s] -- Up-to-date: /home/simpson/Projects/ROS2/test1/install/my_interfaces/share/my_interfaces/cmake/rosidl_cmake_export_typesupport_targets-extras.cmake
[2.065s] -- Up-to-date: /home/simpson/Projects/ROS2/test1/install/my_interfaces/share/my_interfaces/cmake/my_interfacesConfig.cmake
[2.065s] -- Up-to-date: /home/simpson/Projects/ROS2/test1/install/my_interfaces/share/my_interfaces/cmake/my_interfacesConfig-version.cmake
[2.065s] -- Up-to-date: /home/simpson/Projects/ROS2/test1/install/my_interfaces/share/my_interfaces/package.xml
[2.071s] Invoked command in '/home/simpson/Projects/ROS2/test1/build/my_interfaces' returned '0': CMAKE_PREFIX_PATH=/opt/ros/foxy /usr/bin/cmake --install /home/simpson/Projects/ROS2/test1/build/my_interfaces
