[0.059s] Invoking command in '/home/simpson/Projects/ROS2/test1/build/cpp_pubsub': CMAKE_PREFIX_PATH=${CMAKE_PREFIX_PATH}:/opt/ros/foxy /usr/bin/cmake /home/simpson/Projects/ROS2/test1/src/cpp_pubsub -DCMAKE_INSTALL_PREFIX=/home/simpson/Projects/ROS2/test1/install/cpp_pubsub
[0.329s] -- The C compiler identification is GNU 9.4.0
[0.510s] -- The CXX compiler identification is GNU 9.4.0
[0.534s] -- Check for working C compiler: /usr/bin/cc
[0.913s] -- Check for working C compiler: /usr/bin/cc -- works
[0.915s] -- Detecting C compiler ABI info
[1.238s] -- Detecting C compiler ABI info - done
[1.252s] -- Detecting C compile features
[1.252s] -- Detecting C compile features - done
[1.267s] -- Check for working CXX compiler: /usr/bin/c++
[1.635s] -- Check for working CXX compiler: /usr/bin/c++ -- works
[1.637s] -- Detecting CXX compiler ABI info
[1.991s] -- Detecting CXX compiler ABI info - done
[2.005s] -- Detecting CXX compile features
[2.006s] -- Detecting CXX compile features - done
[2.023s] -- Found ament_cmake: 0.9.11 (/opt/ros/foxy/share/ament_cmake/cmake)
[2.073s] -- Found PythonInterp: /usr/bin/python3 (found suitable version "3.8.10", minimum required is "3") 
[2.073s] -- Using PYTHON_EXECUTABLE: /usr/bin/python3
[2.456s] -- Found rclcpp: 2.4.2 (/opt/ros/foxy/share/rclcpp/cmake)
[2.757s] -- Using all available rosidl_typesupport_c: rosidl_typesupport_fastrtps_c;rosidl_typesupport_introspection_c
[2.772s] -- Found rosidl_adapter: 1.3.0 (/opt/ros/foxy/share/rosidl_adapter/cmake)
[3.275s] -- Found OpenSSL: /usr/lib/x86_64-linux-gnu/libcrypto.so (found version "1.1.1f")  
[3.470s] -- Found FastRTPS: /opt/ros/foxy/include  
[3.847s] -- Using all available rosidl_typesupport_cpp: rosidl_typesupport_fastrtps_cpp;rosidl_typesupport_introspection_cpp
[4.134s] -- Found rmw_implementation_cmake: 1.0.3 (/opt/ros/foxy/share/rmw_implementation_cmake/cmake)
[4.168s] -- Using RMW implementation 'rmw_fastrtps_cpp' as default
[4.205s] -- Looking for pthread.h
[4.592s] -- Looking for pthread.h - found
[4.593s] -- Performing Test CMAKE_HAVE_LIBC_PTHREAD
[4.963s] -- Performing Test CMAKE_HAVE_LIBC_PTHREAD - Failed
[4.964s] -- Looking for pthread_create in pthreads
[5.356s] -- Looking for pthread_create in pthreads - not found
[5.357s] -- Looking for pthread_create in pthread
[5.706s] -- Looking for pthread_create in pthread - found
[5.708s] -- Found Threads: TRUE  
[6.304s] -- Found ament_lint_auto: 0.9.7 (/opt/ros/foxy/share/ament_lint_auto/cmake)
[6.486s] -- Added test 'copyright' to check source files copyright and LICENSE
[6.491s] -- Added test 'cppcheck' to perform static code analysis on C / C++ code
[6.491s] -- Configured cppcheck include dirs: 
[6.491s] -- Configured cppcheck exclude dirs and/or files: 
[6.495s] -- Added test 'cpplint' to check C / C++ code against the Google style
[6.495s] -- Configured cpplint exclude dirs and/or files: 
[6.498s] -- Added test 'lint_cmake' to check CMake code style
[6.503s] -- Added test 'uncrustify' to check C / C++ code style
[6.503s] -- Configured uncrustify additional arguments: 
[6.505s] -- Added test 'xmllint' to check XML markup files
[6.529s] -- Configuring done
[6.604s] -- Generating done
[6.635s] -- Build files have been written to: /home/simpson/Projects/ROS2/test1/build/cpp_pubsub
[6.650s] Invoked command in '/home/simpson/Projects/ROS2/test1/build/cpp_pubsub' returned '0': CMAKE_PREFIX_PATH=${CMAKE_PREFIX_PATH}:/opt/ros/foxy /usr/bin/cmake /home/simpson/Projects/ROS2/test1/src/cpp_pubsub -DCMAKE_INSTALL_PREFIX=/home/simpson/Projects/ROS2/test1/install/cpp_pubsub
[6.659s] Invoking command in '/home/simpson/Projects/ROS2/test1/build/cpp_pubsub': CMAKE_PREFIX_PATH=${CMAKE_PREFIX_PATH}:/opt/ros/foxy /usr/bin/cmake --build /home/simpson/Projects/ROS2/test1/build/cpp_pubsub -- -j8 -l8
[6.880s] [35m[1mScanning dependencies of target listener[0m
[6.880s] [35m[1mScanning dependencies of target talker[0m
[8.440s] [ 50%] [32mBuilding CXX object CMakeFiles/talker.dir/src/publisher_member_function.cpp.o[0m
[8.440s] [ 50%] [32mBuilding CXX object CMakeFiles/listener.dir/src/subscriber_member_function.cpp.o[0m
[12.588s] [ 75%] [32m[1mLinking CXX executable talker[0m
[13.089s] [ 75%] Built target talker
[15.259s] [100%] [32m[1mLinking CXX executable listener[0m
[15.717s] [100%] Built target listener
[15.760s] Invoked command in '/home/simpson/Projects/ROS2/test1/build/cpp_pubsub' returned '0': CMAKE_PREFIX_PATH=${CMAKE_PREFIX_PATH}:/opt/ros/foxy /usr/bin/cmake --build /home/simpson/Projects/ROS2/test1/build/cpp_pubsub -- -j8 -l8
[16.012s] Invoking command in '/home/simpson/Projects/ROS2/test1/build/cpp_pubsub': CMAKE_PREFIX_PATH=${CMAKE_PREFIX_PATH}:/opt/ros/foxy /usr/bin/cmake --install /home/simpson/Projects/ROS2/test1/build/cpp_pubsub
[16.049s] -- Install configuration: ""
[16.050s] -- Installing: /home/simpson/Projects/ROS2/test1/install/cpp_pubsub/lib/cpp_pubsub/talker
[16.070s] -- Set runtime path of "/home/simpson/Projects/ROS2/test1/install/cpp_pubsub/lib/cpp_pubsub/talker" to ""
[16.070s] -- Installing: /home/simpson/Projects/ROS2/test1/install/cpp_pubsub/lib/cpp_pubsub/listener
[16.092s] -- Set runtime path of "/home/simpson/Projects/ROS2/test1/install/cpp_pubsub/lib/cpp_pubsub/listener" to ""
[16.093s] -- Installing: /home/simpson/Projects/ROS2/test1/install/cpp_pubsub/share/ament_index/resource_index/package_run_dependencies/cpp_pubsub
[16.100s] -- Installing: /home/simpson/Projects/ROS2/test1/install/cpp_pubsub/share/ament_index/resource_index/parent_prefix_path/cpp_pubsub
[16.103s] -- Installing: /home/simpson/Projects/ROS2/test1/install/cpp_pubsub/share/cpp_pubsub/environment/ament_prefix_path.sh
[16.105s] -- Installing: /home/simpson/Projects/ROS2/test1/install/cpp_pubsub/share/cpp_pubsub/environment/ament_prefix_path.dsv
[16.111s] -- Installing: /home/simpson/Projects/ROS2/test1/install/cpp_pubsub/share/cpp_pubsub/environment/path.sh
[16.112s] -- Installing: /home/simpson/Projects/ROS2/test1/install/cpp_pubsub/share/cpp_pubsub/environment/path.dsv
[16.114s] -- Installing: /home/simpson/Projects/ROS2/test1/install/cpp_pubsub/share/cpp_pubsub/local_setup.bash
[16.116s] -- Installing: /home/simpson/Projects/ROS2/test1/install/cpp_pubsub/share/cpp_pubsub/local_setup.sh
[16.119s] -- Installing: /home/simpson/Projects/ROS2/test1/install/cpp_pubsub/share/cpp_pubsub/local_setup.zsh
[16.121s] -- Installing: /home/simpson/Projects/ROS2/test1/install/cpp_pubsub/share/cpp_pubsub/local_setup.dsv
[16.126s] -- Installing: /home/simpson/Projects/ROS2/test1/install/cpp_pubsub/share/cpp_pubsub/package.dsv
[16.132s] -- Installing: /home/simpson/Projects/ROS2/test1/install/cpp_pubsub/share/ament_index/resource_index/packages/cpp_pubsub
[16.133s] -- Installing: /home/simpson/Projects/ROS2/test1/install/cpp_pubsub/share/cpp_pubsub/cmake/cpp_pubsubConfig.cmake
[16.136s] -- Installing: /home/simpson/Projects/ROS2/test1/install/cpp_pubsub/share/cpp_pubsub/cmake/cpp_pubsubConfig-version.cmake
[16.138s] -- Installing: /home/simpson/Projects/ROS2/test1/install/cpp_pubsub/share/cpp_pubsub/package.xml
[16.144s] Invoked command in '/home/simpson/Projects/ROS2/test1/build/cpp_pubsub' returned '0': CMAKE_PREFIX_PATH=${CMAKE_PREFIX_PATH}:/opt/ros/foxy /usr/bin/cmake --install /home/simpson/Projects/ROS2/test1/build/cpp_pubsub
